
Attaching package: ‘dplyr’

The following objects are masked from ‘package:stats’:

    filter, lag

The following objects are masked from ‘package:base’:

    intersect, setdiff, setequal, union

##### Chromosome 7 : NC_029262.1 ##### 
---------------------------- 
VCF 
---------------------------- 
head(snp_counts) 
  V1   V2 V3 V4   V5  V6
1  7 1017  2 20 A:20 G:0
2  7 1025  2 18 A:18 G:0
3  7 1032  2 18 A:18 G:0
4  7 1033  2 18 A:18 C:0
5  7 1046  2 14 A:14 G:0
6  7 1066  2 10 A:10 G:0
  CHROM  POS N_ALLELES N_CHR {ALLELE:COUNT}_REF {ALLELE:COUNT}_ALT
1     7 1017         2    20               A:20                G:0
2     7 1025         2    18               A:18                G:0
3     7 1032         2    18               A:18                G:0
4     7 1033         2    18               A:18                C:0
5     7 1046         2    14               A:14                G:0
6     7 1066         2    10               A:10                G:0
  CHROM  POS N_ALLELES N_CHR {ALLELE:COUNT}_REF {ALLELE:COUNT}_ALT REF ALT
1     7 1017         2    20               A:20                G:0   A   G
2     7 1025         2    18               A:18                G:0   A   G
3     7 1032         2    18               A:18                G:0   A   G
4     7 1033         2    18               A:18                C:0   A   C
5     7 1046         2    14               A:14                G:0   A   G
6     7 1066         2    10               A:10                G:0   A   G
  count_REF count_ALT
1        20         0
2        18         0
3        18         0
4        18         0
5        14         0
6        10         0
  CHROM  POS N_ALLELES N_CHR {ALLELE:COUNT}_REF {ALLELE:COUNT}_ALT REF ALT
1     7 1017         2    20               A:20                G:0   A   G
2     7 1025         2    18               A:18                G:0   A   G
3     7 1032         2    18               A:18                G:0   A   G
4     7 1033         2    18               A:18                C:0   A   C
5     7 1046         2    14               A:14                G:0   A   G
6     7 1066         2    10               A:10                G:0   A   G
  count_REF count_ALT count_A count_T count_C count_G
1        20         0      20       0       0       0
2        18         0      18       0       0       0
3        18         0      18       0       0       0
4        18         0      18       0       0       0
5        14         0      14       0       0       0
6        10         0      10       0       0       0
  CHROM  POS N_ALLELES N_CHR {ALLELE:COUNT}_REF {ALLELE:COUNT}_ALT REF ALT
1     7 1017         2    20               A:20                G:0   A   G
2     7 1025         2    18               A:18                G:0   A   G
3     7 1032         2    18               A:18                G:0   A   G
4     7 1033         2    18               A:18                C:0   A   C
5     7 1046         2    14               A:14                G:0   A   G
6     7 1066         2    10               A:10                G:0   A   G
  count_REF count_ALT count_A count_T count_C count_G n_genomes
1        20         0      20       0       0       0        20
2        18         0      18       0       0       0        18
3        18         0      18       0       0       0        18
4        18         0      18       0       0       0        18
5        14         0      14       0       0       0        14
6        10         0      10       0       0       0        10
[1] "A->G" "A->G" "A->G" "A->C" "A->G" "A->G"

  A->C   A->G   A->T   C->A   C->G   C->T   G->A   G->C   G->T   T->A   T->C 
 36243 149800  60304  69024  38474 361595 362592  38396  68985  60374 149241 
  T->G 
 35865 
number of mutations WS :  371149 
number of mutations SW :  862196 
# ---------------------------- # 
# WGABED - Alignement avec Cactus 
# ---------------------------- # 
          seq start  end strand
1 NC_029262.1  1138 1139      +
2 NC_029262.1  1139 1140      +
3 NC_029262.1  1140 1141      +
4 NC_029262.1  1141 1142      +
5 NC_029262.1  1142 1143      +
6 NC_029262.1  1152 1153      +
                                                                                    species
1 GCF_001433935_Oryza_sativa,GCF_000147395_Oryza_glaberrima,GCF_000231095_Oryza_brachyantha
2 GCF_001433935_Oryza_sativa,GCF_000147395_Oryza_glaberrima,GCF_000231095_Oryza_brachyantha
3 GCF_001433935_Oryza_sativa,GCF_000147395_Oryza_glaberrima,GCF_000231095_Oryza_brachyantha
4 GCF_001433935_Oryza_sativa,GCF_000147395_Oryza_glaberrima,GCF_000231095_Oryza_brachyantha
5 GCF_001433935_Oryza_sativa,GCF_000147395_Oryza_glaberrima,GCF_000231095_Oryza_brachyantha
6 GCF_001433935_Oryza_sativa,GCF_000147395_Oryza_glaberrima,GCF_000231095_Oryza_brachyantha
                        aligned_chrom        aligned_pos
1 NC_029262.1,NC_068332.1,NC_023168.2 1138,5023,17283434
2 NC_029262.1,NC_068332.1,NC_023168.2 1139,5024,17283435
3 NC_029262.1,NC_068332.1,NC_023168.2 1140,5025,17283436
4 NC_029262.1,NC_068332.1,NC_023168.2 1141,5026,17283437
5 NC_029262.1,NC_068332.1,NC_023168.2 1142,5027,17283438
6           NC_029262.1,NC_068332.1,?    1152,18621699,?
                             sequence strands score
1                               t,t,G   +,+,+   NaN
2 a----------,a----------,T----------   +,+,+   NaN
3                               g,g,G   +,+,+   NaN
4                               t,t,T   +,+,+   NaN
5                         t--,t--,TAA   +,+,+   NaN
6                               a,A,?   +,+,?   NaN
[1] 13770658
[1] 13630520
          seq start  end strand
1 NC_029262.1  1138 1139      +
2 NC_029262.1  1139 1140      +
3 NC_029262.1  1140 1141      +
4 NC_029262.1  1141 1142      +
5 NC_029262.1  1142 1143      +
6 NC_029262.1  1152 1153      +
                                                                                    species
1 GCF_001433935_Oryza_sativa,GCF_000147395_Oryza_glaberrima,GCF_000231095_Oryza_brachyantha
2 GCF_001433935_Oryza_sativa,GCF_000147395_Oryza_glaberrima,GCF_000231095_Oryza_brachyantha
3 GCF_001433935_Oryza_sativa,GCF_000147395_Oryza_glaberrima,GCF_000231095_Oryza_brachyantha
4 GCF_001433935_Oryza_sativa,GCF_000147395_Oryza_glaberrima,GCF_000231095_Oryza_brachyantha
5 GCF_001433935_Oryza_sativa,GCF_000147395_Oryza_glaberrima,GCF_000231095_Oryza_brachyantha
6 GCF_001433935_Oryza_sativa,GCF_000147395_Oryza_glaberrima,GCF_000231095_Oryza_brachyantha
                        aligned_chrom        aligned_pos
1 NC_029262.1,NC_068332.1,NC_023168.2 1138,5023,17283434
2 NC_029262.1,NC_068332.1,NC_023168.2 1139,5024,17283435
3 NC_029262.1,NC_068332.1,NC_023168.2 1140,5025,17283436
4 NC_029262.1,NC_068332.1,NC_023168.2 1141,5026,17283437
5 NC_029262.1,NC_068332.1,NC_023168.2 1142,5027,17283438
6           NC_029262.1,NC_068332.1,?    1152,18621699,?
                             sequence strands score CHROM width  POS
1                               t,t,G   +,+,+   NaN     7     1 1139
2 a----------,a----------,T----------   +,+,+   NaN     7     1 1140
3                               g,g,G   +,+,+   NaN     7     1 1141
4                               t,t,T   +,+,+   NaN     7     1 1142
5                         t--,t--,TAA   +,+,+   NaN     7     1 1143
6                               a,A,?   +,+,?   NaN     7     1 1153
          seq start  end strand
1 NC_029262.1  1138 1139      +
2 NC_029262.1  1139 1140      +
3 NC_029262.1  1140 1141      +
4 NC_029262.1  1141 1142      +
5 NC_029262.1  1142 1143      +
6 NC_029262.1  1152 1153      +
                                                                                    species
1 GCF_001433935_Oryza_sativa,GCF_000147395_Oryza_glaberrima,GCF_000231095_Oryza_brachyantha
2 GCF_001433935_Oryza_sativa,GCF_000147395_Oryza_glaberrima,GCF_000231095_Oryza_brachyantha
3 GCF_001433935_Oryza_sativa,GCF_000147395_Oryza_glaberrima,GCF_000231095_Oryza_brachyantha
4 GCF_001433935_Oryza_sativa,GCF_000147395_Oryza_glaberrima,GCF_000231095_Oryza_brachyantha
5 GCF_001433935_Oryza_sativa,GCF_000147395_Oryza_glaberrima,GCF_000231095_Oryza_brachyantha
6 GCF_001433935_Oryza_sativa,GCF_000147395_Oryza_glaberrima,GCF_000231095_Oryza_brachyantha
                        aligned_chrom        aligned_pos
1 NC_029262.1,NC_068332.1,NC_023168.2 1138,5023,17283434
2 NC_029262.1,NC_068332.1,NC_023168.2 1139,5024,17283435
3 NC_029262.1,NC_068332.1,NC_023168.2 1140,5025,17283436
4 NC_029262.1,NC_068332.1,NC_023168.2 1141,5026,17283437
5 NC_029262.1,NC_068332.1,NC_023168.2 1142,5027,17283438
6           NC_029262.1,NC_068332.1,?    1152,18621699,?
                             sequence strands score CHROM width  POS
1                               t,t,G   +,+,+   NaN     7     1 1139
2 a----------,a----------,T----------   +,+,+   NaN     7     1 1140
3                               g,g,G   +,+,+   NaN     7     1 1141
4                               t,t,T   +,+,+   NaN     7     1 1142
5                         t--,t--,TAA   +,+,+   NaN     7     1 1143
6                               a,A,?   +,+,?   NaN     7     1 1153
          ref  outgroup_1  outgroup_2
1           T           T           G
2 A---------- A---------- T----------
3           G           G           G
4           T           T           T
5         T--         T--         TAA
6           A           A           ?
          seq start  end strand
1 NC_029262.1  1138 1139      +
2 NC_029262.1  1139 1140      +
3 NC_029262.1  1140 1141      +
4 NC_029262.1  1141 1142      +
5 NC_029262.1  1142 1143      +
6 NC_029262.1  1152 1153      +
                                                                                    species
1 GCF_001433935_Oryza_sativa,GCF_000147395_Oryza_glaberrima,GCF_000231095_Oryza_brachyantha
2 GCF_001433935_Oryza_sativa,GCF_000147395_Oryza_glaberrima,GCF_000231095_Oryza_brachyantha
3 GCF_001433935_Oryza_sativa,GCF_000147395_Oryza_glaberrima,GCF_000231095_Oryza_brachyantha
4 GCF_001433935_Oryza_sativa,GCF_000147395_Oryza_glaberrima,GCF_000231095_Oryza_brachyantha
5 GCF_001433935_Oryza_sativa,GCF_000147395_Oryza_glaberrima,GCF_000231095_Oryza_brachyantha
6 GCF_001433935_Oryza_sativa,GCF_000147395_Oryza_glaberrima,GCF_000231095_Oryza_brachyantha
                        aligned_chrom        aligned_pos
1 NC_029262.1,NC_068332.1,NC_023168.2 1138,5023,17283434
2 NC_029262.1,NC_068332.1,NC_023168.2 1139,5024,17283435
3 NC_029262.1,NC_068332.1,NC_023168.2 1140,5025,17283436
4 NC_029262.1,NC_068332.1,NC_023168.2 1141,5026,17283437
5 NC_029262.1,NC_068332.1,NC_023168.2 1142,5027,17283438
6           NC_029262.1,NC_068332.1,?    1152,18621699,?
                             sequence strands score CHROM width  POS  ref
1                               t,t,G   +,+,+   NaN     7     1 1139    T
2 a----------,a----------,T----------   +,+,+   NaN     7     1 1140 <NA>
3                               g,g,G   +,+,+   NaN     7     1 1141    G
4                               t,t,T   +,+,+   NaN     7     1 1142    T
5                         t--,t--,TAA   +,+,+   NaN     7     1 1143 <NA>
6                               a,A,?   +,+,?   NaN     7     1 1153    A
   outgroup_1  outgroup_2
1           T           G
2 A---------- T----------
3           G           G
4           T           T
5         T--         TAA
6           A           ?
          seq start  end strand
1 NC_029262.1  1138 1139      +
2 NC_029262.1  1139 1140      +
3 NC_029262.1  1140 1141      +
4 NC_029262.1  1141 1142      +
5 NC_029262.1  1142 1143      +
6 NC_029262.1  1152 1153      +
                                                                                    species
1 GCF_001433935_Oryza_sativa,GCF_000147395_Oryza_glaberrima,GCF_000231095_Oryza_brachyantha
2 GCF_001433935_Oryza_sativa,GCF_000147395_Oryza_glaberrima,GCF_000231095_Oryza_brachyantha
3 GCF_001433935_Oryza_sativa,GCF_000147395_Oryza_glaberrima,GCF_000231095_Oryza_brachyantha
4 GCF_001433935_Oryza_sativa,GCF_000147395_Oryza_glaberrima,GCF_000231095_Oryza_brachyantha
5 GCF_001433935_Oryza_sativa,GCF_000147395_Oryza_glaberrima,GCF_000231095_Oryza_brachyantha
6 GCF_001433935_Oryza_sativa,GCF_000147395_Oryza_glaberrima,GCF_000231095_Oryza_brachyantha
                        aligned_chrom        aligned_pos
1 NC_029262.1,NC_068332.1,NC_023168.2 1138,5023,17283434
2 NC_029262.1,NC_068332.1,NC_023168.2 1139,5024,17283435
3 NC_029262.1,NC_068332.1,NC_023168.2 1140,5025,17283436
4 NC_029262.1,NC_068332.1,NC_023168.2 1141,5026,17283437
5 NC_029262.1,NC_068332.1,NC_023168.2 1142,5027,17283438
6           NC_029262.1,NC_068332.1,?    1152,18621699,?
                             sequence strands score CHROM width  POS  ref
1                               t,t,G   +,+,+   NaN     7     1 1139    T
2 a----------,a----------,T----------   +,+,+   NaN     7     1 1140 <NA>
3                               g,g,G   +,+,+   NaN     7     1 1141    G
4                               t,t,T   +,+,+   NaN     7     1 1142    T
5                         t--,t--,TAA   +,+,+   NaN     7     1 1143 <NA>
6                               a,A,?   +,+,?   NaN     7     1 1153    A
  outgroup_1  outgroup_2
1          T           G
2       <NA> T----------
3          G           G
4          T           T
5       <NA>         TAA
6          A           ?
          seq start  end strand
1 NC_029262.1  1138 1139      +
2 NC_029262.1  1139 1140      +
3 NC_029262.1  1140 1141      +
4 NC_029262.1  1141 1142      +
5 NC_029262.1  1142 1143      +
6 NC_029262.1  1152 1153      +
                                                                                    species
1 GCF_001433935_Oryza_sativa,GCF_000147395_Oryza_glaberrima,GCF_000231095_Oryza_brachyantha
2 GCF_001433935_Oryza_sativa,GCF_000147395_Oryza_glaberrima,GCF_000231095_Oryza_brachyantha
3 GCF_001433935_Oryza_sativa,GCF_000147395_Oryza_glaberrima,GCF_000231095_Oryza_brachyantha
4 GCF_001433935_Oryza_sativa,GCF_000147395_Oryza_glaberrima,GCF_000231095_Oryza_brachyantha
5 GCF_001433935_Oryza_sativa,GCF_000147395_Oryza_glaberrima,GCF_000231095_Oryza_brachyantha
6 GCF_001433935_Oryza_sativa,GCF_000147395_Oryza_glaberrima,GCF_000231095_Oryza_brachyantha
                        aligned_chrom        aligned_pos
1 NC_029262.1,NC_068332.1,NC_023168.2 1138,5023,17283434
2 NC_029262.1,NC_068332.1,NC_023168.2 1139,5024,17283435
3 NC_029262.1,NC_068332.1,NC_023168.2 1140,5025,17283436
4 NC_029262.1,NC_068332.1,NC_023168.2 1141,5026,17283437
5 NC_029262.1,NC_068332.1,NC_023168.2 1142,5027,17283438
6           NC_029262.1,NC_068332.1,?    1152,18621699,?
                             sequence strands score CHROM width  POS  ref
1                               t,t,G   +,+,+   NaN     7     1 1139    T
2 a----------,a----------,T----------   +,+,+   NaN     7     1 1140 <NA>
3                               g,g,G   +,+,+   NaN     7     1 1141    G
4                               t,t,T   +,+,+   NaN     7     1 1142    T
5                         t--,t--,TAA   +,+,+   NaN     7     1 1143 <NA>
6                               a,A,?   +,+,?   NaN     7     1 1153    A
  outgroup_1 outgroup_2
1          T          G
2       <NA>       <NA>
3          G          G
4          T          T
5       <NA>       <NA>
6          A          ?
  CHROM  POS N_ALLELES N_CHR {ALLELE:COUNT}_REF {ALLELE:COUNT}_ALT REF ALT
1     7 1017         2    20               A:20                G:0   A   G
2     7 1025         2    18               A:18                G:0   A   G
3     7 1032         2    18               A:18                G:0   A   G
4     7 1033         2    18               A:18                C:0   A   C
5     7 1046         2    14               A:14                G:0   A   G
6     7 1066         2    10               A:10                G:0   A   G
  count_REF count_ALT count_A count_T count_C count_G n_genomes  mut
1        20         0      20       0       0       0        20 A->G
2        18         0      18       0       0       0        18 A->G
3        18         0      18       0       0       0        18 A->G
4        18         0      18       0       0       0        18 A->C
5        14         0      14       0       0       0        14 A->G
6        10         0      10       0       0       0        10 A->G
          seq start  end strand
1 NC_029262.1  1138 1139      +
2 NC_029262.1  1139 1140      +
3 NC_029262.1  1140 1141      +
4 NC_029262.1  1141 1142      +
5 NC_029262.1  1142 1143      +
6 NC_029262.1  1152 1153      +
                                                                                    species
1 GCF_001433935_Oryza_sativa,GCF_000147395_Oryza_glaberrima,GCF_000231095_Oryza_brachyantha
2 GCF_001433935_Oryza_sativa,GCF_000147395_Oryza_glaberrima,GCF_000231095_Oryza_brachyantha
3 GCF_001433935_Oryza_sativa,GCF_000147395_Oryza_glaberrima,GCF_000231095_Oryza_brachyantha
4 GCF_001433935_Oryza_sativa,GCF_000147395_Oryza_glaberrima,GCF_000231095_Oryza_brachyantha
5 GCF_001433935_Oryza_sativa,GCF_000147395_Oryza_glaberrima,GCF_000231095_Oryza_brachyantha
6 GCF_001433935_Oryza_sativa,GCF_000147395_Oryza_glaberrima,GCF_000231095_Oryza_brachyantha
                        aligned_chrom        aligned_pos
1 NC_029262.1,NC_068332.1,NC_023168.2 1138,5023,17283434
2 NC_029262.1,NC_068332.1,NC_023168.2 1139,5024,17283435
3 NC_029262.1,NC_068332.1,NC_023168.2 1140,5025,17283436
4 NC_029262.1,NC_068332.1,NC_023168.2 1141,5026,17283437
5 NC_029262.1,NC_068332.1,NC_023168.2 1142,5027,17283438
6           NC_029262.1,NC_068332.1,?    1152,18621699,?
                             sequence strands score CHROM width  POS  ref
1                               t,t,G   +,+,+   NaN     7     1 1139    T
2 a----------,a----------,T----------   +,+,+   NaN     7     1 1140 <NA>
3                               g,g,G   +,+,+   NaN     7     1 1141    G
4                               t,t,T   +,+,+   NaN     7     1 1142    T
5                         t--,t--,TAA   +,+,+   NaN     7     1 1143 <NA>
6                               a,A,?   +,+,?   NaN     7     1 1153    A
  outgroup_1 outgroup_2
1          T          G
2       <NA>       <NA>
3          G          G
4          T          T
5       <NA>       <NA>
6          A          ?
     CHROM        POS             N_ALLELES     N_CHR       {ALLELE:COUNT}_REF
 Min.   :7   Min.   :    1017   Min.   :2   Min.   :  0.0   Length:1430893    
 1st Qu.:7   1st Qu.: 8089689   1st Qu.:2   1st Qu.:608.0   Class :character  
 Median :7   Median :14148085   Median :2   Median :936.0   Mode  :character  
 Mean   :7   Mean   :14388816   Mean   :2   Mean   :740.8                     
 3rd Qu.:7   3rd Qu.:20824931   3rd Qu.:2   3rd Qu.:948.0                     
 Max.   :7   Max.   :29697441   Max.   :2   Max.   :950.0                     
 {ALLELE:COUNT}_ALT     REF                ALT             count_REF        
 Length:1430893     Length:1430893     Length:1430893     Length:1430893    
 Class :character   Class :character   Class :character   Class :character  
 Mode  :character   Mode  :character   Mode  :character   Mode  :character  
                                                                            
                                                                            
                                                                            
  count_ALT            count_A         count_T         count_C     
 Length:1430893     Min.   :  0.0   Min.   :  0.0   Min.   :  0.0  
 Class :character   1st Qu.:  0.0   1st Qu.:  0.0   1st Qu.:  0.0  
 Mode  :character   Median :  0.0   Median :  0.0   Median :  0.0  
                    Mean   :128.6   Mean   :127.8   Mean   :241.9  
                    3rd Qu.:  5.0   3rd Qu.:  5.0   3rd Qu.:520.0  
                    Max.   :950.0   Max.   :950.0   Max.   :950.0  
    count_G        n_genomes         mut           
 Min.   :  0.0   Min.   :  0.0   Length:1430893    
 1st Qu.:  0.0   1st Qu.:608.0   Class :character  
 Median :  0.0   Median :936.0   Mode  :character  
 Mean   :242.4   Mean   :740.8                     
 3rd Qu.:524.0   3rd Qu.:948.0                     
 Max.   :950.0   Max.   :950.0                     
     seq                start               end              strand         
 Length:13630520    Min.   :    1138   Min.   :    1139   Length:13630520   
 Class :character   1st Qu.: 7313038   1st Qu.: 7313039   Class :character  
 Mode  :character   Median :15731621   Median :15731622   Mode  :character  
                    Mean   :15230185   Mean   :15230186                     
                    3rd Qu.:23087551   3rd Qu.:23087552                     
                    Max.   :29697605   Max.   :29697606                     
                                                                            
   species          aligned_chrom      aligned_pos          sequence        
 Length:13630520    Length:13630520    Length:13630520    Length:13630520   
 Class :character   Class :character   Class :character   Class :character  
 Mode  :character   Mode  :character   Mode  :character   Mode  :character  
                                                                            
                                                                            
                                                                            
                                                                            
   strands              score             CHROM               width  
 Length:13630520    Min.   : NA        Length:13630520    Min.   :1  
 Class :character   1st Qu.: NA        Class :character   1st Qu.:1  
 Mode  :character   Median : NA        Mode  :character   Median :1  
                    Mean   :NaN                           Mean   :1  
                    3rd Qu.: NA                           3rd Qu.:1  
                    Max.   : NA                           Max.   :1  
                    NA's   :13630520                                 
      POS               ref             outgroup_1         outgroup_2       
 Min.   :    1139   Length:13630520    Length:13630520    Length:13630520   
 1st Qu.: 7313039   Class :character   Class :character   Class :character  
 Median :15731622   Mode  :character   Mode  :character   Mode  :character  
 Mean   :15230186                                                           
 3rd Qu.:23087552                                                           
 Max.   :29697606                                                           
                                                                            
[1] 1430893
[1] 13630520

       7 
13630520 
[1] 13630520
[1] 12639966
             seq start  end strand
1051 NC_029262.1  3808 3809      +
1053 NC_029262.1  3809 3810      +
1055 NC_029262.1  3810 3811      +
1057 NC_029262.1  3811 3812      +
1061 NC_029262.1  3815 3816      +
1063 NC_029262.1  3816 3817      +
                                                                                       species
1051 GCF_001433935_Oryza_sativa,GCF_000147395_Oryza_glaberrima,GCF_000231095_Oryza_brachyantha
1053 GCF_001433935_Oryza_sativa,GCF_000147395_Oryza_glaberrima,GCF_000231095_Oryza_brachyantha
1055 GCF_001433935_Oryza_sativa,GCF_000147395_Oryza_glaberrima,GCF_000231095_Oryza_brachyantha
1057 GCF_001433935_Oryza_sativa,GCF_000147395_Oryza_glaberrima,GCF_000231095_Oryza_brachyantha
1061 GCF_001433935_Oryza_sativa,GCF_000147395_Oryza_glaberrima,GCF_000231095_Oryza_brachyantha
1063 GCF_001433935_Oryza_sativa,GCF_000147395_Oryza_glaberrima,GCF_000231095_Oryza_brachyantha
                           aligned_chrom            aligned_pos    sequence
1051 NC_029262.1,NC_068337.1,NC_023174.2 3808,25020139,16931946       a,A,a
1053 NC_029262.1,NC_068337.1,NC_023174.2 3809,25020138,16931945 c--,T--,cCC
1055 NC_029262.1,NC_068337.1,NC_023174.2 3810,25020137,16931942       t,T,t
1057 NC_029262.1,NC_068337.1,NC_023174.2 3811,25020136,16931941       a,G,a
1061 NC_029262.1,NC_068337.1,NC_023174.2 3815,25020134,16931937       c,A,C
1063 NC_029262.1,NC_068337.1,NC_023174.2 3816,25020133,16931936       c,C,C
     strands score CHROM width  POS  ref outgroup_1 outgroup_2
1051   +,-,-   NaN     7     1 3809    A          A          A
1053   +,-,-   NaN     7     1 3810 <NA>       <NA>       <NA>
1055   +,-,-   NaN     7     1 3811    T          T          T
1057   +,-,-   NaN     7     1 3812    A          G          A
1061   +,-,-   NaN     7     1 3816    C          A          C
1063   +,-,-   NaN     7     1 3817    C          C          C
[1] 12639966
[1] 12639966
          seq start  end strand
1 NC_029262.1  1138 1139      +
2 NC_029262.1  1139 1140      +
3 NC_029262.1  1140 1141      +
4 NC_029262.1  1141 1142      +
5 NC_029262.1  1142 1143      +
6 NC_029262.1  1152 1153      +
                                                                                    species
1 GCF_001433935_Oryza_sativa,GCF_000147395_Oryza_glaberrima,GCF_000231095_Oryza_brachyantha
2 GCF_001433935_Oryza_sativa,GCF_000147395_Oryza_glaberrima,GCF_000231095_Oryza_brachyantha
3 GCF_001433935_Oryza_sativa,GCF_000147395_Oryza_glaberrima,GCF_000231095_Oryza_brachyantha
4 GCF_001433935_Oryza_sativa,GCF_000147395_Oryza_glaberrima,GCF_000231095_Oryza_brachyantha
5 GCF_001433935_Oryza_sativa,GCF_000147395_Oryza_glaberrima,GCF_000231095_Oryza_brachyantha
6 GCF_001433935_Oryza_sativa,GCF_000147395_Oryza_glaberrima,GCF_000231095_Oryza_brachyantha
                        aligned_chrom        aligned_pos
1 NC_029262.1,NC_068332.1,NC_023168.2 1138,5023,17283434
2 NC_029262.1,NC_068332.1,NC_023168.2 1139,5024,17283435
3 NC_029262.1,NC_068332.1,NC_023168.2 1140,5025,17283436
4 NC_029262.1,NC_068332.1,NC_023168.2 1141,5026,17283437
5 NC_029262.1,NC_068332.1,NC_023168.2 1142,5027,17283438
6           NC_029262.1,NC_068332.1,?    1152,18621699,?
                             sequence strands score CHROM width  POS  ref
1                               t,t,G   +,+,+   NaN     7     1 1139    T
2 a----------,a----------,T----------   +,+,+   NaN     7     1 1140 <NA>
3                               g,g,G   +,+,+   NaN     7     1 1141    G
4                               t,t,T   +,+,+   NaN     7     1 1142    T
5                         t--,t--,TAA   +,+,+   NaN     7     1 1143 <NA>
6                               a,A,?   +,+,?   NaN     7     1 1153    A
  outgroup_1 outgroup_2
1          T          G
2       <NA>       <NA>
3          G          G
4          T          T
5       <NA>       <NA>
6          A          ?
Joining with `by = join_by(CHROM, POS)`
[1] 1430893
[1] 1430893
  CHROM  POS N_ALLELES N_CHR {ALLELE:COUNT}_REF {ALLELE:COUNT}_ALT REF ALT
1     7 1017         2    20               A:20                G:0   A   G
2     7 1025         2    18               A:18                G:0   A   G
3     7 1032         2    18               A:18                G:0   A   G
4     7 1033         2    18               A:18                C:0   A   C
5     7 1046         2    14               A:14                G:0   A   G
6     7 1066         2    10               A:10                G:0   A   G
  count_REF count_ALT count_A count_T count_C count_G n_genomes  mut  ref
1        20         0      20       0       0       0        20 A->G <NA>
2        18         0      18       0       0       0        18 A->G <NA>
3        18         0      18       0       0       0        18 A->G <NA>
4        18         0      18       0       0       0        18 A->C <NA>
5        14         0      14       0       0       0        14 A->G <NA>
6        10         0      10       0       0       0        10 A->G <NA>
  outgroup_1 outgroup_2
1       <NA>       <NA>
2       <NA>       <NA>
3       <NA>       <NA>
4       <NA>       <NA>
5       <NA>       <NA>
6       <NA>       <NA>
  REF  ref
1   A <NA>
2   A <NA>
3   A <NA>
4   A <NA>
5   A <NA>
6   A <NA>
[1] 0.3332171
  CHROM  POS N_ALLELES N_CHR {ALLELE:COUNT}_REF {ALLELE:COUNT}_ALT REF ALT
1     7 1017         2    20               A:20                G:0   A   G
2     7 1025         2    18               A:18                G:0   A   G
3     7 1032         2    18               A:18                G:0   A   G
4     7 1033         2    18               A:18                C:0   A   C
5     7 1046         2    14               A:14                G:0   A   G
6     7 1066         2    10               A:10                G:0   A   G
  count_REF count_ALT count_A count_T count_C count_G n_genomes  mut  ref
1        20         0      20       0       0       0        20 A->G <NA>
2        18         0      18       0       0       0        18 A->G <NA>
3        18         0      18       0       0       0        18 A->G <NA>
4        18         0      18       0       0       0        18 A->C <NA>
5        14         0      14       0       0       0        14 A->G <NA>
6        10         0      10       0       0       0        10 A->G <NA>
  outgroup_1 outgroup_2 A_outgroup_1 T_outgroup_1 C_outgroup_1 G_outgroup_1
1       <NA>       <NA>            0            0            0            0
2       <NA>       <NA>            0            0            0            0
3       <NA>       <NA>            0            0            0            0
4       <NA>       <NA>            0            0            0            0
5       <NA>       <NA>            0            0            0            0
6       <NA>       <NA>            0            0            0            0
  A_outgroup_2 T_outgroup_2 C_outgroup_2 G_outgroup_2
1            0            0            0            0
2            0            0            0            0
3            0            0            0            0
4            0            0            0            0
5            0            0            0            0
6            0            0            0            0
# ---------------------------- # 
# EST-SFS 
# ---------------------------- # 
  ref_species outgroup_1 outgroup_2
1    20,0,0,0    0,0,0,0    0,0,0,0
2    18,0,0,0    0,0,0,0    0,0,0,0
3    18,0,0,0    0,0,0,0    0,0,0,0
4    18,0,0,0    0,0,0,0    0,0,0,0
5    14,0,0,0    0,0,0,0    0,0,0,0
6    10,0,0,0    0,0,0,0    0,0,0,0
[1] 1430893
