
   *****       ***   vcfR   ***       *****
   This is vcfR 1.15.0 
     browseVignettes('vcfR') # Documentation
     citation('vcfR') # Citation
   *****       *****      *****       *****


Attaching package: ‘dplyr’

The following objects are masked from ‘package:stats’:

    filter, lag

The following objects are masked from ‘package:base’:

    intersect, setdiff, setequal, union

##### Chromosome 12 : NC_029267.1 ##### 
---------------------------- 
VCF 
---------------------------- 
head(snp_counts) 
  V1   V2 V3  V4    V5   V6
1 12 1053  2 868 C:855 A:13
2 12 1118  2 902 C:902  T:0
3 12 1180  2 898 C:898  T:0
4 12 1635  2 898 G:898  A:0
5 12 1642  2 894 C:893  T:1
6 12 1712  2 898 G:898  A:0
  CHROM  POS N_ALLELES N_CHR {ALLELE:COUNT}_REF {ALLELE:COUNT}_ALT
1    12 1053         2   868              C:855               A:13
2    12 1118         2   902              C:902                T:0
3    12 1180         2   898              C:898                T:0
4    12 1635         2   898              G:898                A:0
5    12 1642         2   894              C:893                T:1
6    12 1712         2   898              G:898                A:0
  CHROM  POS N_ALLELES N_CHR {ALLELE:COUNT}_REF {ALLELE:COUNT}_ALT REF ALT
1    12 1053         2   868              C:855               A:13   C   A
2    12 1118         2   902              C:902                T:0   C   T
3    12 1180         2   898              C:898                T:0   C   T
4    12 1635         2   898              G:898                A:0   G   A
5    12 1642         2   894              C:893                T:1   C   T
6    12 1712         2   898              G:898                A:0   G   A
  count_REF count_ALT
1       855        13
2       902         0
3       898         0
4       898         0
5       893         1
6       898         0
  CHROM  POS N_ALLELES N_CHR {ALLELE:COUNT}_REF {ALLELE:COUNT}_ALT REF ALT
1    12 1053         2   868              C:855               A:13   C   A
2    12 1118         2   902              C:902                T:0   C   T
3    12 1180         2   898              C:898                T:0   C   T
4    12 1635         2   898              G:898                A:0   G   A
5    12 1642         2   894              C:893                T:1   C   T
6    12 1712         2   898              G:898                A:0   G   A
  count_REF count_ALT count_A count_T count_C count_G
1       855        13      13       0     855       0
2       902         0       0       0     902       0
3       898         0       0       0     898       0
4       898         0       0       0       0     898
5       893         1       0       1     893       0
6       898         0       0       0       0     898
  CHROM  POS N_ALLELES N_CHR {ALLELE:COUNT}_REF {ALLELE:COUNT}_ALT REF ALT
1    12 1053         2   868              C:855               A:13   C   A
2    12 1118         2   902              C:902                T:0   C   T
3    12 1180         2   898              C:898                T:0   C   T
4    12 1635         2   898              G:898                A:0   G   A
5    12 1642         2   894              C:893                T:1   C   T
6    12 1712         2   898              G:898                A:0   G   A
  count_REF count_ALT count_A count_T count_C count_G n_genomes
1       855        13      13       0     855       0       868
2       902         0       0       0     902       0       902
3       898         0       0       0     898       0       898
4       898         0       0       0       0     898       898
5       893         1       0       1     893       0       894
6       898         0       0       0       0     898       898
[1] "C->A" "C->T" "C->T" "G->A" "C->T" "G->A"

  A->C   A->G   A->T   C->A   C->G   C->T   G->A   G->C   G->T   T->A   T->C 
 42194 168039  71184  76178  44386 400081 399978  44224  75795  71596 168417 
  T->G 
 41809 
number of mutations WS :  420459 
number of mutations SW :  952032 
# ---------------------------- # 
# WGABED - Alignement avec Cactus 
# ---------------------------- # 
          seq start  end strand
1 NC_029267.1  1042 1043      +
2 NC_029267.1  1043 1044      +
3 NC_029267.1  1044 1045      +
4 NC_029267.1  1045 1046      +
5 NC_029267.1  1046 1047      +
6 NC_029267.1  1047 1048      +
                                                                                    species
1 GCF_001433935_Oryza_sativa,GCF_000147395_Oryza_glaberrima,GCF_000231095_Oryza_brachyantha
2 GCF_001433935_Oryza_sativa,GCF_000147395_Oryza_glaberrima,GCF_000231095_Oryza_brachyantha
3 GCF_001433935_Oryza_sativa,GCF_000147395_Oryza_glaberrima,GCF_000231095_Oryza_brachyantha
4 GCF_001433935_Oryza_sativa,GCF_000147395_Oryza_glaberrima,GCF_000231095_Oryza_brachyantha
5 GCF_001433935_Oryza_sativa,GCF_000147395_Oryza_glaberrima,GCF_000231095_Oryza_brachyantha
6 GCF_001433935_Oryza_sativa,GCF_000147395_Oryza_glaberrima,GCF_000231095_Oryza_brachyantha
                        aligned_chrom      aligned_pos sequence strands score
1 NC_029267.1,NC_068337.1,NC_023174.2 1042,56153,33047    A,A,A   +,+,+   NaN
2 NC_029267.1,NC_068337.1,NC_023174.2 1043,56154,33048    A,A,A   +,+,+   NaN
3 NC_029267.1,NC_068337.1,NC_023174.2 1044,56155,33049    A,A,A   +,+,+   NaN
4 NC_029267.1,NC_068337.1,NC_023174.2 1045,56156,33050    C,T,C   +,+,+   NaN
5 NC_029267.1,NC_068337.1,NC_023174.2 1046,56157,33051    T,C,C   +,+,+   NaN
6 NC_029267.1,NC_068337.1,NC_023174.2 1047,56158,33052    G,A,G   +,+,+   NaN
[1] 23644670
[1] 23423022
          seq start  end strand
1 NC_029267.1  1042 1043      +
2 NC_029267.1  1043 1044      +
3 NC_029267.1  1044 1045      +
4 NC_029267.1  1045 1046      +
5 NC_029267.1  1046 1047      +
6 NC_029267.1  1047 1048      +
                                                                                    species
1 GCF_001433935_Oryza_sativa,GCF_000147395_Oryza_glaberrima,GCF_000231095_Oryza_brachyantha
2 GCF_001433935_Oryza_sativa,GCF_000147395_Oryza_glaberrima,GCF_000231095_Oryza_brachyantha
3 GCF_001433935_Oryza_sativa,GCF_000147395_Oryza_glaberrima,GCF_000231095_Oryza_brachyantha
4 GCF_001433935_Oryza_sativa,GCF_000147395_Oryza_glaberrima,GCF_000231095_Oryza_brachyantha
5 GCF_001433935_Oryza_sativa,GCF_000147395_Oryza_glaberrima,GCF_000231095_Oryza_brachyantha
6 GCF_001433935_Oryza_sativa,GCF_000147395_Oryza_glaberrima,GCF_000231095_Oryza_brachyantha
                        aligned_chrom      aligned_pos sequence strands score
1 NC_029267.1,NC_068337.1,NC_023174.2 1042,56153,33047    A,A,A   +,+,+   NaN
2 NC_029267.1,NC_068337.1,NC_023174.2 1043,56154,33048    A,A,A   +,+,+   NaN
3 NC_029267.1,NC_068337.1,NC_023174.2 1044,56155,33049    A,A,A   +,+,+   NaN
4 NC_029267.1,NC_068337.1,NC_023174.2 1045,56156,33050    C,T,C   +,+,+   NaN
5 NC_029267.1,NC_068337.1,NC_023174.2 1046,56157,33051    T,C,C   +,+,+   NaN
6 NC_029267.1,NC_068337.1,NC_023174.2 1047,56158,33052    G,A,G   +,+,+   NaN
  CHROM width  POS
1    12     1 1043
2    12     1 1044
3    12     1 1045
4    12     1 1046
5    12     1 1047
6    12     1 1048
          seq start  end strand
1 NC_029267.1  1042 1043      +
2 NC_029267.1  1043 1044      +
3 NC_029267.1  1044 1045      +
4 NC_029267.1  1045 1046      +
5 NC_029267.1  1046 1047      +
6 NC_029267.1  1047 1048      +
                                                                                    species
1 GCF_001433935_Oryza_sativa,GCF_000147395_Oryza_glaberrima,GCF_000231095_Oryza_brachyantha
2 GCF_001433935_Oryza_sativa,GCF_000147395_Oryza_glaberrima,GCF_000231095_Oryza_brachyantha
3 GCF_001433935_Oryza_sativa,GCF_000147395_Oryza_glaberrima,GCF_000231095_Oryza_brachyantha
4 GCF_001433935_Oryza_sativa,GCF_000147395_Oryza_glaberrima,GCF_000231095_Oryza_brachyantha
5 GCF_001433935_Oryza_sativa,GCF_000147395_Oryza_glaberrima,GCF_000231095_Oryza_brachyantha
6 GCF_001433935_Oryza_sativa,GCF_000147395_Oryza_glaberrima,GCF_000231095_Oryza_brachyantha
                        aligned_chrom      aligned_pos sequence strands score
1 NC_029267.1,NC_068337.1,NC_023174.2 1042,56153,33047    A,A,A   +,+,+   NaN
2 NC_029267.1,NC_068337.1,NC_023174.2 1043,56154,33048    A,A,A   +,+,+   NaN
3 NC_029267.1,NC_068337.1,NC_023174.2 1044,56155,33049    A,A,A   +,+,+   NaN
4 NC_029267.1,NC_068337.1,NC_023174.2 1045,56156,33050    C,T,C   +,+,+   NaN
5 NC_029267.1,NC_068337.1,NC_023174.2 1046,56157,33051    T,C,C   +,+,+   NaN
6 NC_029267.1,NC_068337.1,NC_023174.2 1047,56158,33052    G,A,G   +,+,+   NaN
  CHROM width  POS ref outgroup_1 outgroup_2
1    12     1 1043   A          A          A
2    12     1 1044   A          A          A
3    12     1 1045   A          A          A
4    12     1 1046   C          T          C
5    12     1 1047   T          C          C
6    12     1 1048   G          A          G
          seq start  end strand
1 NC_029267.1  1042 1043      +
2 NC_029267.1  1043 1044      +
3 NC_029267.1  1044 1045      +
4 NC_029267.1  1045 1046      +
5 NC_029267.1  1046 1047      +
6 NC_029267.1  1047 1048      +
                                                                                    species
1 GCF_001433935_Oryza_sativa,GCF_000147395_Oryza_glaberrima,GCF_000231095_Oryza_brachyantha
2 GCF_001433935_Oryza_sativa,GCF_000147395_Oryza_glaberrima,GCF_000231095_Oryza_brachyantha
3 GCF_001433935_Oryza_sativa,GCF_000147395_Oryza_glaberrima,GCF_000231095_Oryza_brachyantha
4 GCF_001433935_Oryza_sativa,GCF_000147395_Oryza_glaberrima,GCF_000231095_Oryza_brachyantha
5 GCF_001433935_Oryza_sativa,GCF_000147395_Oryza_glaberrima,GCF_000231095_Oryza_brachyantha
6 GCF_001433935_Oryza_sativa,GCF_000147395_Oryza_glaberrima,GCF_000231095_Oryza_brachyantha
                        aligned_chrom      aligned_pos sequence strands score
1 NC_029267.1,NC_068337.1,NC_023174.2 1042,56153,33047    A,A,A   +,+,+   NaN
2 NC_029267.1,NC_068337.1,NC_023174.2 1043,56154,33048    A,A,A   +,+,+   NaN
3 NC_029267.1,NC_068337.1,NC_023174.2 1044,56155,33049    A,A,A   +,+,+   NaN
4 NC_029267.1,NC_068337.1,NC_023174.2 1045,56156,33050    C,T,C   +,+,+   NaN
5 NC_029267.1,NC_068337.1,NC_023174.2 1046,56157,33051    T,C,C   +,+,+   NaN
6 NC_029267.1,NC_068337.1,NC_023174.2 1047,56158,33052    G,A,G   +,+,+   NaN
  CHROM width  POS ref outgroup_1 outgroup_2
1    12     1 1043   A          A          A
2    12     1 1044   A          A          A
3    12     1 1045   A          A          A
4    12     1 1046   C          T          C
5    12     1 1047   T          C          C
6    12     1 1048   G          A          G
          seq start  end strand
1 NC_029267.1  1042 1043      +
2 NC_029267.1  1043 1044      +
3 NC_029267.1  1044 1045      +
4 NC_029267.1  1045 1046      +
5 NC_029267.1  1046 1047      +
6 NC_029267.1  1047 1048      +
                                                                                    species
1 GCF_001433935_Oryza_sativa,GCF_000147395_Oryza_glaberrima,GCF_000231095_Oryza_brachyantha
2 GCF_001433935_Oryza_sativa,GCF_000147395_Oryza_glaberrima,GCF_000231095_Oryza_brachyantha
3 GCF_001433935_Oryza_sativa,GCF_000147395_Oryza_glaberrima,GCF_000231095_Oryza_brachyantha
4 GCF_001433935_Oryza_sativa,GCF_000147395_Oryza_glaberrima,GCF_000231095_Oryza_brachyantha
5 GCF_001433935_Oryza_sativa,GCF_000147395_Oryza_glaberrima,GCF_000231095_Oryza_brachyantha
6 GCF_001433935_Oryza_sativa,GCF_000147395_Oryza_glaberrima,GCF_000231095_Oryza_brachyantha
                        aligned_chrom      aligned_pos sequence strands score
1 NC_029267.1,NC_068337.1,NC_023174.2 1042,56153,33047    A,A,A   +,+,+   NaN
2 NC_029267.1,NC_068337.1,NC_023174.2 1043,56154,33048    A,A,A   +,+,+   NaN
3 NC_029267.1,NC_068337.1,NC_023174.2 1044,56155,33049    A,A,A   +,+,+   NaN
4 NC_029267.1,NC_068337.1,NC_023174.2 1045,56156,33050    C,T,C   +,+,+   NaN
5 NC_029267.1,NC_068337.1,NC_023174.2 1046,56157,33051    T,C,C   +,+,+   NaN
6 NC_029267.1,NC_068337.1,NC_023174.2 1047,56158,33052    G,A,G   +,+,+   NaN
  CHROM width  POS ref outgroup_1 outgroup_2
1    12     1 1043   A          A          A
2    12     1 1044   A          A          A
3    12     1 1045   A          A          A
4    12     1 1046   C          T          C
5    12     1 1047   T          C          C
6    12     1 1048   G          A          G
          seq start  end strand
1 NC_029267.1  1042 1043      +
2 NC_029267.1  1043 1044      +
3 NC_029267.1  1044 1045      +
4 NC_029267.1  1045 1046      +
5 NC_029267.1  1046 1047      +
6 NC_029267.1  1047 1048      +
                                                                                    species
1 GCF_001433935_Oryza_sativa,GCF_000147395_Oryza_glaberrima,GCF_000231095_Oryza_brachyantha
2 GCF_001433935_Oryza_sativa,GCF_000147395_Oryza_glaberrima,GCF_000231095_Oryza_brachyantha
3 GCF_001433935_Oryza_sativa,GCF_000147395_Oryza_glaberrima,GCF_000231095_Oryza_brachyantha
4 GCF_001433935_Oryza_sativa,GCF_000147395_Oryza_glaberrima,GCF_000231095_Oryza_brachyantha
5 GCF_001433935_Oryza_sativa,GCF_000147395_Oryza_glaberrima,GCF_000231095_Oryza_brachyantha
6 GCF_001433935_Oryza_sativa,GCF_000147395_Oryza_glaberrima,GCF_000231095_Oryza_brachyantha
                        aligned_chrom      aligned_pos sequence strands score
1 NC_029267.1,NC_068337.1,NC_023174.2 1042,56153,33047    A,A,A   +,+,+   NaN
2 NC_029267.1,NC_068337.1,NC_023174.2 1043,56154,33048    A,A,A   +,+,+   NaN
3 NC_029267.1,NC_068337.1,NC_023174.2 1044,56155,33049    A,A,A   +,+,+   NaN
4 NC_029267.1,NC_068337.1,NC_023174.2 1045,56156,33050    C,T,C   +,+,+   NaN
5 NC_029267.1,NC_068337.1,NC_023174.2 1046,56157,33051    T,C,C   +,+,+   NaN
6 NC_029267.1,NC_068337.1,NC_023174.2 1047,56158,33052    G,A,G   +,+,+   NaN
  CHROM width  POS ref outgroup_1 outgroup_2
1    12     1 1043   A          A          A
2    12     1 1044   A          A          A
3    12     1 1045   A          A          A
4    12     1 1046   C          T          C
5    12     1 1047   T          C          C
6    12     1 1048   G          A          G
  CHROM  POS N_ALLELES N_CHR {ALLELE:COUNT}_REF {ALLELE:COUNT}_ALT REF ALT
1    12 1053         2   868              C:855               A:13   C   A
2    12 1118         2   902              C:902                T:0   C   T
3    12 1180         2   898              C:898                T:0   C   T
4    12 1635         2   898              G:898                A:0   G   A
5    12 1642         2   894              C:893                T:1   C   T
6    12 1712         2   898              G:898                A:0   G   A
  count_REF count_ALT count_A count_T count_C count_G n_genomes  mut
1       855        13      13       0     855       0       868 C->A
2       902         0       0       0     902       0       902 C->T
3       898         0       0       0     898       0       898 C->T
4       898         0       0       0       0     898       898 G->A
5       893         1       0       1     893       0       894 C->T
6       898         0       0       0       0     898       898 G->A
          seq start  end strand
1 NC_029267.1  1042 1043      +
2 NC_029267.1  1043 1044      +
3 NC_029267.1  1044 1045      +
4 NC_029267.1  1045 1046      +
5 NC_029267.1  1046 1047      +
6 NC_029267.1  1047 1048      +
                                                                                    species
1 GCF_001433935_Oryza_sativa,GCF_000147395_Oryza_glaberrima,GCF_000231095_Oryza_brachyantha
2 GCF_001433935_Oryza_sativa,GCF_000147395_Oryza_glaberrima,GCF_000231095_Oryza_brachyantha
3 GCF_001433935_Oryza_sativa,GCF_000147395_Oryza_glaberrima,GCF_000231095_Oryza_brachyantha
4 GCF_001433935_Oryza_sativa,GCF_000147395_Oryza_glaberrima,GCF_000231095_Oryza_brachyantha
5 GCF_001433935_Oryza_sativa,GCF_000147395_Oryza_glaberrima,GCF_000231095_Oryza_brachyantha
6 GCF_001433935_Oryza_sativa,GCF_000147395_Oryza_glaberrima,GCF_000231095_Oryza_brachyantha
                        aligned_chrom      aligned_pos sequence strands score
1 NC_029267.1,NC_068337.1,NC_023174.2 1042,56153,33047    A,A,A   +,+,+   NaN
2 NC_029267.1,NC_068337.1,NC_023174.2 1043,56154,33048    A,A,A   +,+,+   NaN
3 NC_029267.1,NC_068337.1,NC_023174.2 1044,56155,33049    A,A,A   +,+,+   NaN
4 NC_029267.1,NC_068337.1,NC_023174.2 1045,56156,33050    C,T,C   +,+,+   NaN
5 NC_029267.1,NC_068337.1,NC_023174.2 1046,56157,33051    T,C,C   +,+,+   NaN
6 NC_029267.1,NC_068337.1,NC_023174.2 1047,56158,33052    G,A,G   +,+,+   NaN
  CHROM width  POS ref outgroup_1 outgroup_2
1    12     1 1043   A          A          A
2    12     1 1044   A          A          A
3    12     1 1045   A          A          A
4    12     1 1046   C          T          C
5    12     1 1047   T          C          C
6    12     1 1048   G          A          G
     CHROM         POS             N_ALLELES     N_CHR       {ALLELE:COUNT}_REF
 Min.   :12   Min.   :    1053   Min.   :2   Min.   :  0.0   Length:1603881    
 1st Qu.:12   1st Qu.: 7688142   1st Qu.:2   1st Qu.:458.0   Class :character  
 Median :12   Median :13646978   Median :2   Median :902.0   Mode  :character  
 Mean   :12   Mean   :13565462   Mean   :2   Mean   :690.4                     
 3rd Qu.:12   3rd Qu.:19302888   3rd Qu.:2   3rd Qu.:944.0                     
 Max.   :12   Max.   :27530844   Max.   :2   Max.   :950.0                     
 {ALLELE:COUNT}_ALT     REF                ALT             count_REF        
 Length:1603881     Length:1603881     Length:1603881     Length:1603881    
 Class :character   Class :character   Class :character   Class :character  
 Mode  :character   Mode  :character   Mode  :character   Mode  :character  
                                                                            
                                                                            
                                                                            
  count_ALT            count_A         count_T         count_C     
 Length:1603881     Min.   :  0.0   Min.   :  0.0   Min.   :  0.0  
 Class :character   1st Qu.:  0.0   1st Qu.:  0.0   1st Qu.:  0.0  
 Mode  :character   Median :  0.0   Median :  0.0   Median :  0.0  
                    Mean   :122.6   Mean   :122.8   Mean   :222.6  
                    3rd Qu.:  8.0   3rd Qu.:  8.0   3rd Qu.:407.0  
                    Max.   :950.0   Max.   :950.0   Max.   :950.0  
    count_G        n_genomes         mut           
 Min.   :  0.0   Min.   :  0.0   Length:1603881    
 1st Qu.:  0.0   1st Qu.:458.0   Class :character  
 Median :  0.0   Median :902.0   Mode  :character  
 Mean   :222.5   Mean   :690.4                     
 3rd Qu.:405.0   3rd Qu.:944.0                     
 Max.   :950.0   Max.   :950.0                     
     seq                start               end              strand         
 Length:23423022    Min.   :    1042   Min.   :    1043   Length:23423022   
 Class :character   1st Qu.: 6800002   1st Qu.: 6800003   Class :character  
 Mode  :character   Median :13741758   Median :13741758   Mode  :character  
                    Mean   :13514017   Mean   :13514018                     
                    3rd Qu.:20102333   3rd Qu.:20102334                     
                    Max.   :27530846   Max.   :27530847                     
                                                                            
   species          aligned_chrom      aligned_pos          sequence        
 Length:23423022    Length:23423022    Length:23423022    Length:23423022   
 Class :character   Class :character   Class :character   Class :character  
 Mode  :character   Mode  :character   Mode  :character   Mode  :character  
                                                                            
                                                                            
                                                                            
                                                                            
   strands              score             CHROM               width  
 Length:23423022    Min.   : NA        Length:23423022    Min.   :1  
 Class :character   1st Qu.: NA        Class :character   1st Qu.:1  
 Mode  :character   Median : NA        Mode  :character   Median :1  
                    Mean   :NaN                           Mean   :1  
                    3rd Qu.: NA                           3rd Qu.:1  
                    Max.   : NA                           Max.   :1  
                    NA's   :23423022                                 
      POS               ref             outgroup_1         outgroup_2       
 Min.   :    1043   Length:23423022    Length:23423022    Length:23423022   
 1st Qu.: 6800003   Class :character   Class :character   Class :character  
 Median :13741758   Mode  :character   Mode  :character   Mode  :character  
 Mean   :13514018                                                           
 3rd Qu.:20102334                                                           
 Max.   :27530847                                                           
                                                                            
[1] 1603881
[1] 23423022

      12 
23423022 
[1] 23423022
[1] 14712673
            seq start  end strand
324 NC_029267.1  1388 1389      +
325 NC_029267.1  1388 1389      +
327 NC_029267.1  1389 1390      +
328 NC_029267.1  1389 1390      +
330 NC_029267.1  1390 1391      +
331 NC_029267.1  1390 1391      +
                                                                                      species
324 GCF_001433935_Oryza_sativa,GCF_000147395_Oryza_glaberrima,GCF_000231095_Oryza_brachyantha
325 GCF_001433935_Oryza_sativa,GCF_000147395_Oryza_glaberrima,GCF_000231095_Oryza_brachyantha
327 GCF_001433935_Oryza_sativa,GCF_000147395_Oryza_glaberrima,GCF_000231095_Oryza_brachyantha
328 GCF_001433935_Oryza_sativa,GCF_000147395_Oryza_glaberrima,GCF_000231095_Oryza_brachyantha
330 GCF_001433935_Oryza_sativa,GCF_000147395_Oryza_glaberrima,GCF_000231095_Oryza_brachyantha
331 GCF_001433935_Oryza_sativa,GCF_000147395_Oryza_glaberrima,GCF_000231095_Oryza_brachyantha
                          aligned_chrom      aligned_pos sequence strands score
324 NC_029267.1,NC_068337.1,NC_023174.2 1388,56493,33562    T,T,T   +,+,+   NaN
325 NC_029267.1,NC_068337.1,NC_023174.2 1388,56493,33562    T,T,T   +,+,+   NaN
327 NC_029267.1,NC_068337.1,NC_023174.2 1389,56494,33563    T,T,G   +,+,+   NaN
328 NC_029267.1,NC_068337.1,NC_023174.2 1389,56494,33563    T,T,G   +,+,+   NaN
330 NC_029267.1,NC_068337.1,NC_023174.2 1390,56495,33564    G,A,A   +,+,+   NaN
331 NC_029267.1,NC_068337.1,NC_023174.2 1390,56495,33564    G,A,A   +,+,+   NaN
    CHROM width  POS ref outgroup_1 outgroup_2
324    12     1 1389   T          T          T
325    12     1 1389   T          T          T
327    12     1 1390   T          T          G
328    12     1 1390   T          T          G
330    12     1 1391   G          A          A
331    12     1 1391   G          A          A
[1] 14712673
[1] 14712673
          seq start  end strand
1 NC_029267.1  1042 1043      +
2 NC_029267.1  1043 1044      +
3 NC_029267.1  1044 1045      +
4 NC_029267.1  1045 1046      +
5 NC_029267.1  1046 1047      +
6 NC_029267.1  1047 1048      +
                                                                                    species
1 GCF_001433935_Oryza_sativa,GCF_000147395_Oryza_glaberrima,GCF_000231095_Oryza_brachyantha
2 GCF_001433935_Oryza_sativa,GCF_000147395_Oryza_glaberrima,GCF_000231095_Oryza_brachyantha
3 GCF_001433935_Oryza_sativa,GCF_000147395_Oryza_glaberrima,GCF_000231095_Oryza_brachyantha
4 GCF_001433935_Oryza_sativa,GCF_000147395_Oryza_glaberrima,GCF_000231095_Oryza_brachyantha
5 GCF_001433935_Oryza_sativa,GCF_000147395_Oryza_glaberrima,GCF_000231095_Oryza_brachyantha
6 GCF_001433935_Oryza_sativa,GCF_000147395_Oryza_glaberrima,GCF_000231095_Oryza_brachyantha
                        aligned_chrom      aligned_pos sequence strands score
1 NC_029267.1,NC_068337.1,NC_023174.2 1042,56153,33047    A,A,A   +,+,+   NaN
2 NC_029267.1,NC_068337.1,NC_023174.2 1043,56154,33048    A,A,A   +,+,+   NaN
3 NC_029267.1,NC_068337.1,NC_023174.2 1044,56155,33049    A,A,A   +,+,+   NaN
4 NC_029267.1,NC_068337.1,NC_023174.2 1045,56156,33050    C,T,C   +,+,+   NaN
5 NC_029267.1,NC_068337.1,NC_023174.2 1046,56157,33051    T,C,C   +,+,+   NaN
6 NC_029267.1,NC_068337.1,NC_023174.2 1047,56158,33052    G,A,G   +,+,+   NaN
  CHROM width  POS ref outgroup_1 outgroup_2
1    12     1 1043   A          A          A
2    12     1 1044   A          A          A
3    12     1 1045   A          A          A
4    12     1 1046   C          T          C
5    12     1 1047   T          C          C
6    12     1 1048   G          A          G
Joining with `by = join_by(CHROM, POS)`
[1] 1603881
[1] 1603881
  CHROM  POS N_ALLELES N_CHR {ALLELE:COUNT}_REF {ALLELE:COUNT}_ALT REF ALT
1    12 1053         2   868              C:855               A:13   C   A
2    12 1118         2   902              C:902                T:0   C   T
3    12 1180         2   898              C:898                T:0   C   T
4    12 1635         2   898              G:898                A:0   G   A
5    12 1642         2   894              C:893                T:1   C   T
6    12 1712         2   898              G:898                A:0   G   A
  count_REF count_ALT count_A count_T count_C count_G n_genomes  mut  ref
1       855        13      13       0     855       0       868 C->A    A
2       902         0       0       0     902       0       902 C->T    C
3       898         0       0       0     898       0       898 C->T    C
4       898         0       0       0       0     898       898 G->A <NA>
5       893         1       0       1     893       0       894 C->T <NA>
6       898         0       0       0       0     898       898 G->A <NA>
  outgroup_1 outgroup_2
1          A          A
2          A          C
3          C          A
4       <NA>       <NA>
5       <NA>       <NA>
6       <NA>       <NA>
  REF  ref
1   C    A
2   C    C
3   C    C
4   G <NA>
5   C <NA>
6   G <NA>
[1] 0.479578
  CHROM  POS N_ALLELES N_CHR {ALLELE:COUNT}_REF {ALLELE:COUNT}_ALT REF ALT
1    12 1053         2   868              C:855               A:13   C   A
2    12 1118         2   902              C:902                T:0   C   T
3    12 1180         2   898              C:898                T:0   C   T
4    12 1635         2   898              G:898                A:0   G   A
5    12 1642         2   894              C:893                T:1   C   T
6    12 1712         2   898              G:898                A:0   G   A
  count_REF count_ALT count_A count_T count_C count_G n_genomes  mut  ref
1       855        13      13       0     855       0       868 C->A    A
2       902         0       0       0     902       0       902 C->T    C
3       898         0       0       0     898       0       898 C->T    C
4       898         0       0       0       0     898       898 G->A <NA>
5       893         1       0       1     893       0       894 C->T <NA>
6       898         0       0       0       0     898       898 G->A <NA>
  outgroup_1 outgroup_2 A_outgroup_1 T_outgroup_1 C_outgroup_1 G_outgroup_1
1          A          A            1            0            0            0
2          A          C            1            0            0            0
3          C          A            0            0            1            0
4       <NA>       <NA>            0            0            0            0
5       <NA>       <NA>            0            0            0            0
6       <NA>       <NA>            0            0            0            0
  A_outgroup_2 T_outgroup_2 C_outgroup_2 G_outgroup_2
1            1            0            0            0
2            0            0            1            0
3            1            0            0            0
4            0            0            0            0
5            0            0            0            0
6            0            0            0            0
# ---------------------------- ## EST-SFS# ---------------------------- #  ref_species outgroup_1 outgroup_2
1  13,855,0,0    1,0,0,0    1,0,0,0
2   0,902,0,0    0,0,0,0    0,0,0,0
3   0,898,0,0    1,1,0,0    1,0,0,0
4   0,0,898,0    0,0,0,0    0,0,0,0
5   0,893,0,1    0,0,0,0    0,0,0,0
6   0,0,898,0    0,0,0,0    0,0,0,0
[1] 1603881
