
Attaching package: ‘dplyr’

The following objects are masked from ‘package:stats’:

    filter, lag

The following objects are masked from ‘package:base’:

    intersect, setdiff, setequal, union

##### Chromosome 10 : NC_029265.1 ##### 
---------------------------- 
VCF 
---------------------------- 
head(snp_counts) 
  V1   V2 V3 V4  V5  V6
1 10 1140  2  4 C:4 A:0
2 10 1185  2  2 T:2 A:0
3 10 1199  2  2 T:2 A:0
4 10 1247  2  0 T:0 C:0
5 10 1270  2  0 A:0 C:0
6 10 1274  2  0 T:0 C:0
  CHROM  POS N_ALLELES N_CHR {ALLELE:COUNT}_REF {ALLELE:COUNT}_ALT
1    10 1140         2     4                C:4                A:0
2    10 1185         2     2                T:2                A:0
3    10 1199         2     2                T:2                A:0
4    10 1247         2     0                T:0                C:0
5    10 1270         2     0                A:0                C:0
6    10 1274         2     0                T:0                C:0
  CHROM  POS N_ALLELES N_CHR {ALLELE:COUNT}_REF {ALLELE:COUNT}_ALT REF ALT
1    10 1140         2     4                C:4                A:0   C   A
2    10 1185         2     2                T:2                A:0   T   A
3    10 1199         2     2                T:2                A:0   T   A
4    10 1247         2     0                T:0                C:0   T   C
5    10 1270         2     0                A:0                C:0   A   C
6    10 1274         2     0                T:0                C:0   T   C
  count_REF count_ALT
1         4         0
2         2         0
3         2         0
4         0         0
5         0         0
6         0         0
  CHROM  POS N_ALLELES N_CHR {ALLELE:COUNT}_REF {ALLELE:COUNT}_ALT REF ALT
1    10 1140         2     4                C:4                A:0   C   A
2    10 1185         2     2                T:2                A:0   T   A
3    10 1199         2     2                T:2                A:0   T   A
4    10 1247         2     0                T:0                C:0   T   C
5    10 1270         2     0                A:0                C:0   A   C
6    10 1274         2     0                T:0                C:0   T   C
  count_REF count_ALT count_A count_T count_C count_G
1         4         0       0       0       4       0
2         2         0       0       2       0       0
3         2         0       0       2       0       0
4         0         0       0       0       0       0
5         0         0       0       0       0       0
6         0         0       0       0       0       0
  CHROM  POS N_ALLELES N_CHR {ALLELE:COUNT}_REF {ALLELE:COUNT}_ALT REF ALT
1    10 1140         2     4                C:4                A:0   C   A
2    10 1185         2     2                T:2                A:0   T   A
3    10 1199         2     2                T:2                A:0   T   A
4    10 1247         2     0                T:0                C:0   T   C
5    10 1270         2     0                A:0                C:0   A   C
6    10 1274         2     0                T:0                C:0   T   C
  count_REF count_ALT count_A count_T count_C count_G n_genomes
1         4         0       0       0       4       0         4
2         2         0       0       2       0       0         2
3         2         0       0       2       0       0         2
4         0         0       0       0       0       0         0
5         0         0       0       0       0       0         0
6         0         0       0       0       0       0         0
[1] "C->A" "T->A" "T->A" "T->C" "A->C" "T->C"

  A->C   A->G   A->T   C->A   C->G   C->T   G->A   G->C   G->T   T->A   T->C 
 29690 123351  51021  57491  32593 310477 307911  32454  57067  50940 123918 
  T->G 
 29838 
number of mutations WS :  306797 
number of mutations SW :  732946 
# ---------------------------- # 
# WGABED - Alignement avec Cactus 
# ---------------------------- # 
          seq start  end strand
1 NC_029265.1  1959 1960      +
2 NC_029265.1  1960 1961      +
3 NC_029265.1  1961 1962      +
4 NC_029265.1  1962 1963      +
5 NC_029265.1  1963 1964      +
6 NC_029265.1  1964 1965      +
                                                                                    species
1 GCF_001433935_Oryza_sativa,GCF_000147395_Oryza_glaberrima,GCF_000231095_Oryza_brachyantha
2 GCF_001433935_Oryza_sativa,GCF_000147395_Oryza_glaberrima,GCF_000231095_Oryza_brachyantha
3 GCF_001433935_Oryza_sativa,GCF_000147395_Oryza_glaberrima,GCF_000231095_Oryza_brachyantha
4 GCF_001433935_Oryza_sativa,GCF_000147395_Oryza_glaberrima,GCF_000231095_Oryza_brachyantha
5 GCF_001433935_Oryza_sativa,GCF_000147395_Oryza_glaberrima,GCF_000231095_Oryza_brachyantha
6 GCF_001433935_Oryza_sativa,GCF_000147395_Oryza_glaberrima,GCF_000231095_Oryza_brachyantha
              aligned_chrom     aligned_pos sequence strands score
1 NC_029265.1,NC_068329.1,? 1959,10601478,?    A,A,?   +,+,?   NaN
2 NC_029265.1,NC_068329.1,? 1960,10601479,?    T,C,?   +,+,?   NaN
3 NC_029265.1,NC_068329.1,? 1961,10601480,?    C,C,?   +,+,?   NaN
4 NC_029265.1,NC_068329.1,? 1962,10601481,?    T,T,?   +,+,?   NaN
5 NC_029265.1,NC_068329.1,? 1963,10601482,?    A,A,?   +,+,?   NaN
6 NC_029265.1,NC_068329.1,? 1964,10601483,?    C,C,?   +,+,?   NaN
[1] 13166709
[1] 13045617
          seq start  end strand
1 NC_029265.1  1959 1960      +
2 NC_029265.1  1960 1961      +
3 NC_029265.1  1961 1962      +
4 NC_029265.1  1962 1963      +
5 NC_029265.1  1963 1964      +
6 NC_029265.1  1964 1965      +
                                                                                    species
1 GCF_001433935_Oryza_sativa,GCF_000147395_Oryza_glaberrima,GCF_000231095_Oryza_brachyantha
2 GCF_001433935_Oryza_sativa,GCF_000147395_Oryza_glaberrima,GCF_000231095_Oryza_brachyantha
3 GCF_001433935_Oryza_sativa,GCF_000147395_Oryza_glaberrima,GCF_000231095_Oryza_brachyantha
4 GCF_001433935_Oryza_sativa,GCF_000147395_Oryza_glaberrima,GCF_000231095_Oryza_brachyantha
5 GCF_001433935_Oryza_sativa,GCF_000147395_Oryza_glaberrima,GCF_000231095_Oryza_brachyantha
6 GCF_001433935_Oryza_sativa,GCF_000147395_Oryza_glaberrima,GCF_000231095_Oryza_brachyantha
              aligned_chrom     aligned_pos sequence strands score CHROM width
1 NC_029265.1,NC_068329.1,? 1959,10601478,?    A,A,?   +,+,?   NaN    10     1
2 NC_029265.1,NC_068329.1,? 1960,10601479,?    T,C,?   +,+,?   NaN    10     1
3 NC_029265.1,NC_068329.1,? 1961,10601480,?    C,C,?   +,+,?   NaN    10     1
4 NC_029265.1,NC_068329.1,? 1962,10601481,?    T,T,?   +,+,?   NaN    10     1
5 NC_029265.1,NC_068329.1,? 1963,10601482,?    A,A,?   +,+,?   NaN    10     1
6 NC_029265.1,NC_068329.1,? 1964,10601483,?    C,C,?   +,+,?   NaN    10     1
   POS
1 1960
2 1961
3 1962
4 1963
5 1964
6 1965
          seq start  end strand
1 NC_029265.1  1959 1960      +
2 NC_029265.1  1960 1961      +
3 NC_029265.1  1961 1962      +
4 NC_029265.1  1962 1963      +
5 NC_029265.1  1963 1964      +
6 NC_029265.1  1964 1965      +
                                                                                    species
1 GCF_001433935_Oryza_sativa,GCF_000147395_Oryza_glaberrima,GCF_000231095_Oryza_brachyantha
2 GCF_001433935_Oryza_sativa,GCF_000147395_Oryza_glaberrima,GCF_000231095_Oryza_brachyantha
3 GCF_001433935_Oryza_sativa,GCF_000147395_Oryza_glaberrima,GCF_000231095_Oryza_brachyantha
4 GCF_001433935_Oryza_sativa,GCF_000147395_Oryza_glaberrima,GCF_000231095_Oryza_brachyantha
5 GCF_001433935_Oryza_sativa,GCF_000147395_Oryza_glaberrima,GCF_000231095_Oryza_brachyantha
6 GCF_001433935_Oryza_sativa,GCF_000147395_Oryza_glaberrima,GCF_000231095_Oryza_brachyantha
              aligned_chrom     aligned_pos sequence strands score CHROM width
1 NC_029265.1,NC_068329.1,? 1959,10601478,?    A,A,?   +,+,?   NaN    10     1
2 NC_029265.1,NC_068329.1,? 1960,10601479,?    T,C,?   +,+,?   NaN    10     1
3 NC_029265.1,NC_068329.1,? 1961,10601480,?    C,C,?   +,+,?   NaN    10     1
4 NC_029265.1,NC_068329.1,? 1962,10601481,?    T,T,?   +,+,?   NaN    10     1
5 NC_029265.1,NC_068329.1,? 1963,10601482,?    A,A,?   +,+,?   NaN    10     1
6 NC_029265.1,NC_068329.1,? 1964,10601483,?    C,C,?   +,+,?   NaN    10     1
   POS ref outgroup_1 outgroup_2
1 1960   A          A          ?
2 1961   T          C          ?
3 1962   C          C          ?
4 1963   T          T          ?
5 1964   A          A          ?
6 1965   C          C          ?
          seq start  end strand
1 NC_029265.1  1959 1960      +
2 NC_029265.1  1960 1961      +
3 NC_029265.1  1961 1962      +
4 NC_029265.1  1962 1963      +
5 NC_029265.1  1963 1964      +
6 NC_029265.1  1964 1965      +
                                                                                    species
1 GCF_001433935_Oryza_sativa,GCF_000147395_Oryza_glaberrima,GCF_000231095_Oryza_brachyantha
2 GCF_001433935_Oryza_sativa,GCF_000147395_Oryza_glaberrima,GCF_000231095_Oryza_brachyantha
3 GCF_001433935_Oryza_sativa,GCF_000147395_Oryza_glaberrima,GCF_000231095_Oryza_brachyantha
4 GCF_001433935_Oryza_sativa,GCF_000147395_Oryza_glaberrima,GCF_000231095_Oryza_brachyantha
5 GCF_001433935_Oryza_sativa,GCF_000147395_Oryza_glaberrima,GCF_000231095_Oryza_brachyantha
6 GCF_001433935_Oryza_sativa,GCF_000147395_Oryza_glaberrima,GCF_000231095_Oryza_brachyantha
              aligned_chrom     aligned_pos sequence strands score CHROM width
1 NC_029265.1,NC_068329.1,? 1959,10601478,?    A,A,?   +,+,?   NaN    10     1
2 NC_029265.1,NC_068329.1,? 1960,10601479,?    T,C,?   +,+,?   NaN    10     1
3 NC_029265.1,NC_068329.1,? 1961,10601480,?    C,C,?   +,+,?   NaN    10     1
4 NC_029265.1,NC_068329.1,? 1962,10601481,?    T,T,?   +,+,?   NaN    10     1
5 NC_029265.1,NC_068329.1,? 1963,10601482,?    A,A,?   +,+,?   NaN    10     1
6 NC_029265.1,NC_068329.1,? 1964,10601483,?    C,C,?   +,+,?   NaN    10     1
   POS ref outgroup_1 outgroup_2
1 1960   A          A          ?
2 1961   T          C          ?
3 1962   C          C          ?
4 1963   T          T          ?
5 1964   A          A          ?
6 1965   C          C          ?
          seq start  end strand
1 NC_029265.1  1959 1960      +
2 NC_029265.1  1960 1961      +
3 NC_029265.1  1961 1962      +
4 NC_029265.1  1962 1963      +
5 NC_029265.1  1963 1964      +
6 NC_029265.1  1964 1965      +
                                                                                    species
1 GCF_001433935_Oryza_sativa,GCF_000147395_Oryza_glaberrima,GCF_000231095_Oryza_brachyantha
2 GCF_001433935_Oryza_sativa,GCF_000147395_Oryza_glaberrima,GCF_000231095_Oryza_brachyantha
3 GCF_001433935_Oryza_sativa,GCF_000147395_Oryza_glaberrima,GCF_000231095_Oryza_brachyantha
4 GCF_001433935_Oryza_sativa,GCF_000147395_Oryza_glaberrima,GCF_000231095_Oryza_brachyantha
5 GCF_001433935_Oryza_sativa,GCF_000147395_Oryza_glaberrima,GCF_000231095_Oryza_brachyantha
6 GCF_001433935_Oryza_sativa,GCF_000147395_Oryza_glaberrima,GCF_000231095_Oryza_brachyantha
              aligned_chrom     aligned_pos sequence strands score CHROM width
1 NC_029265.1,NC_068329.1,? 1959,10601478,?    A,A,?   +,+,?   NaN    10     1
2 NC_029265.1,NC_068329.1,? 1960,10601479,?    T,C,?   +,+,?   NaN    10     1
3 NC_029265.1,NC_068329.1,? 1961,10601480,?    C,C,?   +,+,?   NaN    10     1
4 NC_029265.1,NC_068329.1,? 1962,10601481,?    T,T,?   +,+,?   NaN    10     1
5 NC_029265.1,NC_068329.1,? 1963,10601482,?    A,A,?   +,+,?   NaN    10     1
6 NC_029265.1,NC_068329.1,? 1964,10601483,?    C,C,?   +,+,?   NaN    10     1
   POS ref outgroup_1 outgroup_2
1 1960   A          A          ?
2 1961   T          C          ?
3 1962   C          C          ?
4 1963   T          T          ?
5 1964   A          A          ?
6 1965   C          C          ?
          seq start  end strand
1 NC_029265.1  1959 1960      +
2 NC_029265.1  1960 1961      +
3 NC_029265.1  1961 1962      +
4 NC_029265.1  1962 1963      +
5 NC_029265.1  1963 1964      +
6 NC_029265.1  1964 1965      +
                                                                                    species
1 GCF_001433935_Oryza_sativa,GCF_000147395_Oryza_glaberrima,GCF_000231095_Oryza_brachyantha
2 GCF_001433935_Oryza_sativa,GCF_000147395_Oryza_glaberrima,GCF_000231095_Oryza_brachyantha
3 GCF_001433935_Oryza_sativa,GCF_000147395_Oryza_glaberrima,GCF_000231095_Oryza_brachyantha
4 GCF_001433935_Oryza_sativa,GCF_000147395_Oryza_glaberrima,GCF_000231095_Oryza_brachyantha
5 GCF_001433935_Oryza_sativa,GCF_000147395_Oryza_glaberrima,GCF_000231095_Oryza_brachyantha
6 GCF_001433935_Oryza_sativa,GCF_000147395_Oryza_glaberrima,GCF_000231095_Oryza_brachyantha
              aligned_chrom     aligned_pos sequence strands score CHROM width
1 NC_029265.1,NC_068329.1,? 1959,10601478,?    A,A,?   +,+,?   NaN    10     1
2 NC_029265.1,NC_068329.1,? 1960,10601479,?    T,C,?   +,+,?   NaN    10     1
3 NC_029265.1,NC_068329.1,? 1961,10601480,?    C,C,?   +,+,?   NaN    10     1
4 NC_029265.1,NC_068329.1,? 1962,10601481,?    T,T,?   +,+,?   NaN    10     1
5 NC_029265.1,NC_068329.1,? 1963,10601482,?    A,A,?   +,+,?   NaN    10     1
6 NC_029265.1,NC_068329.1,? 1964,10601483,?    C,C,?   +,+,?   NaN    10     1
   POS ref outgroup_1 outgroup_2
1 1960   A          A          ?
2 1961   T          C          ?
3 1962   C          C          ?
4 1963   T          T          ?
5 1964   A          A          ?
6 1965   C          C          ?
  CHROM  POS N_ALLELES N_CHR {ALLELE:COUNT}_REF {ALLELE:COUNT}_ALT REF ALT
1    10 1140         2     4                C:4                A:0   C   A
2    10 1185         2     2                T:2                A:0   T   A
3    10 1199         2     2                T:2                A:0   T   A
4    10 1247         2     0                T:0                C:0   T   C
5    10 1270         2     0                A:0                C:0   A   C
6    10 1274         2     0                T:0                C:0   T   C
  count_REF count_ALT count_A count_T count_C count_G n_genomes  mut
1         4         0       0       0       4       0         4 C->A
2         2         0       0       2       0       0         2 T->A
3         2         0       0       2       0       0         2 T->A
4         0         0       0       0       0       0         0 T->C
5         0         0       0       0       0       0         0 A->C
6         0         0       0       0       0       0         0 T->C
          seq start  end strand
1 NC_029265.1  1959 1960      +
2 NC_029265.1  1960 1961      +
3 NC_029265.1  1961 1962      +
4 NC_029265.1  1962 1963      +
5 NC_029265.1  1963 1964      +
6 NC_029265.1  1964 1965      +
                                                                                    species
1 GCF_001433935_Oryza_sativa,GCF_000147395_Oryza_glaberrima,GCF_000231095_Oryza_brachyantha
2 GCF_001433935_Oryza_sativa,GCF_000147395_Oryza_glaberrima,GCF_000231095_Oryza_brachyantha
3 GCF_001433935_Oryza_sativa,GCF_000147395_Oryza_glaberrima,GCF_000231095_Oryza_brachyantha
4 GCF_001433935_Oryza_sativa,GCF_000147395_Oryza_glaberrima,GCF_000231095_Oryza_brachyantha
5 GCF_001433935_Oryza_sativa,GCF_000147395_Oryza_glaberrima,GCF_000231095_Oryza_brachyantha
6 GCF_001433935_Oryza_sativa,GCF_000147395_Oryza_glaberrima,GCF_000231095_Oryza_brachyantha
              aligned_chrom     aligned_pos sequence strands score CHROM width
1 NC_029265.1,NC_068329.1,? 1959,10601478,?    A,A,?   +,+,?   NaN    10     1
2 NC_029265.1,NC_068329.1,? 1960,10601479,?    T,C,?   +,+,?   NaN    10     1
3 NC_029265.1,NC_068329.1,? 1961,10601480,?    C,C,?   +,+,?   NaN    10     1
4 NC_029265.1,NC_068329.1,? 1962,10601481,?    T,T,?   +,+,?   NaN    10     1
5 NC_029265.1,NC_068329.1,? 1963,10601482,?    A,A,?   +,+,?   NaN    10     1
6 NC_029265.1,NC_068329.1,? 1964,10601483,?    C,C,?   +,+,?   NaN    10     1
   POS ref outgroup_1 outgroup_2
1 1960   A          A          ?
2 1961   T          C          ?
3 1962   C          C          ?
4 1963   T          T          ?
5 1964   A          A          ?
6 1965   C          C          ?
     CHROM         POS             N_ALLELES     N_CHR       {ALLELE:COUNT}_REF
 Min.   :10   Min.   :    1140   Min.   :2   Min.   :  0.0   Length:1206751    
 1st Qu.:10   1st Qu.: 4570186   1st Qu.:2   1st Qu.:582.0   Class :character  
 Median :10   Median : 9713068   Median :2   Median :932.0   Mode  :character  
 Mean   :10   Mean   :10275212   Mean   :2   Mean   :739.3                     
 3rd Qu.:10   3rd Qu.:15758164   3rd Qu.:2   3rd Qu.:948.0                     
 Max.   :10   Max.   :23206233   Max.   :2   Max.   :950.0                     
 {ALLELE:COUNT}_ALT     REF                ALT             count_REF        
 Length:1206751     Length:1206751     Length:1206751     Length:1206751    
 Class :character   Class :character   Class :character   Class :character  
 Mode  :character   Mode  :character   Mode  :character   Mode  :character  
                                                                            
                                                                            
                                                                            
  count_ALT            count_A         count_T         count_C     
 Length:1206751     Min.   :  0.0   Min.   :  0.0   Min.   :  0.0  
 Class :character   1st Qu.:  0.0   1st Qu.:  0.0   1st Qu.:  0.0  
 Mode  :character   Median :  0.0   Median :  0.0   Median :  0.0  
                    Mean   :126.8   Mean   :127.3   Mean   :243.5  
                    3rd Qu.:  5.0   3rd Qu.:  5.0   3rd Qu.:522.0  
                    Max.   :950.0   Max.   :950.0   Max.   :950.0  
    count_G        n_genomes         mut           
 Min.   :  0.0   Min.   :  0.0   Length:1206751    
 1st Qu.:  0.0   1st Qu.:582.0   Class :character  
 Median :  0.0   Median :932.0   Mode  :character  
 Mean   :241.7   Mean   :739.3                     
 3rd Qu.:511.0   3rd Qu.:948.0                     
 Max.   :950.0   Max.   :950.0                     
     seq                start               end              strand         
 Length:13045617    Min.   :    1959   Min.   :    1960   Length:13045617   
 Class :character   1st Qu.: 6453222   1st Qu.: 6453223   Class :character  
 Mode  :character   Median :12313892   Median :12313893   Mode  :character  
                    Mean   :12108627   Mean   :12108628                     
                    3rd Qu.:17969198   3rd Qu.:17969199                     
                    Max.   :23206286   Max.   :23206287                     
                                                                            
   species          aligned_chrom      aligned_pos          sequence        
 Length:13045617    Length:13045617    Length:13045617    Length:13045617   
 Class :character   Class :character   Class :character   Class :character  
 Mode  :character   Mode  :character   Mode  :character   Mode  :character  
                                                                            
                                                                            
                                                                            
                                                                            
   strands              score             CHROM               width  
 Length:13045617    Min.   : NA        Length:13045617    Min.   :1  
 Class :character   1st Qu.: NA        Class :character   1st Qu.:1  
 Mode  :character   Median : NA        Mode  :character   Median :1  
                    Mean   :NaN                           Mean   :1  
                    3rd Qu.: NA                           3rd Qu.:1  
                    Max.   : NA                           Max.   :1  
                    NA's   :13045617                                 
      POS               ref             outgroup_1         outgroup_2       
 Min.   :    1960   Length:13045617    Length:13045617    Length:13045617   
 1st Qu.: 6453223   Class :character   Class :character   Class :character  
 Median :12313893   Mode  :character   Mode  :character   Mode  :character  
 Mean   :12108628                                                           
 3rd Qu.:17969199                                                           
 Max.   :23206287                                                           
                                                                            
[1] 1206751
[1] 13045617

      10 
13045617 
[1] 13045617
[1] 10609520
            seq start  end strand
611 NC_029265.1  3662 3663      +
613 NC_029265.1  3663 3664      +
615 NC_029265.1  3664 3665      +
617 NC_029265.1  3665 3666      +
619 NC_029265.1  3666 3667      +
621 NC_029265.1  3667 3668      +
                                                                                      species
611 GCF_001433935_Oryza_sativa,GCF_000147395_Oryza_glaberrima,GCF_000231095_Oryza_brachyantha
613 GCF_001433935_Oryza_sativa,GCF_000147395_Oryza_glaberrima,GCF_000231095_Oryza_brachyantha
615 GCF_001433935_Oryza_sativa,GCF_000147395_Oryza_glaberrima,GCF_000231095_Oryza_brachyantha
617 GCF_001433935_Oryza_sativa,GCF_000147395_Oryza_glaberrima,GCF_000231095_Oryza_brachyantha
619 GCF_001433935_Oryza_sativa,GCF_000147395_Oryza_glaberrima,GCF_000231095_Oryza_brachyantha
621 GCF_001433935_Oryza_sativa,GCF_000147395_Oryza_glaberrima,GCF_000231095_Oryza_brachyantha
                aligned_chrom     aligned_pos sequence strands score CHROM
611 NC_029265.1,NC_068331.1,? 3662,14581541,?    G,g,?   +,-,?   NaN    10
613 NC_029265.1,NC_068331.1,? 3663,14581540,?    A,a,?   +,-,?   NaN    10
615 NC_029265.1,NC_068331.1,? 3664,14581539,?    T,c,?   +,-,?   NaN    10
617 NC_029265.1,NC_068331.1,? 3665,14581538,?    G,g,?   +,-,?   NaN    10
619 NC_029265.1,NC_068331.1,? 3666,14581537,?    G,g,?   +,-,?   NaN    10
621 NC_029265.1,NC_068331.1,? 3667,14581536,?    T,t,?   +,-,?   NaN    10
    width  POS ref outgroup_1 outgroup_2
611     1 3663   G          G          ?
613     1 3664   A          A          ?
615     1 3665   T          C          ?
617     1 3666   G          G          ?
619     1 3667   G          G          ?
621     1 3668   T          T          ?
[1] 10609520
[1] 10609520
          seq start  end strand
1 NC_029265.1  1959 1960      +
2 NC_029265.1  1960 1961      +
3 NC_029265.1  1961 1962      +
4 NC_029265.1  1962 1963      +
5 NC_029265.1  1963 1964      +
6 NC_029265.1  1964 1965      +
                                                                                    species
1 GCF_001433935_Oryza_sativa,GCF_000147395_Oryza_glaberrima,GCF_000231095_Oryza_brachyantha
2 GCF_001433935_Oryza_sativa,GCF_000147395_Oryza_glaberrima,GCF_000231095_Oryza_brachyantha
3 GCF_001433935_Oryza_sativa,GCF_000147395_Oryza_glaberrima,GCF_000231095_Oryza_brachyantha
4 GCF_001433935_Oryza_sativa,GCF_000147395_Oryza_glaberrima,GCF_000231095_Oryza_brachyantha
5 GCF_001433935_Oryza_sativa,GCF_000147395_Oryza_glaberrima,GCF_000231095_Oryza_brachyantha
6 GCF_001433935_Oryza_sativa,GCF_000147395_Oryza_glaberrima,GCF_000231095_Oryza_brachyantha
              aligned_chrom     aligned_pos sequence strands score CHROM width
1 NC_029265.1,NC_068329.1,? 1959,10601478,?    A,A,?   +,+,?   NaN    10     1
2 NC_029265.1,NC_068329.1,? 1960,10601479,?    T,C,?   +,+,?   NaN    10     1
3 NC_029265.1,NC_068329.1,? 1961,10601480,?    C,C,?   +,+,?   NaN    10     1
4 NC_029265.1,NC_068329.1,? 1962,10601481,?    T,T,?   +,+,?   NaN    10     1
5 NC_029265.1,NC_068329.1,? 1963,10601482,?    A,A,?   +,+,?   NaN    10     1
6 NC_029265.1,NC_068329.1,? 1964,10601483,?    C,C,?   +,+,?   NaN    10     1
   POS ref outgroup_1 outgroup_2
1 1960   A          A          ?
2 1961   T          C          ?
3 1962   C          C          ?
4 1963   T          T          ?
5 1964   A          A          ?
6 1965   C          C          ?
Joining with `by = join_by(CHROM, POS)`
[1] 1206751
[1] 1206751
  CHROM  POS N_ALLELES N_CHR {ALLELE:COUNT}_REF {ALLELE:COUNT}_ALT REF ALT
1    10 1140         2     4                C:4                A:0   C   A
2    10 1185         2     2                T:2                A:0   T   A
3    10 1199         2     2                T:2                A:0   T   A
4    10 1247         2     0                T:0                C:0   T   C
5    10 1270         2     0                A:0                C:0   A   C
6    10 1274         2     0                T:0                C:0   T   C
  count_REF count_ALT count_A count_T count_C count_G n_genomes  mut  ref
1         4         0       0       0       4       0         4 C->A <NA>
2         2         0       0       2       0       0         2 T->A <NA>
3         2         0       0       2       0       0         2 T->A <NA>
4         0         0       0       0       0       0         0 T->C <NA>
5         0         0       0       0       0       0         0 A->C <NA>
6         0         0       0       0       0       0         0 T->C <NA>
  outgroup_1 outgroup_2
1       <NA>       <NA>
2       <NA>       <NA>
3       <NA>       <NA>
4       <NA>       <NA>
5       <NA>       <NA>
6       <NA>       <NA>
  REF  ref
1   C <NA>
2   T <NA>
3   T <NA>
4   T <NA>
5   A <NA>
6   T <NA>
[1] 0.3752257
  CHROM  POS N_ALLELES N_CHR {ALLELE:COUNT}_REF {ALLELE:COUNT}_ALT REF ALT
1    10 1140         2     4                C:4                A:0   C   A
2    10 1185         2     2                T:2                A:0   T   A
3    10 1199         2     2                T:2                A:0   T   A
4    10 1247         2     0                T:0                C:0   T   C
5    10 1270         2     0                A:0                C:0   A   C
6    10 1274         2     0                T:0                C:0   T   C
  count_REF count_ALT count_A count_T count_C count_G n_genomes  mut  ref
1         4         0       0       0       4       0         4 C->A <NA>
2         2         0       0       2       0       0         2 T->A <NA>
3         2         0       0       2       0       0         2 T->A <NA>
4         0         0       0       0       0       0         0 T->C <NA>
5         0         0       0       0       0       0         0 A->C <NA>
6         0         0       0       0       0       0         0 T->C <NA>
  outgroup_1 outgroup_2 A_outgroup_1 T_outgroup_1 C_outgroup_1 G_outgroup_1
1       <NA>       <NA>            0            0            0            0
2       <NA>       <NA>            0            0            0            0
3       <NA>       <NA>            0            0            0            0
4       <NA>       <NA>            0            0            0            0
5       <NA>       <NA>            0            0            0            0
6       <NA>       <NA>            0            0            0            0
  A_outgroup_2 T_outgroup_2 C_outgroup_2 G_outgroup_2
1            0            0            0            0
2            0            0            0            0
3            0            0            0            0
4            0            0            0            0
5            0            0            0            0
6            0            0            0            0
# ---------------------------- # 
# EST-SFS 
# ---------------------------- # 
  ref_species outgroup_1 outgroup_2
1     0,4,0,0    0,0,0,0    0,0,0,0
2     0,0,0,2    0,0,0,0    0,0,0,0
3     0,0,0,2    0,0,0,0    0,0,0,0
4     0,0,0,0    0,0,0,0    0,0,0,0
5     0,0,0,0    0,0,0,0    0,0,0,0
6     0,0,0,0    0,0,0,0    0,0,0,0
[1] 1206751
