
Attaching package: ‘dplyr’

The following objects are masked from ‘package:stats’:

    filter, lag

The following objects are masked from ‘package:base’:

    intersect, setdiff, setequal, union

##### Chromosome 3 : NC_029258.1 ##### 
---------------------------- 
VCF 
---------------------------- 
head(snp_counts) 
  V1   V2 V3  V4    V5    V6
1  3 1052  2 904 T:904   C:0
2  3 1059  2 908 T:908   C:0
3  3 1133  2 908 T:750 C:158
4  3 1136  2 940 T:940   A:0
5  3 1139  2 918 C:803 A:115
6  3 1147  2 922 T:805 C:117
  CHROM  POS N_ALLELES N_CHR {ALLELE:COUNT}_REF {ALLELE:COUNT}_ALT
1     3 1052         2   904              T:904                C:0
2     3 1059         2   908              T:908                C:0
3     3 1133         2   908              T:750              C:158
4     3 1136         2   940              T:940                A:0
5     3 1139         2   918              C:803              A:115
6     3 1147         2   922              T:805              C:117
  CHROM  POS N_ALLELES N_CHR {ALLELE:COUNT}_REF {ALLELE:COUNT}_ALT REF ALT
1     3 1052         2   904              T:904                C:0   T   C
2     3 1059         2   908              T:908                C:0   T   C
3     3 1133         2   908              T:750              C:158   T   C
4     3 1136         2   940              T:940                A:0   T   A
5     3 1139         2   918              C:803              A:115   C   A
6     3 1147         2   922              T:805              C:117   T   C
  count_REF count_ALT
1       904         0
2       908         0
3       750       158
4       940         0
5       803       115
6       805       117
  CHROM  POS N_ALLELES N_CHR {ALLELE:COUNT}_REF {ALLELE:COUNT}_ALT REF ALT
1     3 1052         2   904              T:904                C:0   T   C
2     3 1059         2   908              T:908                C:0   T   C
3     3 1133         2   908              T:750              C:158   T   C
4     3 1136         2   940              T:940                A:0   T   A
5     3 1139         2   918              C:803              A:115   C   A
6     3 1147         2   922              T:805              C:117   T   C
  count_REF count_ALT count_A count_T count_C count_G
1       904         0       0     904       0       0
2       908         0       0     908       0       0
3       750       158       0     750     158       0
4       940         0       0     940       0       0
5       803       115     115       0     803       0
6       805       117       0     805     117       0
  CHROM  POS N_ALLELES N_CHR {ALLELE:COUNT}_REF {ALLELE:COUNT}_ALT REF ALT
1     3 1052         2   904              T:904                C:0   T   C
2     3 1059         2   908              T:908                C:0   T   C
3     3 1133         2   908              T:750              C:158   T   C
4     3 1136         2   940              T:940                A:0   T   A
5     3 1139         2   918              C:803              A:115   C   A
6     3 1147         2   922              T:805              C:117   T   C
  count_REF count_ALT count_A count_T count_C count_G n_genomes
1       904         0       0     904       0       0       904
2       908         0       0     908       0       0       908
3       750       158       0     750     158       0       908
4       940         0       0     940       0       0       940
5       803       115     115       0     803       0       918
6       805       117       0     805     117       0       922
[1] "T->C" "T->C" "T->C" "T->A" "C->A" "T->C"

  A->C   A->G   A->T   C->A   C->G   C->T   G->A   G->C   G->T   T->A   T->C 
 34505 147214  58361  72496  37482 380821 378276  37301  72238  58703 147010 
  T->G 
 34750 
number of mutations WS :  363479 
number of mutations SW :  903831 
# ---------------------------- # 
# WGABED - Alignement avec Cactus 
# ---------------------------- # 
          seq start   end strand
1 NC_029258.1 29812 29813      +
2 NC_029258.1 29813 29814      +
3 NC_029258.1 29814 29815      +
4 NC_029258.1 29815 29816      +
5 NC_029258.1 29816 29817      +
6 NC_029258.1 29817 29818      +
                                                                                    species
1 GCF_001433935_Oryza_sativa,GCF_000147395_Oryza_glaberrima,GCF_000231095_Oryza_brachyantha
2 GCF_001433935_Oryza_sativa,GCF_000147395_Oryza_glaberrima,GCF_000231095_Oryza_brachyantha
3 GCF_001433935_Oryza_sativa,GCF_000147395_Oryza_glaberrima,GCF_000231095_Oryza_brachyantha
4 GCF_001433935_Oryza_sativa,GCF_000147395_Oryza_glaberrima,GCF_000231095_Oryza_brachyantha
5 GCF_001433935_Oryza_sativa,GCF_000147395_Oryza_glaberrima,GCF_000231095_Oryza_brachyantha
6 GCF_001433935_Oryza_sativa,GCF_000147395_Oryza_glaberrima,GCF_000231095_Oryza_brachyantha
              aligned_chrom   aligned_pos sequence strands score
1 NC_029258.1,NC_068328.1,? 29812,30004,?    c,c,?   +,+,?   NaN
2 NC_029258.1,NC_068328.1,? 29813,30005,?    c,c,?   +,+,?   NaN
3 NC_029258.1,NC_068328.1,? 29814,30006,?    c,c,?   +,+,?   NaN
4 NC_029258.1,NC_068328.1,? 29815,30007,?    c,c,?   +,+,?   NaN
5 NC_029258.1,NC_068328.1,? 29816,30008,?    a,a,?   +,+,?   NaN
6 NC_029258.1,NC_068328.1,? 29817,30009,?    t,t,?   +,+,?   NaN
[1] 17569073
[1] 17360891
          seq start   end strand
1 NC_029258.1 29812 29813      +
2 NC_029258.1 29813 29814      +
3 NC_029258.1 29814 29815      +
4 NC_029258.1 29815 29816      +
5 NC_029258.1 29816 29817      +
6 NC_029258.1 29817 29818      +
                                                                                    species
1 GCF_001433935_Oryza_sativa,GCF_000147395_Oryza_glaberrima,GCF_000231095_Oryza_brachyantha
2 GCF_001433935_Oryza_sativa,GCF_000147395_Oryza_glaberrima,GCF_000231095_Oryza_brachyantha
3 GCF_001433935_Oryza_sativa,GCF_000147395_Oryza_glaberrima,GCF_000231095_Oryza_brachyantha
4 GCF_001433935_Oryza_sativa,GCF_000147395_Oryza_glaberrima,GCF_000231095_Oryza_brachyantha
5 GCF_001433935_Oryza_sativa,GCF_000147395_Oryza_glaberrima,GCF_000231095_Oryza_brachyantha
6 GCF_001433935_Oryza_sativa,GCF_000147395_Oryza_glaberrima,GCF_000231095_Oryza_brachyantha
              aligned_chrom   aligned_pos sequence strands score CHROM width
1 NC_029258.1,NC_068328.1,? 29812,30004,?    c,c,?   +,+,?   NaN     3     1
2 NC_029258.1,NC_068328.1,? 29813,30005,?    c,c,?   +,+,?   NaN     3     1
3 NC_029258.1,NC_068328.1,? 29814,30006,?    c,c,?   +,+,?   NaN     3     1
4 NC_029258.1,NC_068328.1,? 29815,30007,?    c,c,?   +,+,?   NaN     3     1
5 NC_029258.1,NC_068328.1,? 29816,30008,?    a,a,?   +,+,?   NaN     3     1
6 NC_029258.1,NC_068328.1,? 29817,30009,?    t,t,?   +,+,?   NaN     3     1
    POS
1 29813
2 29814
3 29815
4 29816
5 29817
6 29818
          seq start   end strand
1 NC_029258.1 29812 29813      +
2 NC_029258.1 29813 29814      +
3 NC_029258.1 29814 29815      +
4 NC_029258.1 29815 29816      +
5 NC_029258.1 29816 29817      +
6 NC_029258.1 29817 29818      +
                                                                                    species
1 GCF_001433935_Oryza_sativa,GCF_000147395_Oryza_glaberrima,GCF_000231095_Oryza_brachyantha
2 GCF_001433935_Oryza_sativa,GCF_000147395_Oryza_glaberrima,GCF_000231095_Oryza_brachyantha
3 GCF_001433935_Oryza_sativa,GCF_000147395_Oryza_glaberrima,GCF_000231095_Oryza_brachyantha
4 GCF_001433935_Oryza_sativa,GCF_000147395_Oryza_glaberrima,GCF_000231095_Oryza_brachyantha
5 GCF_001433935_Oryza_sativa,GCF_000147395_Oryza_glaberrima,GCF_000231095_Oryza_brachyantha
6 GCF_001433935_Oryza_sativa,GCF_000147395_Oryza_glaberrima,GCF_000231095_Oryza_brachyantha
              aligned_chrom   aligned_pos sequence strands score CHROM width
1 NC_029258.1,NC_068328.1,? 29812,30004,?    c,c,?   +,+,?   NaN     3     1
2 NC_029258.1,NC_068328.1,? 29813,30005,?    c,c,?   +,+,?   NaN     3     1
3 NC_029258.1,NC_068328.1,? 29814,30006,?    c,c,?   +,+,?   NaN     3     1
4 NC_029258.1,NC_068328.1,? 29815,30007,?    c,c,?   +,+,?   NaN     3     1
5 NC_029258.1,NC_068328.1,? 29816,30008,?    a,a,?   +,+,?   NaN     3     1
6 NC_029258.1,NC_068328.1,? 29817,30009,?    t,t,?   +,+,?   NaN     3     1
    POS ref outgroup_1 outgroup_2
1 29813   C          C          ?
2 29814   C          C          ?
3 29815   C          C          ?
4 29816   C          C          ?
5 29817   A          A          ?
6 29818   T          T          ?
          seq start   end strand
1 NC_029258.1 29812 29813      +
2 NC_029258.1 29813 29814      +
3 NC_029258.1 29814 29815      +
4 NC_029258.1 29815 29816      +
5 NC_029258.1 29816 29817      +
6 NC_029258.1 29817 29818      +
                                                                                    species
1 GCF_001433935_Oryza_sativa,GCF_000147395_Oryza_glaberrima,GCF_000231095_Oryza_brachyantha
2 GCF_001433935_Oryza_sativa,GCF_000147395_Oryza_glaberrima,GCF_000231095_Oryza_brachyantha
3 GCF_001433935_Oryza_sativa,GCF_000147395_Oryza_glaberrima,GCF_000231095_Oryza_brachyantha
4 GCF_001433935_Oryza_sativa,GCF_000147395_Oryza_glaberrima,GCF_000231095_Oryza_brachyantha
5 GCF_001433935_Oryza_sativa,GCF_000147395_Oryza_glaberrima,GCF_000231095_Oryza_brachyantha
6 GCF_001433935_Oryza_sativa,GCF_000147395_Oryza_glaberrima,GCF_000231095_Oryza_brachyantha
              aligned_chrom   aligned_pos sequence strands score CHROM width
1 NC_029258.1,NC_068328.1,? 29812,30004,?    c,c,?   +,+,?   NaN     3     1
2 NC_029258.1,NC_068328.1,? 29813,30005,?    c,c,?   +,+,?   NaN     3     1
3 NC_029258.1,NC_068328.1,? 29814,30006,?    c,c,?   +,+,?   NaN     3     1
4 NC_029258.1,NC_068328.1,? 29815,30007,?    c,c,?   +,+,?   NaN     3     1
5 NC_029258.1,NC_068328.1,? 29816,30008,?    a,a,?   +,+,?   NaN     3     1
6 NC_029258.1,NC_068328.1,? 29817,30009,?    t,t,?   +,+,?   NaN     3     1
    POS ref outgroup_1 outgroup_2
1 29813   C          C          ?
2 29814   C          C          ?
3 29815   C          C          ?
4 29816   C          C          ?
5 29817   A          A          ?
6 29818   T          T          ?
          seq start   end strand
1 NC_029258.1 29812 29813      +
2 NC_029258.1 29813 29814      +
3 NC_029258.1 29814 29815      +
4 NC_029258.1 29815 29816      +
5 NC_029258.1 29816 29817      +
6 NC_029258.1 29817 29818      +
                                                                                    species
1 GCF_001433935_Oryza_sativa,GCF_000147395_Oryza_glaberrima,GCF_000231095_Oryza_brachyantha
2 GCF_001433935_Oryza_sativa,GCF_000147395_Oryza_glaberrima,GCF_000231095_Oryza_brachyantha
3 GCF_001433935_Oryza_sativa,GCF_000147395_Oryza_glaberrima,GCF_000231095_Oryza_brachyantha
4 GCF_001433935_Oryza_sativa,GCF_000147395_Oryza_glaberrima,GCF_000231095_Oryza_brachyantha
5 GCF_001433935_Oryza_sativa,GCF_000147395_Oryza_glaberrima,GCF_000231095_Oryza_brachyantha
6 GCF_001433935_Oryza_sativa,GCF_000147395_Oryza_glaberrima,GCF_000231095_Oryza_brachyantha
              aligned_chrom   aligned_pos sequence strands score CHROM width
1 NC_029258.1,NC_068328.1,? 29812,30004,?    c,c,?   +,+,?   NaN     3     1
2 NC_029258.1,NC_068328.1,? 29813,30005,?    c,c,?   +,+,?   NaN     3     1
3 NC_029258.1,NC_068328.1,? 29814,30006,?    c,c,?   +,+,?   NaN     3     1
4 NC_029258.1,NC_068328.1,? 29815,30007,?    c,c,?   +,+,?   NaN     3     1
5 NC_029258.1,NC_068328.1,? 29816,30008,?    a,a,?   +,+,?   NaN     3     1
6 NC_029258.1,NC_068328.1,? 29817,30009,?    t,t,?   +,+,?   NaN     3     1
    POS ref outgroup_1 outgroup_2
1 29813   C          C          ?
2 29814   C          C          ?
3 29815   C          C          ?
4 29816   C          C          ?
5 29817   A          A          ?
6 29818   T          T          ?
          seq start   end strand
1 NC_029258.1 29812 29813      +
2 NC_029258.1 29813 29814      +
3 NC_029258.1 29814 29815      +
4 NC_029258.1 29815 29816      +
5 NC_029258.1 29816 29817      +
6 NC_029258.1 29817 29818      +
                                                                                    species
1 GCF_001433935_Oryza_sativa,GCF_000147395_Oryza_glaberrima,GCF_000231095_Oryza_brachyantha
2 GCF_001433935_Oryza_sativa,GCF_000147395_Oryza_glaberrima,GCF_000231095_Oryza_brachyantha
3 GCF_001433935_Oryza_sativa,GCF_000147395_Oryza_glaberrima,GCF_000231095_Oryza_brachyantha
4 GCF_001433935_Oryza_sativa,GCF_000147395_Oryza_glaberrima,GCF_000231095_Oryza_brachyantha
5 GCF_001433935_Oryza_sativa,GCF_000147395_Oryza_glaberrima,GCF_000231095_Oryza_brachyantha
6 GCF_001433935_Oryza_sativa,GCF_000147395_Oryza_glaberrima,GCF_000231095_Oryza_brachyantha
              aligned_chrom   aligned_pos sequence strands score CHROM width
1 NC_029258.1,NC_068328.1,? 29812,30004,?    c,c,?   +,+,?   NaN     3     1
2 NC_029258.1,NC_068328.1,? 29813,30005,?    c,c,?   +,+,?   NaN     3     1
3 NC_029258.1,NC_068328.1,? 29814,30006,?    c,c,?   +,+,?   NaN     3     1
4 NC_029258.1,NC_068328.1,? 29815,30007,?    c,c,?   +,+,?   NaN     3     1
5 NC_029258.1,NC_068328.1,? 29816,30008,?    a,a,?   +,+,?   NaN     3     1
6 NC_029258.1,NC_068328.1,? 29817,30009,?    t,t,?   +,+,?   NaN     3     1
    POS ref outgroup_1 outgroup_2
1 29813   C          C          ?
2 29814   C          C          ?
3 29815   C          C          ?
4 29816   C          C          ?
5 29817   A          A          ?
6 29818   T          T          ?
  CHROM  POS N_ALLELES N_CHR {ALLELE:COUNT}_REF {ALLELE:COUNT}_ALT REF ALT
1     3 1052         2   904              T:904                C:0   T   C
2     3 1059         2   908              T:908                C:0   T   C
3     3 1133         2   908              T:750              C:158   T   C
4     3 1136         2   940              T:940                A:0   T   A
5     3 1139         2   918              C:803              A:115   C   A
6     3 1147         2   922              T:805              C:117   T   C
  count_REF count_ALT count_A count_T count_C count_G n_genomes  mut
1       904         0       0     904       0       0       904 T->C
2       908         0       0     908       0       0       908 T->C
3       750       158       0     750     158       0       908 T->C
4       940         0       0     940       0       0       940 T->A
5       803       115     115       0     803       0       918 C->A
6       805       117       0     805     117       0       922 T->C
          seq start   end strand
1 NC_029258.1 29812 29813      +
2 NC_029258.1 29813 29814      +
3 NC_029258.1 29814 29815      +
4 NC_029258.1 29815 29816      +
5 NC_029258.1 29816 29817      +
6 NC_029258.1 29817 29818      +
                                                                                    species
1 GCF_001433935_Oryza_sativa,GCF_000147395_Oryza_glaberrima,GCF_000231095_Oryza_brachyantha
2 GCF_001433935_Oryza_sativa,GCF_000147395_Oryza_glaberrima,GCF_000231095_Oryza_brachyantha
3 GCF_001433935_Oryza_sativa,GCF_000147395_Oryza_glaberrima,GCF_000231095_Oryza_brachyantha
4 GCF_001433935_Oryza_sativa,GCF_000147395_Oryza_glaberrima,GCF_000231095_Oryza_brachyantha
5 GCF_001433935_Oryza_sativa,GCF_000147395_Oryza_glaberrima,GCF_000231095_Oryza_brachyantha
6 GCF_001433935_Oryza_sativa,GCF_000147395_Oryza_glaberrima,GCF_000231095_Oryza_brachyantha
              aligned_chrom   aligned_pos sequence strands score CHROM width
1 NC_029258.1,NC_068328.1,? 29812,30004,?    c,c,?   +,+,?   NaN     3     1
2 NC_029258.1,NC_068328.1,? 29813,30005,?    c,c,?   +,+,?   NaN     3     1
3 NC_029258.1,NC_068328.1,? 29814,30006,?    c,c,?   +,+,?   NaN     3     1
4 NC_029258.1,NC_068328.1,? 29815,30007,?    c,c,?   +,+,?   NaN     3     1
5 NC_029258.1,NC_068328.1,? 29816,30008,?    a,a,?   +,+,?   NaN     3     1
6 NC_029258.1,NC_068328.1,? 29817,30009,?    t,t,?   +,+,?   NaN     3     1
    POS ref outgroup_1 outgroup_2
1 29813   C          C          ?
2 29814   C          C          ?
3 29815   C          C          ?
4 29816   C          C          ?
5 29817   A          A          ?
6 29818   T          T          ?
     CHROM        POS             N_ALLELES     N_CHR       {ALLELE:COUNT}_REF
 Min.   :3   Min.   :    1052   Min.   :2   Min.   :  0.0   Length:1459157    
 1st Qu.:3   1st Qu.:11180474   1st Qu.:2   1st Qu.:892.0   Class :character  
 Median :3   Median :19206320   Median :2   Median :944.0   Mode  :character  
 Mean   :3   Mean   :18931739   Mean   :2   Mean   :824.5                     
 3rd Qu.:3   3rd Qu.:26770528   3rd Qu.:2   3rd Qu.:948.0                     
 Max.   :3   Max.   :36413792   Max.   :2   Max.   :950.0                     
 {ALLELE:COUNT}_ALT     REF                ALT             count_REF        
 Length:1459157     Length:1459157     Length:1459157     Length:1459157    
 Class :character   Class :character   Class :character   Class :character  
 Mode  :character   Mode  :character   Mode  :character   Mode  :character  
                                                                            
                                                                            
                                                                            
  count_ALT            count_A       count_T       count_C         count_G     
 Length:1459157     Min.   :  0   Min.   :  0   Min.   :  0.0   Min.   :  0.0  
 Class :character   1st Qu.:  0   1st Qu.:  0   1st Qu.:  0.0   1st Qu.:  0.0  
 Mode  :character   Median :  0   Median :  0   Median :  0.0   Median :  0.0  
                    Mean   :139   Mean   :139   Mean   :274.2   Mean   :272.4  
                    3rd Qu.:  4   3rd Qu.:  4   3rd Qu.:808.0   3rd Qu.:798.0  
                    Max.   :950   Max.   :950   Max.   :950.0   Max.   :950.0  
   n_genomes         mut           
 Min.   :  0.0   Length:1459157    
 1st Qu.:892.0   Class :character  
 Median :944.0   Mode  :character  
 Mean   :824.5                     
 3rd Qu.:948.0                     
 Max.   :950.0                     
     seq                start               end              strand         
 Length:17360891    Min.   :   29812   Min.   :   29813   Length:17360891   
 Class :character   1st Qu.: 8110970   1st Qu.: 8110972   Class :character  
 Mode  :character   Median :17118603   Median :17118604   Mode  :character  
                    Mean   :17960659   Mean   :17960660                     
                    3rd Qu.:28177464   3rd Qu.:28177466                     
                    Max.   :36402170   Max.   :36402171                     
                                                                            
   species          aligned_chrom      aligned_pos          sequence        
 Length:17360891    Length:17360891    Length:17360891    Length:17360891   
 Class :character   Class :character   Class :character   Class :character  
 Mode  :character   Mode  :character   Mode  :character   Mode  :character  
                                                                            
                                                                            
                                                                            
                                                                            
   strands              score             CHROM               width  
 Length:17360891    Min.   : NA        Length:17360891    Min.   :1  
 Class :character   1st Qu.: NA        Class :character   1st Qu.:1  
 Mode  :character   Median : NA        Mode  :character   Median :1  
                    Mean   :NaN                           Mean   :1  
                    3rd Qu.: NA                           3rd Qu.:1  
                    Max.   : NA                           Max.   :1  
                    NA's   :17360891                                 
      POS               ref             outgroup_1         outgroup_2       
 Min.   :   29813   Length:17360891    Length:17360891    Length:17360891   
 1st Qu.: 8110972   Class :character   Class :character   Class :character  
 Median :17118604   Mode  :character   Mode  :character   Mode  :character  
 Mean   :17960660                                                           
 3rd Qu.:28177466                                                           
 Max.   :36402171                                                           
                                                                            
[1] 1459157
[1] 17360891

       3 
17360891 
[1] 17360891
[1] 17082046
              seq  start    end strand
85382 NC_029258.1 293724 293725      +
85384 NC_029258.1 293725 293726      +
85386 NC_029258.1 293726 293727      +
85388 NC_029258.1 293727 293728      +
85390 NC_029258.1 293728 293729      +
85392 NC_029258.1 293729 293730      +
                                                                                        species
85382 GCF_001433935_Oryza_sativa,GCF_000147395_Oryza_glaberrima,GCF_000231095_Oryza_brachyantha
85384 GCF_001433935_Oryza_sativa,GCF_000147395_Oryza_glaberrima,GCF_000231095_Oryza_brachyantha
85386 GCF_001433935_Oryza_sativa,GCF_000147395_Oryza_glaberrima,GCF_000231095_Oryza_brachyantha
85388 GCF_001433935_Oryza_sativa,GCF_000147395_Oryza_glaberrima,GCF_000231095_Oryza_brachyantha
85390 GCF_001433935_Oryza_sativa,GCF_000147395_Oryza_glaberrima,GCF_000231095_Oryza_brachyantha
85392 GCF_001433935_Oryza_sativa,GCF_000147395_Oryza_glaberrima,GCF_000231095_Oryza_brachyantha
                            aligned_chrom              aligned_pos sequence
85382 NC_029258.1,NC_068326.1,NC_023163.2 293724,38636849,32733930    t,C,G
85384 NC_029258.1,NC_068326.1,NC_023163.2 293725,38636848,32733929    c,A,A
85386 NC_029258.1,NC_068326.1,NC_023163.2 293726,38636847,32733928    c,C,C
85388 NC_029258.1,NC_068326.1,NC_023163.2 293727,38636846,32733927    g,G,G
85390 NC_029258.1,NC_068326.1,NC_023163.2 293728,38636845,32733926    g,G,G
85392 NC_029258.1,NC_068326.1,NC_023163.2 293729,38636844,32733925    c,C,C
      strands score CHROM width    POS ref outgroup_1 outgroup_2
85382   +,-,-   NaN     3     1 293725   T          C          G
85384   +,-,-   NaN     3     1 293726   C          A          A
85386   +,-,-   NaN     3     1 293727   C          C          C
85388   +,-,-   NaN     3     1 293728   G          G          G
85390   +,-,-   NaN     3     1 293729   G          G          G
85392   +,-,-   NaN     3     1 293730   C          C          C
[1] 17082046
[1] 17082046
          seq start   end strand
1 NC_029258.1 29812 29813      +
2 NC_029258.1 29813 29814      +
3 NC_029258.1 29814 29815      +
4 NC_029258.1 29815 29816      +
5 NC_029258.1 29816 29817      +
6 NC_029258.1 29817 29818      +
                                                                                    species
1 GCF_001433935_Oryza_sativa,GCF_000147395_Oryza_glaberrima,GCF_000231095_Oryza_brachyantha
2 GCF_001433935_Oryza_sativa,GCF_000147395_Oryza_glaberrima,GCF_000231095_Oryza_brachyantha
3 GCF_001433935_Oryza_sativa,GCF_000147395_Oryza_glaberrima,GCF_000231095_Oryza_brachyantha
4 GCF_001433935_Oryza_sativa,GCF_000147395_Oryza_glaberrima,GCF_000231095_Oryza_brachyantha
5 GCF_001433935_Oryza_sativa,GCF_000147395_Oryza_glaberrima,GCF_000231095_Oryza_brachyantha
6 GCF_001433935_Oryza_sativa,GCF_000147395_Oryza_glaberrima,GCF_000231095_Oryza_brachyantha
              aligned_chrom   aligned_pos sequence strands score CHROM width
1 NC_029258.1,NC_068328.1,? 29812,30004,?    c,c,?   +,+,?   NaN     3     1
2 NC_029258.1,NC_068328.1,? 29813,30005,?    c,c,?   +,+,?   NaN     3     1
3 NC_029258.1,NC_068328.1,? 29814,30006,?    c,c,?   +,+,?   NaN     3     1
4 NC_029258.1,NC_068328.1,? 29815,30007,?    c,c,?   +,+,?   NaN     3     1
5 NC_029258.1,NC_068328.1,? 29816,30008,?    a,a,?   +,+,?   NaN     3     1
6 NC_029258.1,NC_068328.1,? 29817,30009,?    t,t,?   +,+,?   NaN     3     1
    POS ref outgroup_1 outgroup_2
1 29813   C          C          ?
2 29814   C          C          ?
3 29815   C          C          ?
4 29816   C          C          ?
5 29817   A          A          ?
6 29818   T          T          ?
Joining with `by = join_by(CHROM, POS)`
[1] 1459157
[1] 1459157
  CHROM  POS N_ALLELES N_CHR {ALLELE:COUNT}_REF {ALLELE:COUNT}_ALT REF ALT
1     3 1052         2   904              T:904                C:0   T   C
2     3 1059         2   908              T:908                C:0   T   C
3     3 1133         2   908              T:750              C:158   T   C
4     3 1136         2   940              T:940                A:0   T   A
5     3 1139         2   918              C:803              A:115   C   A
6     3 1147         2   922              T:805              C:117   T   C
  count_REF count_ALT count_A count_T count_C count_G n_genomes  mut  ref
1       904         0       0     904       0       0       904 T->C <NA>
2       908         0       0     908       0       0       908 T->C <NA>
3       750       158       0     750     158       0       908 T->C <NA>
4       940         0       0     940       0       0       940 T->A <NA>
5       803       115     115       0     803       0       918 C->A <NA>
6       805       117       0     805     117       0       922 T->C <NA>
  outgroup_1 outgroup_2
1       <NA>       <NA>
2       <NA>       <NA>
3       <NA>       <NA>
4       <NA>       <NA>
5       <NA>       <NA>
6       <NA>       <NA>
  REF  ref
1   T <NA>
2   T <NA>
3   T <NA>
4   T <NA>
5   C <NA>
6   T <NA>
[1] 0.3177321
  CHROM  POS N_ALLELES N_CHR {ALLELE:COUNT}_REF {ALLELE:COUNT}_ALT REF ALT
1     3 1052         2   904              T:904                C:0   T   C
2     3 1059         2   908              T:908                C:0   T   C
3     3 1133         2   908              T:750              C:158   T   C
4     3 1136         2   940              T:940                A:0   T   A
5     3 1139         2   918              C:803              A:115   C   A
6     3 1147         2   922              T:805              C:117   T   C
  count_REF count_ALT count_A count_T count_C count_G n_genomes  mut  ref
1       904         0       0     904       0       0       904 T->C <NA>
2       908         0       0     908       0       0       908 T->C <NA>
3       750       158       0     750     158       0       908 T->C <NA>
4       940         0       0     940       0       0       940 T->A <NA>
5       803       115     115       0     803       0       918 C->A <NA>
6       805       117       0     805     117       0       922 T->C <NA>
  outgroup_1 outgroup_2 A_outgroup_1 T_outgroup_1 C_outgroup_1 G_outgroup_1
1       <NA>       <NA>            0            0            0            0
2       <NA>       <NA>            0            0            0            0
3       <NA>       <NA>            0            0            0            0
4       <NA>       <NA>            0            0            0            0
5       <NA>       <NA>            0            0            0            0
6       <NA>       <NA>            0            0            0            0
  A_outgroup_2 T_outgroup_2 C_outgroup_2 G_outgroup_2
1            0            0            0            0
2            0            0            0            0
3            0            0            0            0
4            0            0            0            0
5            0            0            0            0
6            0            0            0            0
# ---------------------------- ## EST-SFS# ---------------------------- #  ref_species outgroup_1 outgroup_2
1   0,0,0,904    0,0,0,0    0,0,0,0
2   0,0,0,908    0,0,0,0    0,0,0,0
3 0,158,0,750    0,0,0,0    0,0,0,0
4   0,0,0,940    0,0,0,0    0,0,0,0
5 115,803,0,0    0,0,0,0    0,0,0,0
6 0,117,0,805    0,0,0,0    0,0,0,0
[1] 1459157
