
Attaching package: ‘dplyr’

The following objects are masked from ‘package:stats’:

    filter, lag

The following objects are masked from ‘package:base’:

    intersect, setdiff, setequal, union

##### Chromosome 8 : NC_029263.1 ##### 
---------------------------- 
VCF 
---------------------------- 
head(snp_counts) 
  V1   V2 V3 V4  V5  V6
1  8 1028  2  6 C:6 A:0
2  8 1102  2  2 A:2 T:0
3  8 1116  2  2 A:2 T:0
4  8 1146  2  2 C:2 A:0
5  8 1198  2  0 T:0 A:0
6  8 1204  2  0 T:0 C:0
  CHROM  POS N_ALLELES N_CHR {ALLELE:COUNT}_REF {ALLELE:COUNT}_ALT
1     8 1028         2     6                C:6                A:0
2     8 1102         2     2                A:2                T:0
3     8 1116         2     2                A:2                T:0
4     8 1146         2     2                C:2                A:0
5     8 1198         2     0                T:0                A:0
6     8 1204         2     0                T:0                C:0
  CHROM  POS N_ALLELES N_CHR {ALLELE:COUNT}_REF {ALLELE:COUNT}_ALT REF ALT
1     8 1028         2     6                C:6                A:0   C   A
2     8 1102         2     2                A:2                T:0   A   T
3     8 1116         2     2                A:2                T:0   A   T
4     8 1146         2     2                C:2                A:0   C   A
5     8 1198         2     0                T:0                A:0   T   A
6     8 1204         2     0                T:0                C:0   T   C
  count_REF count_ALT
1         6         0
2         2         0
3         2         0
4         2         0
5         0         0
6         0         0
  CHROM  POS N_ALLELES N_CHR {ALLELE:COUNT}_REF {ALLELE:COUNT}_ALT REF ALT
1     8 1028         2     6                C:6                A:0   C   A
2     8 1102         2     2                A:2                T:0   A   T
3     8 1116         2     2                A:2                T:0   A   T
4     8 1146         2     2                C:2                A:0   C   A
5     8 1198         2     0                T:0                A:0   T   A
6     8 1204         2     0                T:0                C:0   T   C
  count_REF count_ALT count_A count_T count_C count_G
1         6         0       0       0       6       0
2         2         0       2       0       0       0
3         2         0       2       0       0       0
4         2         0       0       0       2       0
5         0         0       0       0       0       0
6         0         0       0       0       0       0
  CHROM  POS N_ALLELES N_CHR {ALLELE:COUNT}_REF {ALLELE:COUNT}_ALT REF ALT
1     8 1028         2     6                C:6                A:0   C   A
2     8 1102         2     2                A:2                T:0   A   T
3     8 1116         2     2                A:2                T:0   A   T
4     8 1146         2     2                C:2                A:0   C   A
5     8 1198         2     0                T:0                A:0   T   A
6     8 1204         2     0                T:0                C:0   T   C
  count_REF count_ALT count_A count_T count_C count_G n_genomes
1         6         0       0       0       6       0         6
2         2         0       2       0       0       0         2
3         2         0       2       0       0       0         2
4         2         0       0       0       2       0         2
5         0         0       0       0       0       0         0
6         0         0       0       0       0       0         0
[1] "C->A" "A->T" "A->T" "C->A" "T->A" "T->C"

  A->C   A->G   A->T   C->A   C->G   C->T   G->A   G->C   G->T   T->A   T->C 
 36669 149612  62496  70856  39093 383337 382063  39170  70798  62579 148612 
  T->G 
 36511 
number of mutations WS :  371404 
number of mutations SW :  907054 
# ---------------------------- # 
# WGABED - Alignement avec Cactus 
# ---------------------------- # 
          seq start  end strand
1 NC_029263.1  1702 1703      +
2 NC_029263.1  1703 1704      +
3 NC_029263.1  1704 1705      +
4 NC_029263.1  1705 1706      +
5 NC_029263.1  1706 1707      +
6 NC_029263.1  1707 1708      +
                                                                                    species
1 GCF_001433935_Oryza_sativa,GCF_000147395_Oryza_glaberrima,GCF_000231095_Oryza_brachyantha
2 GCF_001433935_Oryza_sativa,GCF_000147395_Oryza_glaberrima,GCF_000231095_Oryza_brachyantha
3 GCF_001433935_Oryza_sativa,GCF_000147395_Oryza_glaberrima,GCF_000231095_Oryza_brachyantha
4 GCF_001433935_Oryza_sativa,GCF_000147395_Oryza_glaberrima,GCF_000231095_Oryza_brachyantha
5 GCF_001433935_Oryza_sativa,GCF_000147395_Oryza_glaberrima,GCF_000231095_Oryza_brachyantha
6 GCF_001433935_Oryza_sativa,GCF_000147395_Oryza_glaberrima,GCF_000231095_Oryza_brachyantha
                        aligned_chrom            aligned_pos       sequence
1 NC_029263.1,NC_068333.1,NC_023170.2 1702,25198870,18200977          a,a,A
2 NC_029263.1,NC_068333.1,NC_023170.2 1703,25198871,18200978          t,t,A
3 NC_029263.1,NC_068333.1,NC_023170.2 1704,25198872,18200979 t---,t---,TTAC
4 NC_029263.1,NC_068333.1,NC_023170.2 1705,25198873,18200983          c,t,C
5 NC_029263.1,NC_068333.1,NC_023170.2 1706,25198874,18200984          a,a,A
6 NC_029263.1,NC_068333.1,NC_023170.2 1707,25198875,18200985          a,a,A
  strands score
1   +,+,+   NaN
2   +,+,+   NaN
3   +,+,+   NaN
4   +,+,+   NaN
5   +,+,+   NaN
6   +,+,+   NaN
[1] 13662847
[1] 13526714
          seq start  end strand
1 NC_029263.1  1702 1703      +
2 NC_029263.1  1703 1704      +
3 NC_029263.1  1704 1705      +
4 NC_029263.1  1705 1706      +
5 NC_029263.1  1706 1707      +
6 NC_029263.1  1707 1708      +
                                                                                    species
1 GCF_001433935_Oryza_sativa,GCF_000147395_Oryza_glaberrima,GCF_000231095_Oryza_brachyantha
2 GCF_001433935_Oryza_sativa,GCF_000147395_Oryza_glaberrima,GCF_000231095_Oryza_brachyantha
3 GCF_001433935_Oryza_sativa,GCF_000147395_Oryza_glaberrima,GCF_000231095_Oryza_brachyantha
4 GCF_001433935_Oryza_sativa,GCF_000147395_Oryza_glaberrima,GCF_000231095_Oryza_brachyantha
5 GCF_001433935_Oryza_sativa,GCF_000147395_Oryza_glaberrima,GCF_000231095_Oryza_brachyantha
6 GCF_001433935_Oryza_sativa,GCF_000147395_Oryza_glaberrima,GCF_000231095_Oryza_brachyantha
                        aligned_chrom            aligned_pos       sequence
1 NC_029263.1,NC_068333.1,NC_023170.2 1702,25198870,18200977          a,a,A
2 NC_029263.1,NC_068333.1,NC_023170.2 1703,25198871,18200978          t,t,A
3 NC_029263.1,NC_068333.1,NC_023170.2 1704,25198872,18200979 t---,t---,TTAC
4 NC_029263.1,NC_068333.1,NC_023170.2 1705,25198873,18200983          c,t,C
5 NC_029263.1,NC_068333.1,NC_023170.2 1706,25198874,18200984          a,a,A
6 NC_029263.1,NC_068333.1,NC_023170.2 1707,25198875,18200985          a,a,A
  strands score CHROM width  POS
1   +,+,+   NaN     8     1 1703
2   +,+,+   NaN     8     1 1704
3   +,+,+   NaN     8     1 1705
4   +,+,+   NaN     8     1 1706
5   +,+,+   NaN     8     1 1707
6   +,+,+   NaN     8     1 1708
          seq start  end strand
1 NC_029263.1  1702 1703      +
2 NC_029263.1  1703 1704      +
3 NC_029263.1  1704 1705      +
4 NC_029263.1  1705 1706      +
5 NC_029263.1  1706 1707      +
6 NC_029263.1  1707 1708      +
                                                                                    species
1 GCF_001433935_Oryza_sativa,GCF_000147395_Oryza_glaberrima,GCF_000231095_Oryza_brachyantha
2 GCF_001433935_Oryza_sativa,GCF_000147395_Oryza_glaberrima,GCF_000231095_Oryza_brachyantha
3 GCF_001433935_Oryza_sativa,GCF_000147395_Oryza_glaberrima,GCF_000231095_Oryza_brachyantha
4 GCF_001433935_Oryza_sativa,GCF_000147395_Oryza_glaberrima,GCF_000231095_Oryza_brachyantha
5 GCF_001433935_Oryza_sativa,GCF_000147395_Oryza_glaberrima,GCF_000231095_Oryza_brachyantha
6 GCF_001433935_Oryza_sativa,GCF_000147395_Oryza_glaberrima,GCF_000231095_Oryza_brachyantha
                        aligned_chrom            aligned_pos       sequence
1 NC_029263.1,NC_068333.1,NC_023170.2 1702,25198870,18200977          a,a,A
2 NC_029263.1,NC_068333.1,NC_023170.2 1703,25198871,18200978          t,t,A
3 NC_029263.1,NC_068333.1,NC_023170.2 1704,25198872,18200979 t---,t---,TTAC
4 NC_029263.1,NC_068333.1,NC_023170.2 1705,25198873,18200983          c,t,C
5 NC_029263.1,NC_068333.1,NC_023170.2 1706,25198874,18200984          a,a,A
6 NC_029263.1,NC_068333.1,NC_023170.2 1707,25198875,18200985          a,a,A
  strands score CHROM width  POS  ref outgroup_1 outgroup_2
1   +,+,+   NaN     8     1 1703    A          A          A
2   +,+,+   NaN     8     1 1704    T          T          A
3   +,+,+   NaN     8     1 1705 T---       T---       TTAC
4   +,+,+   NaN     8     1 1706    C          T          C
5   +,+,+   NaN     8     1 1707    A          A          A
6   +,+,+   NaN     8     1 1708    A          A          A
          seq start  end strand
1 NC_029263.1  1702 1703      +
2 NC_029263.1  1703 1704      +
3 NC_029263.1  1704 1705      +
4 NC_029263.1  1705 1706      +
5 NC_029263.1  1706 1707      +
6 NC_029263.1  1707 1708      +
                                                                                    species
1 GCF_001433935_Oryza_sativa,GCF_000147395_Oryza_glaberrima,GCF_000231095_Oryza_brachyantha
2 GCF_001433935_Oryza_sativa,GCF_000147395_Oryza_glaberrima,GCF_000231095_Oryza_brachyantha
3 GCF_001433935_Oryza_sativa,GCF_000147395_Oryza_glaberrima,GCF_000231095_Oryza_brachyantha
4 GCF_001433935_Oryza_sativa,GCF_000147395_Oryza_glaberrima,GCF_000231095_Oryza_brachyantha
5 GCF_001433935_Oryza_sativa,GCF_000147395_Oryza_glaberrima,GCF_000231095_Oryza_brachyantha
6 GCF_001433935_Oryza_sativa,GCF_000147395_Oryza_glaberrima,GCF_000231095_Oryza_brachyantha
                        aligned_chrom            aligned_pos       sequence
1 NC_029263.1,NC_068333.1,NC_023170.2 1702,25198870,18200977          a,a,A
2 NC_029263.1,NC_068333.1,NC_023170.2 1703,25198871,18200978          t,t,A
3 NC_029263.1,NC_068333.1,NC_023170.2 1704,25198872,18200979 t---,t---,TTAC
4 NC_029263.1,NC_068333.1,NC_023170.2 1705,25198873,18200983          c,t,C
5 NC_029263.1,NC_068333.1,NC_023170.2 1706,25198874,18200984          a,a,A
6 NC_029263.1,NC_068333.1,NC_023170.2 1707,25198875,18200985          a,a,A
  strands score CHROM width  POS  ref outgroup_1 outgroup_2
1   +,+,+   NaN     8     1 1703    A          A          A
2   +,+,+   NaN     8     1 1704    T          T          A
3   +,+,+   NaN     8     1 1705 <NA>       T---       TTAC
4   +,+,+   NaN     8     1 1706    C          T          C
5   +,+,+   NaN     8     1 1707    A          A          A
6   +,+,+   NaN     8     1 1708    A          A          A
          seq start  end strand
1 NC_029263.1  1702 1703      +
2 NC_029263.1  1703 1704      +
3 NC_029263.1  1704 1705      +
4 NC_029263.1  1705 1706      +
5 NC_029263.1  1706 1707      +
6 NC_029263.1  1707 1708      +
                                                                                    species
1 GCF_001433935_Oryza_sativa,GCF_000147395_Oryza_glaberrima,GCF_000231095_Oryza_brachyantha
2 GCF_001433935_Oryza_sativa,GCF_000147395_Oryza_glaberrima,GCF_000231095_Oryza_brachyantha
3 GCF_001433935_Oryza_sativa,GCF_000147395_Oryza_glaberrima,GCF_000231095_Oryza_brachyantha
4 GCF_001433935_Oryza_sativa,GCF_000147395_Oryza_glaberrima,GCF_000231095_Oryza_brachyantha
5 GCF_001433935_Oryza_sativa,GCF_000147395_Oryza_glaberrima,GCF_000231095_Oryza_brachyantha
6 GCF_001433935_Oryza_sativa,GCF_000147395_Oryza_glaberrima,GCF_000231095_Oryza_brachyantha
                        aligned_chrom            aligned_pos       sequence
1 NC_029263.1,NC_068333.1,NC_023170.2 1702,25198870,18200977          a,a,A
2 NC_029263.1,NC_068333.1,NC_023170.2 1703,25198871,18200978          t,t,A
3 NC_029263.1,NC_068333.1,NC_023170.2 1704,25198872,18200979 t---,t---,TTAC
4 NC_029263.1,NC_068333.1,NC_023170.2 1705,25198873,18200983          c,t,C
5 NC_029263.1,NC_068333.1,NC_023170.2 1706,25198874,18200984          a,a,A
6 NC_029263.1,NC_068333.1,NC_023170.2 1707,25198875,18200985          a,a,A
  strands score CHROM width  POS  ref outgroup_1 outgroup_2
1   +,+,+   NaN     8     1 1703    A          A          A
2   +,+,+   NaN     8     1 1704    T          T          A
3   +,+,+   NaN     8     1 1705 <NA>       <NA>       TTAC
4   +,+,+   NaN     8     1 1706    C          T          C
5   +,+,+   NaN     8     1 1707    A          A          A
6   +,+,+   NaN     8     1 1708    A          A          A
          seq start  end strand
1 NC_029263.1  1702 1703      +
2 NC_029263.1  1703 1704      +
3 NC_029263.1  1704 1705      +
4 NC_029263.1  1705 1706      +
5 NC_029263.1  1706 1707      +
6 NC_029263.1  1707 1708      +
                                                                                    species
1 GCF_001433935_Oryza_sativa,GCF_000147395_Oryza_glaberrima,GCF_000231095_Oryza_brachyantha
2 GCF_001433935_Oryza_sativa,GCF_000147395_Oryza_glaberrima,GCF_000231095_Oryza_brachyantha
3 GCF_001433935_Oryza_sativa,GCF_000147395_Oryza_glaberrima,GCF_000231095_Oryza_brachyantha
4 GCF_001433935_Oryza_sativa,GCF_000147395_Oryza_glaberrima,GCF_000231095_Oryza_brachyantha
5 GCF_001433935_Oryza_sativa,GCF_000147395_Oryza_glaberrima,GCF_000231095_Oryza_brachyantha
6 GCF_001433935_Oryza_sativa,GCF_000147395_Oryza_glaberrima,GCF_000231095_Oryza_brachyantha
                        aligned_chrom            aligned_pos       sequence
1 NC_029263.1,NC_068333.1,NC_023170.2 1702,25198870,18200977          a,a,A
2 NC_029263.1,NC_068333.1,NC_023170.2 1703,25198871,18200978          t,t,A
3 NC_029263.1,NC_068333.1,NC_023170.2 1704,25198872,18200979 t---,t---,TTAC
4 NC_029263.1,NC_068333.1,NC_023170.2 1705,25198873,18200983          c,t,C
5 NC_029263.1,NC_068333.1,NC_023170.2 1706,25198874,18200984          a,a,A
6 NC_029263.1,NC_068333.1,NC_023170.2 1707,25198875,18200985          a,a,A
  strands score CHROM width  POS  ref outgroup_1 outgroup_2
1   +,+,+   NaN     8     1 1703    A          A          A
2   +,+,+   NaN     8     1 1704    T          T          A
3   +,+,+   NaN     8     1 1705 <NA>       <NA>       <NA>
4   +,+,+   NaN     8     1 1706    C          T          C
5   +,+,+   NaN     8     1 1707    A          A          A
6   +,+,+   NaN     8     1 1708    A          A          A
  CHROM  POS N_ALLELES N_CHR {ALLELE:COUNT}_REF {ALLELE:COUNT}_ALT REF ALT
1     8 1028         2     6                C:6                A:0   C   A
2     8 1102         2     2                A:2                T:0   A   T
3     8 1116         2     2                A:2                T:0   A   T
4     8 1146         2     2                C:2                A:0   C   A
5     8 1198         2     0                T:0                A:0   T   A
6     8 1204         2     0                T:0                C:0   T   C
  count_REF count_ALT count_A count_T count_C count_G n_genomes  mut
1         6         0       0       0       6       0         6 C->A
2         2         0       2       0       0       0         2 A->T
3         2         0       2       0       0       0         2 A->T
4         2         0       0       0       2       0         2 C->A
5         0         0       0       0       0       0         0 T->A
6         0         0       0       0       0       0         0 T->C
          seq start  end strand
1 NC_029263.1  1702 1703      +
2 NC_029263.1  1703 1704      +
3 NC_029263.1  1704 1705      +
4 NC_029263.1  1705 1706      +
5 NC_029263.1  1706 1707      +
6 NC_029263.1  1707 1708      +
                                                                                    species
1 GCF_001433935_Oryza_sativa,GCF_000147395_Oryza_glaberrima,GCF_000231095_Oryza_brachyantha
2 GCF_001433935_Oryza_sativa,GCF_000147395_Oryza_glaberrima,GCF_000231095_Oryza_brachyantha
3 GCF_001433935_Oryza_sativa,GCF_000147395_Oryza_glaberrima,GCF_000231095_Oryza_brachyantha
4 GCF_001433935_Oryza_sativa,GCF_000147395_Oryza_glaberrima,GCF_000231095_Oryza_brachyantha
5 GCF_001433935_Oryza_sativa,GCF_000147395_Oryza_glaberrima,GCF_000231095_Oryza_brachyantha
6 GCF_001433935_Oryza_sativa,GCF_000147395_Oryza_glaberrima,GCF_000231095_Oryza_brachyantha
                        aligned_chrom            aligned_pos       sequence
1 NC_029263.1,NC_068333.1,NC_023170.2 1702,25198870,18200977          a,a,A
2 NC_029263.1,NC_068333.1,NC_023170.2 1703,25198871,18200978          t,t,A
3 NC_029263.1,NC_068333.1,NC_023170.2 1704,25198872,18200979 t---,t---,TTAC
4 NC_029263.1,NC_068333.1,NC_023170.2 1705,25198873,18200983          c,t,C
5 NC_029263.1,NC_068333.1,NC_023170.2 1706,25198874,18200984          a,a,A
6 NC_029263.1,NC_068333.1,NC_023170.2 1707,25198875,18200985          a,a,A
  strands score CHROM width  POS  ref outgroup_1 outgroup_2
1   +,+,+   NaN     8     1 1703    A          A          A
2   +,+,+   NaN     8     1 1704    T          T          A
3   +,+,+   NaN     8     1 1705 <NA>       <NA>       <NA>
4   +,+,+   NaN     8     1 1706    C          T          C
5   +,+,+   NaN     8     1 1707    A          A          A
6   +,+,+   NaN     8     1 1708    A          A          A
     CHROM        POS             N_ALLELES     N_CHR       {ALLELE:COUNT}_REF
 Min.   :8   Min.   :    1028   Min.   :2   Min.   :  0.0   Length:1481796    
 1st Qu.:8   1st Qu.: 7288605   1st Qu.:2   1st Qu.:646.0   Class :character  
 Median :8   Median :13715388   Median :2   Median :932.0   Mode  :character  
 Mean   :8   Mean   :13861510   Mean   :2   Mean   :756.5                     
 3rd Qu.:8   3rd Qu.:19822029   3rd Qu.:2   3rd Qu.:946.0                     
 Max.   :8   Max.   :28442006   Max.   :2   Max.   :950.0                     
 {ALLELE:COUNT}_ALT     REF                ALT             count_REF        
 Length:1481796     Length:1481796     Length:1481796     Length:1481796    
 Class :character   Class :character   Class :character   Class :character  
 Mode  :character   Mode  :character   Mode  :character   Mode  :character  
                                                                            
                                                                            
                                                                            
  count_ALT            count_A         count_T         count_C     
 Length:1481796     Min.   :  0.0   Min.   :  0.0   Min.   :  0.0  
 Class :character   1st Qu.:  0.0   1st Qu.:  0.0   1st Qu.:  0.0  
 Mode  :character   Median :  0.0   Median :  0.0   Median :  0.0  
                    Mean   :129.3   Mean   :128.9   Mean   :249.4  
                    3rd Qu.:  7.0   3rd Qu.:  7.0   3rd Qu.:566.0  
                    Max.   :950.0   Max.   :950.0   Max.   :950.0  
    count_G        n_genomes         mut           
 Min.   :  0.0   Min.   :  0.0   Length:1481796    
 1st Qu.:  0.0   1st Qu.:646.0   Class :character  
 Median :  0.0   Median :932.0   Mode  :character  
 Mean   :248.8   Mean   :756.5                     
 3rd Qu.:561.0   3rd Qu.:946.0                     
 Max.   :950.0   Max.   :950.0                     
     seq                start               end              strand         
 Length:13526714    Min.   :    1702   Min.   :    1703   Length:13526714   
 Class :character   1st Qu.: 7577519   1st Qu.: 7577520   Class :character  
 Mode  :character   Median :14914704   Median :14914705   Mode  :character  
                    Mean   :14689297   Mean   :14689298                     
                    3rd Qu.:22062549   3rd Qu.:22062550                     
                    Max.   :28441830   Max.   :28441831                     
                                                                            
   species          aligned_chrom      aligned_pos          sequence        
 Length:13526714    Length:13526714    Length:13526714    Length:13526714   
 Class :character   Class :character   Class :character   Class :character  
 Mode  :character   Mode  :character   Mode  :character   Mode  :character  
                                                                            
                                                                            
                                                                            
                                                                            
   strands              score             CHROM               width  
 Length:13526714    Min.   : NA        Length:13526714    Min.   :1  
 Class :character   1st Qu.: NA        Class :character   1st Qu.:1  
 Mode  :character   Median : NA        Mode  :character   Median :1  
                    Mean   :NaN                           Mean   :1  
                    3rd Qu.: NA                           3rd Qu.:1  
                    Max.   : NA                           Max.   :1  
                    NA's   :13526714                                 
      POS               ref             outgroup_1         outgroup_2       
 Min.   :    1703   Length:13526714    Length:13526714    Length:13526714   
 1st Qu.: 7577520   Class :character   Class :character   Class :character  
 Median :14914705   Mode  :character   Mode  :character   Mode  :character  
 Mean   :14689298                                                           
 3rd Qu.:22062550                                                           
 Max.   :28441831                                                           
                                                                            
[1] 1481796
[1] 13526714

       8 
13526714 
[1] 13526714
[1] 12118073
            seq start  end strand
413 NC_029263.1  7081 7082      +
415 NC_029263.1  7082 7083      +
417 NC_029263.1  7083 7084      +
419 NC_029263.1  7084 7085      +
421 NC_029263.1  7085 7086      +
423 NC_029263.1  7086 7087      +
                                                                                      species
413 GCF_001433935_Oryza_sativa,GCF_000147395_Oryza_glaberrima,GCF_000231095_Oryza_brachyantha
415 GCF_001433935_Oryza_sativa,GCF_000147395_Oryza_glaberrima,GCF_000231095_Oryza_brachyantha
417 GCF_001433935_Oryza_sativa,GCF_000147395_Oryza_glaberrima,GCF_000231095_Oryza_brachyantha
419 GCF_001433935_Oryza_sativa,GCF_000147395_Oryza_glaberrima,GCF_000231095_Oryza_brachyantha
421 GCF_001433935_Oryza_sativa,GCF_000147395_Oryza_glaberrima,GCF_000231095_Oryza_brachyantha
423 GCF_001433935_Oryza_sativa,GCF_000147395_Oryza_glaberrima,GCF_000231095_Oryza_brachyantha
                aligned_chrom aligned_pos sequence strands score CHROM width
413 NC_029263.1,NC_068333.1,?  7081,449,?    G,G,?   +,+,?   NaN     8     1
415 NC_029263.1,NC_068333.1,?  7082,450,?    T,T,?   +,+,?   NaN     8     1
417 NC_029263.1,NC_068333.1,?  7083,451,?    A,A,?   +,+,?   NaN     8     1
419 NC_029263.1,NC_068333.1,?  7084,452,?    C,C,?   +,+,?   NaN     8     1
421 NC_029263.1,NC_068333.1,?  7085,453,?    C,C,?   +,+,?   NaN     8     1
423 NC_029263.1,NC_068333.1,?  7086,454,?    A,A,?   +,+,?   NaN     8     1
     POS ref outgroup_1 outgroup_2
413 7082   G          G          ?
415 7083   T          T          ?
417 7084   A          A          ?
419 7085   C          C          ?
421 7086   C          C          ?
423 7087   A          A          ?
[1] 12118073
[1] 12118073
          seq start  end strand
1 NC_029263.1  1702 1703      +
2 NC_029263.1  1703 1704      +
3 NC_029263.1  1704 1705      +
4 NC_029263.1  1705 1706      +
5 NC_029263.1  1706 1707      +
6 NC_029263.1  1707 1708      +
                                                                                    species
1 GCF_001433935_Oryza_sativa,GCF_000147395_Oryza_glaberrima,GCF_000231095_Oryza_brachyantha
2 GCF_001433935_Oryza_sativa,GCF_000147395_Oryza_glaberrima,GCF_000231095_Oryza_brachyantha
3 GCF_001433935_Oryza_sativa,GCF_000147395_Oryza_glaberrima,GCF_000231095_Oryza_brachyantha
4 GCF_001433935_Oryza_sativa,GCF_000147395_Oryza_glaberrima,GCF_000231095_Oryza_brachyantha
5 GCF_001433935_Oryza_sativa,GCF_000147395_Oryza_glaberrima,GCF_000231095_Oryza_brachyantha
6 GCF_001433935_Oryza_sativa,GCF_000147395_Oryza_glaberrima,GCF_000231095_Oryza_brachyantha
                        aligned_chrom            aligned_pos       sequence
1 NC_029263.1,NC_068333.1,NC_023170.2 1702,25198870,18200977          a,a,A
2 NC_029263.1,NC_068333.1,NC_023170.2 1703,25198871,18200978          t,t,A
3 NC_029263.1,NC_068333.1,NC_023170.2 1704,25198872,18200979 t---,t---,TTAC
4 NC_029263.1,NC_068333.1,NC_023170.2 1705,25198873,18200983          c,t,C
5 NC_029263.1,NC_068333.1,NC_023170.2 1706,25198874,18200984          a,a,A
6 NC_029263.1,NC_068333.1,NC_023170.2 1707,25198875,18200985          a,a,A
  strands score CHROM width  POS  ref outgroup_1 outgroup_2
1   +,+,+   NaN     8     1 1703    A          A          A
2   +,+,+   NaN     8     1 1704    T          T          A
3   +,+,+   NaN     8     1 1705 <NA>       <NA>       <NA>
4   +,+,+   NaN     8     1 1706    C          T          C
5   +,+,+   NaN     8     1 1707    A          A          A
6   +,+,+   NaN     8     1 1708    A          A          A
Joining with `by = join_by(CHROM, POS)`
[1] 1481796
[1] 1481796
  CHROM  POS N_ALLELES N_CHR {ALLELE:COUNT}_REF {ALLELE:COUNT}_ALT REF ALT
1     8 1028         2     6                C:6                A:0   C   A
2     8 1102         2     2                A:2                T:0   A   T
3     8 1116         2     2                A:2                T:0   A   T
4     8 1146         2     2                C:2                A:0   C   A
5     8 1198         2     0                T:0                A:0   T   A
6     8 1204         2     0                T:0                C:0   T   C
  count_REF count_ALT count_A count_T count_C count_G n_genomes  mut  ref
1         6         0       0       0       6       0         6 C->A <NA>
2         2         0       2       0       0       0         2 A->T <NA>
3         2         0       2       0       0       0         2 A->T <NA>
4         2         0       0       0       2       0         2 C->A <NA>
5         0         0       0       0       0       0         0 T->A <NA>
6         0         0       0       0       0       0         0 T->C <NA>
  outgroup_1 outgroup_2
1       <NA>       <NA>
2       <NA>       <NA>
3       <NA>       <NA>
4       <NA>       <NA>
5       <NA>       <NA>
6       <NA>       <NA>
  REF  ref
1   C <NA>
2   A <NA>
3   A <NA>
4   C <NA>
5   T <NA>
6   T <NA>
[1] 0.3520194
  CHROM  POS N_ALLELES N_CHR {ALLELE:COUNT}_REF {ALLELE:COUNT}_ALT REF ALT
1     8 1028         2     6                C:6                A:0   C   A
2     8 1102         2     2                A:2                T:0   A   T
3     8 1116         2     2                A:2                T:0   A   T
4     8 1146         2     2                C:2                A:0   C   A
5     8 1198         2     0                T:0                A:0   T   A
6     8 1204         2     0                T:0                C:0   T   C
  count_REF count_ALT count_A count_T count_C count_G n_genomes  mut  ref
1         6         0       0       0       6       0         6 C->A <NA>
2         2         0       2       0       0       0         2 A->T <NA>
3         2         0       2       0       0       0         2 A->T <NA>
4         2         0       0       0       2       0         2 C->A <NA>
5         0         0       0       0       0       0         0 T->A <NA>
6         0         0       0       0       0       0         0 T->C <NA>
  outgroup_1 outgroup_2 A_outgroup_1 T_outgroup_1 C_outgroup_1 G_outgroup_1
1       <NA>       <NA>            0            0            0            0
2       <NA>       <NA>            0            0            0            0
3       <NA>       <NA>            0            0            0            0
4       <NA>       <NA>            0            0            0            0
5       <NA>       <NA>            0            0            0            0
6       <NA>       <NA>            0            0            0            0
  A_outgroup_2 T_outgroup_2 C_outgroup_2 G_outgroup_2
1            0            0            0            0
2            0            0            0            0
3            0            0            0            0
4            0            0            0            0
5            0            0            0            0
6            0            0            0            0
# ---------------------------- # 
# EST-SFS 
# ---------------------------- # 
  ref_species outgroup_1 outgroup_2
1     0,6,0,0    0,0,0,0    0,0,0,0
2     2,0,0,0    0,0,0,0    0,0,0,0
3     2,0,0,0    0,0,0,0    0,0,0,0
4     0,2,0,0    0,0,0,0    0,0,0,0
5     0,0,0,0    0,0,0,0    0,0,0,0
6     0,0,0,0    0,0,0,0    0,0,0,0
[1] 1481796
