
Attaching package: ‘dplyr’

The following objects are masked from ‘package:stats’:

    filter, lag

The following objects are masked from ‘package:base’:

    intersect, setdiff, setequal, union

##### Chromosome 1 : NC_029256.1 ##### 
---------------------------- 
VCF 
---------------------------- 
head(snp_counts) 
  V1   V2 V3  V4    V5  V6
1  1 1026  2 620 A:620 G:0
2  1 1033  2 658 A:658 G:0
3  1 1047  2 736 A:736 T:0
4  1 1055  2 762 C:762 T:0
5  1 1080  2 808 A:808 G:0
6  1 1087  2 822 A:822 G:0
  CHROM  POS N_ALLELES N_CHR {ALLELE:COUNT}_REF {ALLELE:COUNT}_ALT
1     1 1026         2   620              A:620                G:0
2     1 1033         2   658              A:658                G:0
3     1 1047         2   736              A:736                T:0
4     1 1055         2   762              C:762                T:0
5     1 1080         2   808              A:808                G:0
6     1 1087         2   822              A:822                G:0
  CHROM  POS N_ALLELES N_CHR {ALLELE:COUNT}_REF {ALLELE:COUNT}_ALT REF ALT
1     1 1026         2   620              A:620                G:0   A   G
2     1 1033         2   658              A:658                G:0   A   G
3     1 1047         2   736              A:736                T:0   A   T
4     1 1055         2   762              C:762                T:0   C   T
5     1 1080         2   808              A:808                G:0   A   G
6     1 1087         2   822              A:822                G:0   A   G
  count_REF count_ALT
1       620         0
2       658         0
3       736         0
4       762         0
5       808         0
6       822         0
  CHROM  POS N_ALLELES N_CHR {ALLELE:COUNT}_REF {ALLELE:COUNT}_ALT REF ALT
1     1 1026         2   620              A:620                G:0   A   G
2     1 1033         2   658              A:658                G:0   A   G
3     1 1047         2   736              A:736                T:0   A   T
4     1 1055         2   762              C:762                T:0   C   T
5     1 1080         2   808              A:808                G:0   A   G
6     1 1087         2   822              A:822                G:0   A   G
  count_REF count_ALT count_A count_T count_C count_G
1       620         0     620       0       0       0
2       658         0     658       0       0       0
3       736         0     736       0       0       0
4       762         0       0       0     762       0
5       808         0     808       0       0       0
6       822         0     822       0       0       0
  CHROM  POS N_ALLELES N_CHR {ALLELE:COUNT}_REF {ALLELE:COUNT}_ALT REF ALT
1     1 1026         2   620              A:620                G:0   A   G
2     1 1033         2   658              A:658                G:0   A   G
3     1 1047         2   736              A:736                T:0   A   T
4     1 1055         2   762              C:762                T:0   C   T
5     1 1080         2   808              A:808                G:0   A   G
6     1 1087         2   822              A:822                G:0   A   G
  count_REF count_ALT count_A count_T count_C count_G n_genomes
1       620         0     620       0       0       0       620
2       658         0     658       0       0       0       658
3       736         0     736       0       0       0       736
4       762         0       0       0     762       0       762
5       808         0     808       0       0       0       808
6       822         0     822       0       0       0       822
[1] "A->G" "A->G" "A->T" "C->T" "A->G" "A->G"

  A->C   A->G   A->T   C->A   C->G   C->T   G->A   G->C   G->T   T->A   T->C 
 47869 195874  79175  95649  50537 487261 487224  49899  95242  79364 196136 
  T->G 
 47155 
number of mutations WS :  487034 
number of mutations SW :  1165376 
# ---------------------------- # 
# WGABED - Alignement avec Cactus 
# ---------------------------- # 
          seq start  end strand
1 NC_029256.1  1126 1127      +
2 NC_029256.1  1127 1128      +
3 NC_029256.1  1128 1129      +
4 NC_029256.1  1129 1130      +
5 NC_029256.1  1130 1131      +
6 NC_029256.1  1131 1132      +
                                                                                    species
1 GCF_001433935_Oryza_sativa,GCF_000147395_Oryza_glaberrima,GCF_000231095_Oryza_brachyantha
2 GCF_001433935_Oryza_sativa,GCF_000147395_Oryza_glaberrima,GCF_000231095_Oryza_brachyantha
3 GCF_001433935_Oryza_sativa,GCF_000147395_Oryza_glaberrima,GCF_000231095_Oryza_brachyantha
4 GCF_001433935_Oryza_sativa,GCF_000147395_Oryza_glaberrima,GCF_000231095_Oryza_brachyantha
5 GCF_001433935_Oryza_sativa,GCF_000147395_Oryza_glaberrima,GCF_000231095_Oryza_brachyantha
6 GCF_001433935_Oryza_sativa,GCF_000147395_Oryza_glaberrima,GCF_000231095_Oryza_brachyantha
                        aligned_chrom     aligned_pos sequence strands score
1 NC_029256.1,NC_068326.1,NC_023163.2 1126,5274,36946    A,A,C   +,+,+   NaN
2 NC_029256.1,NC_068326.1,NC_023163.2 1127,5275,36947    C,C,C   +,+,+   NaN
3 NC_029256.1,NC_068326.1,NC_023163.2 1128,5276,36948    G,G,G   +,+,+   NaN
4 NC_029256.1,NC_068326.1,NC_023163.2 1129,5277,42713    A,A,a   +,+,+   NaN
5 NC_029256.1,NC_068326.1,NC_023163.2 1130,5278,42714    T,C,c   +,+,+   NaN
6 NC_029256.1,NC_068326.1,NC_023163.2 1131,5279,42715    A,G,g   +,+,+   NaN
[1] 18684213
[1] 18459421
          seq start  end strand
1 NC_029256.1  1126 1127      +
2 NC_029256.1  1127 1128      +
3 NC_029256.1  1128 1129      +
4 NC_029256.1  1129 1130      +
5 NC_029256.1  1130 1131      +
6 NC_029256.1  1131 1132      +
                                                                                    species
1 GCF_001433935_Oryza_sativa,GCF_000147395_Oryza_glaberrima,GCF_000231095_Oryza_brachyantha
2 GCF_001433935_Oryza_sativa,GCF_000147395_Oryza_glaberrima,GCF_000231095_Oryza_brachyantha
3 GCF_001433935_Oryza_sativa,GCF_000147395_Oryza_glaberrima,GCF_000231095_Oryza_brachyantha
4 GCF_001433935_Oryza_sativa,GCF_000147395_Oryza_glaberrima,GCF_000231095_Oryza_brachyantha
5 GCF_001433935_Oryza_sativa,GCF_000147395_Oryza_glaberrima,GCF_000231095_Oryza_brachyantha
6 GCF_001433935_Oryza_sativa,GCF_000147395_Oryza_glaberrima,GCF_000231095_Oryza_brachyantha
                        aligned_chrom     aligned_pos sequence strands score
1 NC_029256.1,NC_068326.1,NC_023163.2 1126,5274,36946    A,A,C   +,+,+   NaN
2 NC_029256.1,NC_068326.1,NC_023163.2 1127,5275,36947    C,C,C   +,+,+   NaN
3 NC_029256.1,NC_068326.1,NC_023163.2 1128,5276,36948    G,G,G   +,+,+   NaN
4 NC_029256.1,NC_068326.1,NC_023163.2 1129,5277,42713    A,A,a   +,+,+   NaN
5 NC_029256.1,NC_068326.1,NC_023163.2 1130,5278,42714    T,C,c   +,+,+   NaN
6 NC_029256.1,NC_068326.1,NC_023163.2 1131,5279,42715    A,G,g   +,+,+   NaN
  CHROM width  POS
1     1     1 1127
2     1     1 1128
3     1     1 1129
4     1     1 1130
5     1     1 1131
6     1     1 1132
          seq start  end strand
1 NC_029256.1  1126 1127      +
2 NC_029256.1  1127 1128      +
3 NC_029256.1  1128 1129      +
4 NC_029256.1  1129 1130      +
5 NC_029256.1  1130 1131      +
6 NC_029256.1  1131 1132      +
                                                                                    species
1 GCF_001433935_Oryza_sativa,GCF_000147395_Oryza_glaberrima,GCF_000231095_Oryza_brachyantha
2 GCF_001433935_Oryza_sativa,GCF_000147395_Oryza_glaberrima,GCF_000231095_Oryza_brachyantha
3 GCF_001433935_Oryza_sativa,GCF_000147395_Oryza_glaberrima,GCF_000231095_Oryza_brachyantha
4 GCF_001433935_Oryza_sativa,GCF_000147395_Oryza_glaberrima,GCF_000231095_Oryza_brachyantha
5 GCF_001433935_Oryza_sativa,GCF_000147395_Oryza_glaberrima,GCF_000231095_Oryza_brachyantha
6 GCF_001433935_Oryza_sativa,GCF_000147395_Oryza_glaberrima,GCF_000231095_Oryza_brachyantha
                        aligned_chrom     aligned_pos sequence strands score
1 NC_029256.1,NC_068326.1,NC_023163.2 1126,5274,36946    A,A,C   +,+,+   NaN
2 NC_029256.1,NC_068326.1,NC_023163.2 1127,5275,36947    C,C,C   +,+,+   NaN
3 NC_029256.1,NC_068326.1,NC_023163.2 1128,5276,36948    G,G,G   +,+,+   NaN
4 NC_029256.1,NC_068326.1,NC_023163.2 1129,5277,42713    A,A,a   +,+,+   NaN
5 NC_029256.1,NC_068326.1,NC_023163.2 1130,5278,42714    T,C,c   +,+,+   NaN
6 NC_029256.1,NC_068326.1,NC_023163.2 1131,5279,42715    A,G,g   +,+,+   NaN
  CHROM width  POS ref outgroup_1 outgroup_2
1     1     1 1127   A          A          C
2     1     1 1128   C          C          C
3     1     1 1129   G          G          G
4     1     1 1130   A          A          A
5     1     1 1131   T          C          C
6     1     1 1132   A          G          G
          seq start  end strand
1 NC_029256.1  1126 1127      +
2 NC_029256.1  1127 1128      +
3 NC_029256.1  1128 1129      +
4 NC_029256.1  1129 1130      +
5 NC_029256.1  1130 1131      +
6 NC_029256.1  1131 1132      +
                                                                                    species
1 GCF_001433935_Oryza_sativa,GCF_000147395_Oryza_glaberrima,GCF_000231095_Oryza_brachyantha
2 GCF_001433935_Oryza_sativa,GCF_000147395_Oryza_glaberrima,GCF_000231095_Oryza_brachyantha
3 GCF_001433935_Oryza_sativa,GCF_000147395_Oryza_glaberrima,GCF_000231095_Oryza_brachyantha
4 GCF_001433935_Oryza_sativa,GCF_000147395_Oryza_glaberrima,GCF_000231095_Oryza_brachyantha
5 GCF_001433935_Oryza_sativa,GCF_000147395_Oryza_glaberrima,GCF_000231095_Oryza_brachyantha
6 GCF_001433935_Oryza_sativa,GCF_000147395_Oryza_glaberrima,GCF_000231095_Oryza_brachyantha
                        aligned_chrom     aligned_pos sequence strands score
1 NC_029256.1,NC_068326.1,NC_023163.2 1126,5274,36946    A,A,C   +,+,+   NaN
2 NC_029256.1,NC_068326.1,NC_023163.2 1127,5275,36947    C,C,C   +,+,+   NaN
3 NC_029256.1,NC_068326.1,NC_023163.2 1128,5276,36948    G,G,G   +,+,+   NaN
4 NC_029256.1,NC_068326.1,NC_023163.2 1129,5277,42713    A,A,a   +,+,+   NaN
5 NC_029256.1,NC_068326.1,NC_023163.2 1130,5278,42714    T,C,c   +,+,+   NaN
6 NC_029256.1,NC_068326.1,NC_023163.2 1131,5279,42715    A,G,g   +,+,+   NaN
  CHROM width  POS ref outgroup_1 outgroup_2
1     1     1 1127   A          A          C
2     1     1 1128   C          C          C
3     1     1 1129   G          G          G
4     1     1 1130   A          A          A
5     1     1 1131   T          C          C
6     1     1 1132   A          G          G
          seq start  end strand
1 NC_029256.1  1126 1127      +
2 NC_029256.1  1127 1128      +
3 NC_029256.1  1128 1129      +
4 NC_029256.1  1129 1130      +
5 NC_029256.1  1130 1131      +
6 NC_029256.1  1131 1132      +
                                                                                    species
1 GCF_001433935_Oryza_sativa,GCF_000147395_Oryza_glaberrima,GCF_000231095_Oryza_brachyantha
2 GCF_001433935_Oryza_sativa,GCF_000147395_Oryza_glaberrima,GCF_000231095_Oryza_brachyantha
3 GCF_001433935_Oryza_sativa,GCF_000147395_Oryza_glaberrima,GCF_000231095_Oryza_brachyantha
4 GCF_001433935_Oryza_sativa,GCF_000147395_Oryza_glaberrima,GCF_000231095_Oryza_brachyantha
5 GCF_001433935_Oryza_sativa,GCF_000147395_Oryza_glaberrima,GCF_000231095_Oryza_brachyantha
6 GCF_001433935_Oryza_sativa,GCF_000147395_Oryza_glaberrima,GCF_000231095_Oryza_brachyantha
                        aligned_chrom     aligned_pos sequence strands score
1 NC_029256.1,NC_068326.1,NC_023163.2 1126,5274,36946    A,A,C   +,+,+   NaN
2 NC_029256.1,NC_068326.1,NC_023163.2 1127,5275,36947    C,C,C   +,+,+   NaN
3 NC_029256.1,NC_068326.1,NC_023163.2 1128,5276,36948    G,G,G   +,+,+   NaN
4 NC_029256.1,NC_068326.1,NC_023163.2 1129,5277,42713    A,A,a   +,+,+   NaN
5 NC_029256.1,NC_068326.1,NC_023163.2 1130,5278,42714    T,C,c   +,+,+   NaN
6 NC_029256.1,NC_068326.1,NC_023163.2 1131,5279,42715    A,G,g   +,+,+   NaN
  CHROM width  POS ref outgroup_1 outgroup_2
1     1     1 1127   A          A          C
2     1     1 1128   C          C          C
3     1     1 1129   G          G          G
4     1     1 1130   A          A          A
5     1     1 1131   T          C          C
6     1     1 1132   A          G          G
          seq start  end strand
1 NC_029256.1  1126 1127      +
2 NC_029256.1  1127 1128      +
3 NC_029256.1  1128 1129      +
4 NC_029256.1  1129 1130      +
5 NC_029256.1  1130 1131      +
6 NC_029256.1  1131 1132      +
                                                                                    species
1 GCF_001433935_Oryza_sativa,GCF_000147395_Oryza_glaberrima,GCF_000231095_Oryza_brachyantha
2 GCF_001433935_Oryza_sativa,GCF_000147395_Oryza_glaberrima,GCF_000231095_Oryza_brachyantha
3 GCF_001433935_Oryza_sativa,GCF_000147395_Oryza_glaberrima,GCF_000231095_Oryza_brachyantha
4 GCF_001433935_Oryza_sativa,GCF_000147395_Oryza_glaberrima,GCF_000231095_Oryza_brachyantha
5 GCF_001433935_Oryza_sativa,GCF_000147395_Oryza_glaberrima,GCF_000231095_Oryza_brachyantha
6 GCF_001433935_Oryza_sativa,GCF_000147395_Oryza_glaberrima,GCF_000231095_Oryza_brachyantha
                        aligned_chrom     aligned_pos sequence strands score
1 NC_029256.1,NC_068326.1,NC_023163.2 1126,5274,36946    A,A,C   +,+,+   NaN
2 NC_029256.1,NC_068326.1,NC_023163.2 1127,5275,36947    C,C,C   +,+,+   NaN
3 NC_029256.1,NC_068326.1,NC_023163.2 1128,5276,36948    G,G,G   +,+,+   NaN
4 NC_029256.1,NC_068326.1,NC_023163.2 1129,5277,42713    A,A,a   +,+,+   NaN
5 NC_029256.1,NC_068326.1,NC_023163.2 1130,5278,42714    T,C,c   +,+,+   NaN
6 NC_029256.1,NC_068326.1,NC_023163.2 1131,5279,42715    A,G,g   +,+,+   NaN
  CHROM width  POS ref outgroup_1 outgroup_2
1     1     1 1127   A          A          C
2     1     1 1128   C          C          C
3     1     1 1129   G          G          G
4     1     1 1130   A          A          A
5     1     1 1131   T          C          C
6     1     1 1132   A          G          G
  CHROM  POS N_ALLELES N_CHR {ALLELE:COUNT}_REF {ALLELE:COUNT}_ALT REF ALT
1     1 1026         2   620              A:620                G:0   A   G
2     1 1033         2   658              A:658                G:0   A   G
3     1 1047         2   736              A:736                T:0   A   T
4     1 1055         2   762              C:762                T:0   C   T
5     1 1080         2   808              A:808                G:0   A   G
6     1 1087         2   822              A:822                G:0   A   G
  count_REF count_ALT count_A count_T count_C count_G n_genomes  mut
1       620         0     620       0       0       0       620 A->G
2       658         0     658       0       0       0       658 A->G
3       736         0     736       0       0       0       736 A->T
4       762         0       0       0     762       0       762 C->T
5       808         0     808       0       0       0       808 A->G
6       822         0     822       0       0       0       822 A->G
          seq start  end strand
1 NC_029256.1  1126 1127      +
2 NC_029256.1  1127 1128      +
3 NC_029256.1  1128 1129      +
4 NC_029256.1  1129 1130      +
5 NC_029256.1  1130 1131      +
6 NC_029256.1  1131 1132      +
                                                                                    species
1 GCF_001433935_Oryza_sativa,GCF_000147395_Oryza_glaberrima,GCF_000231095_Oryza_brachyantha
2 GCF_001433935_Oryza_sativa,GCF_000147395_Oryza_glaberrima,GCF_000231095_Oryza_brachyantha
3 GCF_001433935_Oryza_sativa,GCF_000147395_Oryza_glaberrima,GCF_000231095_Oryza_brachyantha
4 GCF_001433935_Oryza_sativa,GCF_000147395_Oryza_glaberrima,GCF_000231095_Oryza_brachyantha
5 GCF_001433935_Oryza_sativa,GCF_000147395_Oryza_glaberrima,GCF_000231095_Oryza_brachyantha
6 GCF_001433935_Oryza_sativa,GCF_000147395_Oryza_glaberrima,GCF_000231095_Oryza_brachyantha
                        aligned_chrom     aligned_pos sequence strands score
1 NC_029256.1,NC_068326.1,NC_023163.2 1126,5274,36946    A,A,C   +,+,+   NaN
2 NC_029256.1,NC_068326.1,NC_023163.2 1127,5275,36947    C,C,C   +,+,+   NaN
3 NC_029256.1,NC_068326.1,NC_023163.2 1128,5276,36948    G,G,G   +,+,+   NaN
4 NC_029256.1,NC_068326.1,NC_023163.2 1129,5277,42713    A,A,a   +,+,+   NaN
5 NC_029256.1,NC_068326.1,NC_023163.2 1130,5278,42714    T,C,c   +,+,+   NaN
6 NC_029256.1,NC_068326.1,NC_023163.2 1131,5279,42715    A,G,g   +,+,+   NaN
  CHROM width  POS ref outgroup_1 outgroup_2
1     1     1 1127   A          A          C
2     1     1 1128   C          C          C
3     1     1 1129   G          G          G
4     1     1 1130   A          A          A
5     1     1 1131   T          C          C
6     1     1 1132   A          G          G
     CHROM        POS             N_ALLELES     N_CHR       {ALLELE:COUNT}_REF
 Min.   :1   Min.   :    1026   Min.   :2   Min.   :  0.0   Length:1911385    
 1st Qu.:1   1st Qu.:11330595   1st Qu.:2   1st Qu.:812.0   Class :character  
 Median :1   Median :19910205   Median :2   Median :942.0   Mode  :character  
 Mean   :1   Mean   :20669286   Mean   :2   Mean   :789.2                     
 3rd Qu.:1   3rd Qu.:30331234   3rd Qu.:2   3rd Qu.:948.0                     
 Max.   :1   Max.   :43269904   Max.   :2   Max.   :950.0                     
 {ALLELE:COUNT}_ALT     REF                ALT             count_REF        
 Length:1911385     Length:1911385     Length:1911385     Length:1911385    
 Class :character   Class :character   Class :character   Class :character  
 Mode  :character   Mode  :character   Mode  :character   Mode  :character  
                                                                            
                                                                            
                                                                            
  count_ALT            count_A         count_T         count_C     
 Length:1911385     Min.   :  0.0   Min.   :  0.0   Min.   :  0.0  
 Class :character   1st Qu.:  0.0   1st Qu.:  0.0   1st Qu.:  0.0  
 Mode  :character   Median :  0.0   Median :  0.0   Median :  0.0  
                    Mean   :137.1   Mean   :137.1   Mean   :257.8  
                    3rd Qu.:  7.0   3rd Qu.:  7.0   3rd Qu.:684.0  
                    Max.   :950.0   Max.   :950.0   Max.   :950.0  
    count_G        n_genomes         mut           
 Min.   :  0.0   Min.   :  0.0   Length:1911385    
 1st Qu.:  0.0   1st Qu.:812.0   Class :character  
 Median :  0.0   Median :942.0   Mode  :character  
 Mean   :257.3   Mean   :789.2                     
 3rd Qu.:680.0   3rd Qu.:948.0                     
 Max.   :950.0   Max.   :950.0                     
     seq                start               end              strand         
 Length:18459421    Min.   :    1126   Min.   :    1127   Length:18459421   
 Class :character   1st Qu.:10261226   1st Qu.:10261227   Class :character  
 Mode  :character   Median :24270249   Median :24270250   Mode  :character  
                    Mean   :22525741   Mean   :22525742                     
                    3rd Qu.:33800049   3rd Qu.:33800050                     
                    Max.   :43260586   Max.   :43260587                     
                                                                            
   species          aligned_chrom      aligned_pos          sequence        
 Length:18459421    Length:18459421    Length:18459421    Length:18459421   
 Class :character   Class :character   Class :character   Class :character  
 Mode  :character   Mode  :character   Mode  :character   Mode  :character  
                                                                            
                                                                            
                                                                            
                                                                            
   strands              score             CHROM               width  
 Length:18459421    Min.   : NA        Length:18459421    Min.   :1  
 Class :character   1st Qu.: NA        Class :character   1st Qu.:1  
 Mode  :character   Median : NA        Mode  :character   Median :1  
                    Mean   :NaN                           Mean   :1  
                    3rd Qu.: NA                           3rd Qu.:1  
                    Max.   : NA                           Max.   :1  
                    NA's   :18459421                                 
      POS               ref             outgroup_1         outgroup_2       
 Min.   :    1127   Length:18459421    Length:18459421    Length:18459421   
 1st Qu.:10261227   Class :character   Class :character   Class :character  
 Median :24270250   Mode  :character   Mode  :character   Mode  :character  
 Mean   :22525742                                                           
 3rd Qu.:33800050                                                           
 Max.   :43260587                                                           
                                                                            
[1] 1911385
[1] 18459421

       1 
18459421 
[1] 18459421
[1] 18426124
               seq  start    end strand
227376 NC_029256.1 499949 499950      +
227378 NC_029256.1 499950 499951      +
227380 NC_029256.1 499951 499952      +
227382 NC_029256.1 499952 499953      +
227384 NC_029256.1 499953 499954      +
227386 NC_029256.1 499954 499955      +
                                                                                         species
227376 GCF_001433935_Oryza_sativa,GCF_000147395_Oryza_glaberrima,GCF_000231095_Oryza_brachyantha
227378 GCF_001433935_Oryza_sativa,GCF_000147395_Oryza_glaberrima,GCF_000231095_Oryza_brachyantha
227380 GCF_001433935_Oryza_sativa,GCF_000147395_Oryza_glaberrima,GCF_000231095_Oryza_brachyantha
227382 GCF_001433935_Oryza_sativa,GCF_000147395_Oryza_glaberrima,GCF_000231095_Oryza_brachyantha
227384 GCF_001433935_Oryza_sativa,GCF_000147395_Oryza_glaberrima,GCF_000231095_Oryza_brachyantha
227386 GCF_001433935_Oryza_sativa,GCF_000147395_Oryza_glaberrima,GCF_000231095_Oryza_brachyantha
                             aligned_chrom          aligned_pos sequence
227376 NC_029256.1,NC_068326.1,NC_023163.2 499949,437291,383117    T,T,T
227378 NC_029256.1,NC_068326.1,NC_023163.2 499950,437292,383118    A,A,A
227380 NC_029256.1,NC_068326.1,NC_023163.2 499951,437293,383119    C,C,A
227382 NC_029256.1,NC_068326.1,NC_023163.2 499952,437294,383120    T,T,T
227384 NC_029256.1,NC_068326.1,NC_023163.2 499953,437295,383121    A,A,A
227386 NC_029256.1,NC_068326.1,NC_023163.2 499954,437296,383122    G,G,G
       strands score CHROM width    POS ref outgroup_1 outgroup_2
227376   +,+,+   NaN     1     1 499950   T          T          T
227378   +,+,+   NaN     1     1 499951   A          A          A
227380   +,+,+   NaN     1     1 499952   C          C          A
227382   +,+,+   NaN     1     1 499953   T          T          T
227384   +,+,+   NaN     1     1 499954   A          A          A
227386   +,+,+   NaN     1     1 499955   G          G          G
[1] 18426124
[1] 18426124
          seq start  end strand
1 NC_029256.1  1126 1127      +
2 NC_029256.1  1127 1128      +
3 NC_029256.1  1128 1129      +
4 NC_029256.1  1129 1130      +
5 NC_029256.1  1130 1131      +
6 NC_029256.1  1131 1132      +
                                                                                    species
1 GCF_001433935_Oryza_sativa,GCF_000147395_Oryza_glaberrima,GCF_000231095_Oryza_brachyantha
2 GCF_001433935_Oryza_sativa,GCF_000147395_Oryza_glaberrima,GCF_000231095_Oryza_brachyantha
3 GCF_001433935_Oryza_sativa,GCF_000147395_Oryza_glaberrima,GCF_000231095_Oryza_brachyantha
4 GCF_001433935_Oryza_sativa,GCF_000147395_Oryza_glaberrima,GCF_000231095_Oryza_brachyantha
5 GCF_001433935_Oryza_sativa,GCF_000147395_Oryza_glaberrima,GCF_000231095_Oryza_brachyantha
6 GCF_001433935_Oryza_sativa,GCF_000147395_Oryza_glaberrima,GCF_000231095_Oryza_brachyantha
                        aligned_chrom     aligned_pos sequence strands score
1 NC_029256.1,NC_068326.1,NC_023163.2 1126,5274,36946    A,A,C   +,+,+   NaN
2 NC_029256.1,NC_068326.1,NC_023163.2 1127,5275,36947    C,C,C   +,+,+   NaN
3 NC_029256.1,NC_068326.1,NC_023163.2 1128,5276,36948    G,G,G   +,+,+   NaN
4 NC_029256.1,NC_068326.1,NC_023163.2 1129,5277,42713    A,A,a   +,+,+   NaN
5 NC_029256.1,NC_068326.1,NC_023163.2 1130,5278,42714    T,C,c   +,+,+   NaN
6 NC_029256.1,NC_068326.1,NC_023163.2 1131,5279,42715    A,G,g   +,+,+   NaN
  CHROM width  POS ref outgroup_1 outgroup_2
1     1     1 1127   A          A          C
2     1     1 1128   C          C          C
3     1     1 1129   G          G          G
4     1     1 1130   A          A          A
5     1     1 1131   T          C          C
6     1     1 1132   A          G          G
Joining with `by = join_by(CHROM, POS)`
[1] 1911385
[1] 1911385
  CHROM  POS N_ALLELES N_CHR {ALLELE:COUNT}_REF {ALLELE:COUNT}_ALT REF ALT
1     1 1026         2   620              A:620                G:0   A   G
2     1 1033         2   658              A:658                G:0   A   G
3     1 1047         2   736              A:736                T:0   A   T
4     1 1055         2   762              C:762                T:0   C   T
5     1 1080         2   808              A:808                G:0   A   G
6     1 1087         2   822              A:822                G:0   A   G
  count_REF count_ALT count_A count_T count_C count_G n_genomes  mut  ref
1       620         0     620       0       0       0       620 A->G <NA>
2       658         0     658       0       0       0       658 A->G <NA>
3       736         0     736       0       0       0       736 A->T <NA>
4       762         0       0       0     762       0       762 C->T <NA>
5       808         0     808       0       0       0       808 A->G <NA>
6       822         0     822       0       0       0       822 A->G <NA>
  outgroup_1 outgroup_2
1       <NA>       <NA>
2       <NA>       <NA>
3       <NA>       <NA>
4       <NA>       <NA>
5       <NA>       <NA>
6       <NA>       <NA>
  REF  ref
1   A <NA>
2   A <NA>
3   A <NA>
4   C <NA>
5   A <NA>
6   A <NA>
[1] 0.29917
  CHROM  POS N_ALLELES N_CHR {ALLELE:COUNT}_REF {ALLELE:COUNT}_ALT REF ALT
1     1 1026         2   620              A:620                G:0   A   G
2     1 1033         2   658              A:658                G:0   A   G
3     1 1047         2   736              A:736                T:0   A   T
4     1 1055         2   762              C:762                T:0   C   T
5     1 1080         2   808              A:808                G:0   A   G
6     1 1087         2   822              A:822                G:0   A   G
  count_REF count_ALT count_A count_T count_C count_G n_genomes  mut  ref
1       620         0     620       0       0       0       620 A->G <NA>
2       658         0     658       0       0       0       658 A->G <NA>
3       736         0     736       0       0       0       736 A->T <NA>
4       762         0       0       0     762       0       762 C->T <NA>
5       808         0     808       0       0       0       808 A->G <NA>
6       822         0     822       0       0       0       822 A->G <NA>
  outgroup_1 outgroup_2 A_outgroup_1 T_outgroup_1 C_outgroup_1 G_outgroup_1
1       <NA>       <NA>            0            0            0            0
2       <NA>       <NA>            0            0            0            0
3       <NA>       <NA>            0            0            0            0
4       <NA>       <NA>            0            0            0            0
5       <NA>       <NA>            0            0            0            0
6       <NA>       <NA>            0            0            0            0
  A_outgroup_2 T_outgroup_2 C_outgroup_2 G_outgroup_2
1            0            0            0            0
2            0            0            0            0
3            0            0            0            0
4            0            0            0            0
5            0            0            0            0
6            0            0            0            0
# ---------------------------- ## EST-SFS# ---------------------------- #  ref_species outgroup_1 outgroup_2
1   620,0,0,0    0,0,0,0    0,0,0,0
2   658,0,0,0    0,0,0,0    0,0,0,0
3   736,0,0,0    0,0,0,0    0,0,0,0
4   0,762,0,0    0,0,0,0    0,0,0,0
5   808,0,0,0    0,0,0,0    0,0,0,0
6   822,0,0,0    0,0,0,0    0,0,0,0
[1] 1911385
