
Attaching package: ‘dplyr’

The following objects are masked from ‘package:stats’:

    filter, lag

The following objects are masked from ‘package:base’:

    intersect, setdiff, setequal, union

##### Chromosome 9 : NC_029264.1 ##### 
---------------------------- 
VCF 
---------------------------- 
head(snp_counts) 
  V1    V2 V3  V4    V5  V6
1  9 37587  2  92  T:92 C:0
2  9 37684  2 274 C:274 T:0
3  9 37688  2 276 G:276 T:0
4  9 37700  2 278 C:278 T:0
5  9 37738  2 262 C:260 T:2
6  9 37763  2 266 C:264 T:2
  CHROM   POS N_ALLELES N_CHR {ALLELE:COUNT}_REF {ALLELE:COUNT}_ALT
1     9 37587         2    92               T:92                C:0
2     9 37684         2   274              C:274                T:0
3     9 37688         2   276              G:276                T:0
4     9 37700         2   278              C:278                T:0
5     9 37738         2   262              C:260                T:2
6     9 37763         2   266              C:264                T:2
  CHROM   POS N_ALLELES N_CHR {ALLELE:COUNT}_REF {ALLELE:COUNT}_ALT REF ALT
1     9 37587         2    92               T:92                C:0   T   C
2     9 37684         2   274              C:274                T:0   C   T
3     9 37688         2   276              G:276                T:0   G   T
4     9 37700         2   278              C:278                T:0   C   T
5     9 37738         2   262              C:260                T:2   C   T
6     9 37763         2   266              C:264                T:2   C   T
  count_REF count_ALT
1        92         0
2       274         0
3       276         0
4       278         0
5       260         2
6       264         2
  CHROM   POS N_ALLELES N_CHR {ALLELE:COUNT}_REF {ALLELE:COUNT}_ALT REF ALT
1     9 37587         2    92               T:92                C:0   T   C
2     9 37684         2   274              C:274                T:0   C   T
3     9 37688         2   276              G:276                T:0   G   T
4     9 37700         2   278              C:278                T:0   C   T
5     9 37738         2   262              C:260                T:2   C   T
6     9 37763         2   266              C:264                T:2   C   T
  count_REF count_ALT count_A count_T count_C count_G
1        92         0       0      92       0       0
2       274         0       0       0     274       0
3       276         0       0       0       0     276
4       278         0       0       0     278       0
5       260         2       0       2     260       0
6       264         2       0       2     264       0
  CHROM   POS N_ALLELES N_CHR {ALLELE:COUNT}_REF {ALLELE:COUNT}_ALT REF ALT
1     9 37587         2    92               T:92                C:0   T   C
2     9 37684         2   274              C:274                T:0   C   T
3     9 37688         2   276              G:276                T:0   G   T
4     9 37700         2   278              C:278                T:0   C   T
5     9 37738         2   262              C:260                T:2   C   T
6     9 37763         2   266              C:264                T:2   C   T
  count_REF count_ALT count_A count_T count_C count_G n_genomes
1        92         0       0      92       0       0        92
2       274         0       0       0     274       0       274
3       276         0       0       0       0     276       276
4       278         0       0       0     278       0       278
5       260         2       0       2     260       0       262
6       264         2       0       2     264       0       266
[1] "T->C" "C->T" "G->T" "C->T" "C->T" "C->T"

  A->C   A->G   A->T   C->A   C->G   C->T   G->A   G->C   G->T   T->A   T->C 
 28675 117190  49406  55563  31247 296662 297107  31323  55149  49113 116088 
  T->G 
 28686 
number of mutations WS :  290639 
number of mutations SW :  704481 
# ---------------------------- # 
# WGABED - Alignement avec Cactus 
# ---------------------------- # 
          seq start  end strand
1 NC_029264.1  1000 1001      +
2 NC_029264.1  1001 1002      +
3 NC_029264.1  1002 1003      +
4 NC_029264.1  1003 1004      +
5 NC_029264.1  1004 1005      +
6 NC_029264.1  1005 1006      +
                                                                                    species
1 GCF_001433935_Oryza_sativa,GCF_000147395_Oryza_glaberrima,GCF_000231095_Oryza_brachyantha
2 GCF_001433935_Oryza_sativa,GCF_000147395_Oryza_glaberrima,GCF_000231095_Oryza_brachyantha
3 GCF_001433935_Oryza_sativa,GCF_000147395_Oryza_glaberrima,GCF_000231095_Oryza_brachyantha
4 GCF_001433935_Oryza_sativa,GCF_000147395_Oryza_glaberrima,GCF_000231095_Oryza_brachyantha
5 GCF_001433935_Oryza_sativa,GCF_000147395_Oryza_glaberrima,GCF_000231095_Oryza_brachyantha
6 GCF_001433935_Oryza_sativa,GCF_000147395_Oryza_glaberrima,GCF_000231095_Oryza_brachyantha
                 aligned_chrom  aligned_pos sequence strands score
1 NC_029264.1,NW_026267057.1,? 1000,21725,?    A,a,?   +,+,?   NaN
2 NC_029264.1,NW_026267057.1,? 1001,21726,?    C,c,?   +,+,?   NaN
3 NC_029264.1,NW_026267057.1,? 1002,21727,?    C,c,?   +,+,?   NaN
4 NC_029264.1,NW_026267057.1,? 1003,21728,?    A,a,?   +,+,?   NaN
5 NC_029264.1,NW_026267057.1,? 1004,21729,?    A,a,?   +,+,?   NaN
6 NC_029264.1,NW_026267057.1,? 1005,21730,?    G,g,?   +,+,?   NaN
[1] 11858395
[1] 11743552
          seq start  end strand
1 NC_029264.1  1000 1001      +
2 NC_029264.1  1001 1002      +
3 NC_029264.1  1002 1003      +
4 NC_029264.1  1003 1004      +
5 NC_029264.1  1004 1005      +
6 NC_029264.1  1005 1006      +
                                                                                    species
1 GCF_001433935_Oryza_sativa,GCF_000147395_Oryza_glaberrima,GCF_000231095_Oryza_brachyantha
2 GCF_001433935_Oryza_sativa,GCF_000147395_Oryza_glaberrima,GCF_000231095_Oryza_brachyantha
3 GCF_001433935_Oryza_sativa,GCF_000147395_Oryza_glaberrima,GCF_000231095_Oryza_brachyantha
4 GCF_001433935_Oryza_sativa,GCF_000147395_Oryza_glaberrima,GCF_000231095_Oryza_brachyantha
5 GCF_001433935_Oryza_sativa,GCF_000147395_Oryza_glaberrima,GCF_000231095_Oryza_brachyantha
6 GCF_001433935_Oryza_sativa,GCF_000147395_Oryza_glaberrima,GCF_000231095_Oryza_brachyantha
                 aligned_chrom  aligned_pos sequence strands score CHROM width
1 NC_029264.1,NW_026267057.1,? 1000,21725,?    A,a,?   +,+,?   NaN     9     1
2 NC_029264.1,NW_026267057.1,? 1001,21726,?    C,c,?   +,+,?   NaN     9     1
3 NC_029264.1,NW_026267057.1,? 1002,21727,?    C,c,?   +,+,?   NaN     9     1
4 NC_029264.1,NW_026267057.1,? 1003,21728,?    A,a,?   +,+,?   NaN     9     1
5 NC_029264.1,NW_026267057.1,? 1004,21729,?    A,a,?   +,+,?   NaN     9     1
6 NC_029264.1,NW_026267057.1,? 1005,21730,?    G,g,?   +,+,?   NaN     9     1
   POS
1 1001
2 1002
3 1003
4 1004
5 1005
6 1006
          seq start  end strand
1 NC_029264.1  1000 1001      +
2 NC_029264.1  1001 1002      +
3 NC_029264.1  1002 1003      +
4 NC_029264.1  1003 1004      +
5 NC_029264.1  1004 1005      +
6 NC_029264.1  1005 1006      +
                                                                                    species
1 GCF_001433935_Oryza_sativa,GCF_000147395_Oryza_glaberrima,GCF_000231095_Oryza_brachyantha
2 GCF_001433935_Oryza_sativa,GCF_000147395_Oryza_glaberrima,GCF_000231095_Oryza_brachyantha
3 GCF_001433935_Oryza_sativa,GCF_000147395_Oryza_glaberrima,GCF_000231095_Oryza_brachyantha
4 GCF_001433935_Oryza_sativa,GCF_000147395_Oryza_glaberrima,GCF_000231095_Oryza_brachyantha
5 GCF_001433935_Oryza_sativa,GCF_000147395_Oryza_glaberrima,GCF_000231095_Oryza_brachyantha
6 GCF_001433935_Oryza_sativa,GCF_000147395_Oryza_glaberrima,GCF_000231095_Oryza_brachyantha
                 aligned_chrom  aligned_pos sequence strands score CHROM width
1 NC_029264.1,NW_026267057.1,? 1000,21725,?    A,a,?   +,+,?   NaN     9     1
2 NC_029264.1,NW_026267057.1,? 1001,21726,?    C,c,?   +,+,?   NaN     9     1
3 NC_029264.1,NW_026267057.1,? 1002,21727,?    C,c,?   +,+,?   NaN     9     1
4 NC_029264.1,NW_026267057.1,? 1003,21728,?    A,a,?   +,+,?   NaN     9     1
5 NC_029264.1,NW_026267057.1,? 1004,21729,?    A,a,?   +,+,?   NaN     9     1
6 NC_029264.1,NW_026267057.1,? 1005,21730,?    G,g,?   +,+,?   NaN     9     1
   POS ref outgroup_1 outgroup_2
1 1001   A          A          ?
2 1002   C          C          ?
3 1003   C          C          ?
4 1004   A          A          ?
5 1005   A          A          ?
6 1006   G          G          ?
          seq start  end strand
1 NC_029264.1  1000 1001      +
2 NC_029264.1  1001 1002      +
3 NC_029264.1  1002 1003      +
4 NC_029264.1  1003 1004      +
5 NC_029264.1  1004 1005      +
6 NC_029264.1  1005 1006      +
                                                                                    species
1 GCF_001433935_Oryza_sativa,GCF_000147395_Oryza_glaberrima,GCF_000231095_Oryza_brachyantha
2 GCF_001433935_Oryza_sativa,GCF_000147395_Oryza_glaberrima,GCF_000231095_Oryza_brachyantha
3 GCF_001433935_Oryza_sativa,GCF_000147395_Oryza_glaberrima,GCF_000231095_Oryza_brachyantha
4 GCF_001433935_Oryza_sativa,GCF_000147395_Oryza_glaberrima,GCF_000231095_Oryza_brachyantha
5 GCF_001433935_Oryza_sativa,GCF_000147395_Oryza_glaberrima,GCF_000231095_Oryza_brachyantha
6 GCF_001433935_Oryza_sativa,GCF_000147395_Oryza_glaberrima,GCF_000231095_Oryza_brachyantha
                 aligned_chrom  aligned_pos sequence strands score CHROM width
1 NC_029264.1,NW_026267057.1,? 1000,21725,?    A,a,?   +,+,?   NaN     9     1
2 NC_029264.1,NW_026267057.1,? 1001,21726,?    C,c,?   +,+,?   NaN     9     1
3 NC_029264.1,NW_026267057.1,? 1002,21727,?    C,c,?   +,+,?   NaN     9     1
4 NC_029264.1,NW_026267057.1,? 1003,21728,?    A,a,?   +,+,?   NaN     9     1
5 NC_029264.1,NW_026267057.1,? 1004,21729,?    A,a,?   +,+,?   NaN     9     1
6 NC_029264.1,NW_026267057.1,? 1005,21730,?    G,g,?   +,+,?   NaN     9     1
   POS ref outgroup_1 outgroup_2
1 1001   A          A          ?
2 1002   C          C          ?
3 1003   C          C          ?
4 1004   A          A          ?
5 1005   A          A          ?
6 1006   G          G          ?
          seq start  end strand
1 NC_029264.1  1000 1001      +
2 NC_029264.1  1001 1002      +
3 NC_029264.1  1002 1003      +
4 NC_029264.1  1003 1004      +
5 NC_029264.1  1004 1005      +
6 NC_029264.1  1005 1006      +
                                                                                    species
1 GCF_001433935_Oryza_sativa,GCF_000147395_Oryza_glaberrima,GCF_000231095_Oryza_brachyantha
2 GCF_001433935_Oryza_sativa,GCF_000147395_Oryza_glaberrima,GCF_000231095_Oryza_brachyantha
3 GCF_001433935_Oryza_sativa,GCF_000147395_Oryza_glaberrima,GCF_000231095_Oryza_brachyantha
4 GCF_001433935_Oryza_sativa,GCF_000147395_Oryza_glaberrima,GCF_000231095_Oryza_brachyantha
5 GCF_001433935_Oryza_sativa,GCF_000147395_Oryza_glaberrima,GCF_000231095_Oryza_brachyantha
6 GCF_001433935_Oryza_sativa,GCF_000147395_Oryza_glaberrima,GCF_000231095_Oryza_brachyantha
                 aligned_chrom  aligned_pos sequence strands score CHROM width
1 NC_029264.1,NW_026267057.1,? 1000,21725,?    A,a,?   +,+,?   NaN     9     1
2 NC_029264.1,NW_026267057.1,? 1001,21726,?    C,c,?   +,+,?   NaN     9     1
3 NC_029264.1,NW_026267057.1,? 1002,21727,?    C,c,?   +,+,?   NaN     9     1
4 NC_029264.1,NW_026267057.1,? 1003,21728,?    A,a,?   +,+,?   NaN     9     1
5 NC_029264.1,NW_026267057.1,? 1004,21729,?    A,a,?   +,+,?   NaN     9     1
6 NC_029264.1,NW_026267057.1,? 1005,21730,?    G,g,?   +,+,?   NaN     9     1
   POS ref outgroup_1 outgroup_2
1 1001   A          A          ?
2 1002   C          C          ?
3 1003   C          C          ?
4 1004   A          A          ?
5 1005   A          A          ?
6 1006   G          G          ?
          seq start  end strand
1 NC_029264.1  1000 1001      +
2 NC_029264.1  1001 1002      +
3 NC_029264.1  1002 1003      +
4 NC_029264.1  1003 1004      +
5 NC_029264.1  1004 1005      +
6 NC_029264.1  1005 1006      +
                                                                                    species
1 GCF_001433935_Oryza_sativa,GCF_000147395_Oryza_glaberrima,GCF_000231095_Oryza_brachyantha
2 GCF_001433935_Oryza_sativa,GCF_000147395_Oryza_glaberrima,GCF_000231095_Oryza_brachyantha
3 GCF_001433935_Oryza_sativa,GCF_000147395_Oryza_glaberrima,GCF_000231095_Oryza_brachyantha
4 GCF_001433935_Oryza_sativa,GCF_000147395_Oryza_glaberrima,GCF_000231095_Oryza_brachyantha
5 GCF_001433935_Oryza_sativa,GCF_000147395_Oryza_glaberrima,GCF_000231095_Oryza_brachyantha
6 GCF_001433935_Oryza_sativa,GCF_000147395_Oryza_glaberrima,GCF_000231095_Oryza_brachyantha
                 aligned_chrom  aligned_pos sequence strands score CHROM width
1 NC_029264.1,NW_026267057.1,? 1000,21725,?    A,a,?   +,+,?   NaN     9     1
2 NC_029264.1,NW_026267057.1,? 1001,21726,?    C,c,?   +,+,?   NaN     9     1
3 NC_029264.1,NW_026267057.1,? 1002,21727,?    C,c,?   +,+,?   NaN     9     1
4 NC_029264.1,NW_026267057.1,? 1003,21728,?    A,a,?   +,+,?   NaN     9     1
5 NC_029264.1,NW_026267057.1,? 1004,21729,?    A,a,?   +,+,?   NaN     9     1
6 NC_029264.1,NW_026267057.1,? 1005,21730,?    G,g,?   +,+,?   NaN     9     1
   POS ref outgroup_1 outgroup_2
1 1001   A          A          ?
2 1002   C          C          ?
3 1003   C          C          ?
4 1004   A          A          ?
5 1005   A          A          ?
6 1006   G          G          ?
  CHROM   POS N_ALLELES N_CHR {ALLELE:COUNT}_REF {ALLELE:COUNT}_ALT REF ALT
1     9 37587         2    92               T:92                C:0   T   C
2     9 37684         2   274              C:274                T:0   C   T
3     9 37688         2   276              G:276                T:0   G   T
4     9 37700         2   278              C:278                T:0   C   T
5     9 37738         2   262              C:260                T:2   C   T
6     9 37763         2   266              C:264                T:2   C   T
  count_REF count_ALT count_A count_T count_C count_G n_genomes  mut
1        92         0       0      92       0       0        92 T->C
2       274         0       0       0     274       0       274 C->T
3       276         0       0       0       0     276       276 G->T
4       278         0       0       0     278       0       278 C->T
5       260         2       0       2     260       0       262 C->T
6       264         2       0       2     264       0       266 C->T
          seq start  end strand
1 NC_029264.1  1000 1001      +
2 NC_029264.1  1001 1002      +
3 NC_029264.1  1002 1003      +
4 NC_029264.1  1003 1004      +
5 NC_029264.1  1004 1005      +
6 NC_029264.1  1005 1006      +
                                                                                    species
1 GCF_001433935_Oryza_sativa,GCF_000147395_Oryza_glaberrima,GCF_000231095_Oryza_brachyantha
2 GCF_001433935_Oryza_sativa,GCF_000147395_Oryza_glaberrima,GCF_000231095_Oryza_brachyantha
3 GCF_001433935_Oryza_sativa,GCF_000147395_Oryza_glaberrima,GCF_000231095_Oryza_brachyantha
4 GCF_001433935_Oryza_sativa,GCF_000147395_Oryza_glaberrima,GCF_000231095_Oryza_brachyantha
5 GCF_001433935_Oryza_sativa,GCF_000147395_Oryza_glaberrima,GCF_000231095_Oryza_brachyantha
6 GCF_001433935_Oryza_sativa,GCF_000147395_Oryza_glaberrima,GCF_000231095_Oryza_brachyantha
                 aligned_chrom  aligned_pos sequence strands score CHROM width
1 NC_029264.1,NW_026267057.1,? 1000,21725,?    A,a,?   +,+,?   NaN     9     1
2 NC_029264.1,NW_026267057.1,? 1001,21726,?    C,c,?   +,+,?   NaN     9     1
3 NC_029264.1,NW_026267057.1,? 1002,21727,?    C,c,?   +,+,?   NaN     9     1
4 NC_029264.1,NW_026267057.1,? 1003,21728,?    A,a,?   +,+,?   NaN     9     1
5 NC_029264.1,NW_026267057.1,? 1004,21729,?    A,a,?   +,+,?   NaN     9     1
6 NC_029264.1,NW_026267057.1,? 1005,21730,?    G,g,?   +,+,?   NaN     9     1
   POS ref outgroup_1 outgroup_2
1 1001   A          A          ?
2 1002   C          C          ?
3 1003   C          C          ?
4 1004   A          A          ?
5 1005   A          A          ?
6 1006   G          G          ?
     CHROM        POS             N_ALLELES     N_CHR       {ALLELE:COUNT}_REF
 Min.   :9   Min.   :   37587   Min.   :2   Min.   :  0.0   Length:1156209    
 1st Qu.:9   1st Qu.: 5684630   1st Qu.:2   1st Qu.:550.0   Class :character  
 Median :9   Median :10162876   Median :2   Median :934.0   Mode  :character  
 Mean   :9   Mean   :10638774   Mean   :2   Mean   :734.4                     
 3rd Qu.:9   3rd Qu.:15478172   3rd Qu.:2   3rd Qu.:948.0                     
 Max.   :9   Max.   :23009499   Max.   :2   Max.   :950.0                     
 {ALLELE:COUNT}_ALT     REF                ALT             count_REF        
 Length:1156209     Length:1156209     Length:1156209     Length:1156209    
 Class :character   Class :character   Class :character   Class :character  
 Mode  :character   Mode  :character   Mode  :character   Mode  :character  
                                                                            
                                                                            
                                                                            
  count_ALT            count_A         count_T         count_C     
 Length:1156209     Min.   :  0.0   Min.   :  0.0   Min.   :  0.0  
 Class :character   1st Qu.:  0.0   1st Qu.:  0.0   1st Qu.:  0.0  
 Mode  :character   Median :  0.0   Median :  0.0   Median :  0.0  
                    Mean   :124.6   Mean   :124.1   Mean   :243.1  
                    3rd Qu.:  4.0   3rd Qu.:  4.0   3rd Qu.:510.0  
                    Max.   :950.0   Max.   :950.0   Max.   :950.0  
    count_G        n_genomes         mut           
 Min.   :  0.0   Min.   :  0.0   Length:1156209    
 1st Qu.:  0.0   1st Qu.:550.0   Class :character  
 Median :  0.0   Median :934.0   Mode  :character  
 Mean   :242.7   Mean   :734.4                     
 3rd Qu.:506.0   3rd Qu.:948.0                     
 Max.   :950.0   Max.   :950.0                     
     seq                start               end              strand         
 Length:11743552    Min.   :    1000   Min.   :    1001   Length:11743552   
 Class :character   1st Qu.: 6332417   1st Qu.: 6332418   Class :character  
 Mode  :character   Median :12536708   Median :12536708   Mode  :character  
                    Mean   :12085610   Mean   :12085611                     
                    3rd Qu.:17930903   3rd Qu.:17930904                     
                    Max.   :23008287   Max.   :23008288                     
                                                                            
   species          aligned_chrom      aligned_pos          sequence        
 Length:11743552    Length:11743552    Length:11743552    Length:11743552   
 Class :character   Class :character   Class :character   Class :character  
 Mode  :character   Mode  :character   Mode  :character   Mode  :character  
                                                                            
                                                                            
                                                                            
                                                                            
   strands              score             CHROM               width  
 Length:11743552    Min.   : NA        Length:11743552    Min.   :1  
 Class :character   1st Qu.: NA        Class :character   1st Qu.:1  
 Mode  :character   Median : NA        Mode  :character   Median :1  
                    Mean   :NaN                           Mean   :1  
                    3rd Qu.: NA                           3rd Qu.:1  
                    Max.   : NA                           Max.   :1  
                    NA's   :11743552                                 
      POS               ref             outgroup_1         outgroup_2       
 Min.   :    1001   Length:11743552    Length:11743552    Length:11743552   
 1st Qu.: 6332418   Class :character   Class :character   Class :character  
 Median :12536708   Mode  :character   Mode  :character   Mode  :character  
 Mean   :12085611                                                           
 3rd Qu.:17930904                                                           
 Max.   :23008288                                                           
                                                                            
[1] 1156209
[1] 11743552

       9 
11743552 
[1] 11743552
[1] 10425382
             seq start   end strand
9516 NC_029264.1 19203 19204      +
9518 NC_029264.1 19204 19205      +
9520 NC_029264.1 19205 19206      +
9522 NC_029264.1 19206 19207      +
9524 NC_029264.1 19207 19208      +
9528 NC_029264.1 19212 19213      +
                                                                                       species
9516 GCF_001433935_Oryza_sativa,GCF_000147395_Oryza_glaberrima,GCF_000231095_Oryza_brachyantha
9518 GCF_001433935_Oryza_sativa,GCF_000147395_Oryza_glaberrima,GCF_000231095_Oryza_brachyantha
9520 GCF_001433935_Oryza_sativa,GCF_000147395_Oryza_glaberrima,GCF_000231095_Oryza_brachyantha
9522 GCF_001433935_Oryza_sativa,GCF_000147395_Oryza_glaberrima,GCF_000231095_Oryza_brachyantha
9524 GCF_001433935_Oryza_sativa,GCF_000147395_Oryza_glaberrima,GCF_000231095_Oryza_brachyantha
9528 GCF_001433935_Oryza_sativa,GCF_000147395_Oryza_glaberrima,GCF_000231095_Oryza_brachyantha
                              aligned_chrom         aligned_pos sequence
9516 NC_029264.1,NW_026267057.1,NC_023171.2 19203,39651,3186632    C,c,c
9518 NC_029264.1,NW_026267057.1,NC_023171.2 19204,39652,3186633    A,a,a
9520 NC_029264.1,NW_026267057.1,NC_023171.2 19205,39653,3186634    C,c,c
9522 NC_029264.1,NW_026267057.1,NC_023171.2 19206,39654,3186635    C,c,c
9524 NC_029264.1,NW_026267057.1,NC_023171.2 19207,39655,3186636    G,g,g
9528 NC_029264.1,NW_026267057.1,NC_023171.2 19212,39660,3186638    T,t,t
     strands score CHROM width   POS ref outgroup_1 outgroup_2
9516   +,+,+   NaN     9     1 19204   C          C          C
9518   +,+,+   NaN     9     1 19205   A          A          A
9520   +,+,+   NaN     9     1 19206   C          C          C
9522   +,+,+   NaN     9     1 19207   C          C          C
9524   +,+,+   NaN     9     1 19208   G          G          G
9528   +,+,+   NaN     9     1 19213   T          T          T
[1] 10425382
[1] 10425382
          seq start  end strand
1 NC_029264.1  1000 1001      +
2 NC_029264.1  1001 1002      +
3 NC_029264.1  1002 1003      +
4 NC_029264.1  1003 1004      +
5 NC_029264.1  1004 1005      +
6 NC_029264.1  1005 1006      +
                                                                                    species
1 GCF_001433935_Oryza_sativa,GCF_000147395_Oryza_glaberrima,GCF_000231095_Oryza_brachyantha
2 GCF_001433935_Oryza_sativa,GCF_000147395_Oryza_glaberrima,GCF_000231095_Oryza_brachyantha
3 GCF_001433935_Oryza_sativa,GCF_000147395_Oryza_glaberrima,GCF_000231095_Oryza_brachyantha
4 GCF_001433935_Oryza_sativa,GCF_000147395_Oryza_glaberrima,GCF_000231095_Oryza_brachyantha
5 GCF_001433935_Oryza_sativa,GCF_000147395_Oryza_glaberrima,GCF_000231095_Oryza_brachyantha
6 GCF_001433935_Oryza_sativa,GCF_000147395_Oryza_glaberrima,GCF_000231095_Oryza_brachyantha
                 aligned_chrom  aligned_pos sequence strands score CHROM width
1 NC_029264.1,NW_026267057.1,? 1000,21725,?    A,a,?   +,+,?   NaN     9     1
2 NC_029264.1,NW_026267057.1,? 1001,21726,?    C,c,?   +,+,?   NaN     9     1
3 NC_029264.1,NW_026267057.1,? 1002,21727,?    C,c,?   +,+,?   NaN     9     1
4 NC_029264.1,NW_026267057.1,? 1003,21728,?    A,a,?   +,+,?   NaN     9     1
5 NC_029264.1,NW_026267057.1,? 1004,21729,?    A,a,?   +,+,?   NaN     9     1
6 NC_029264.1,NW_026267057.1,? 1005,21730,?    G,g,?   +,+,?   NaN     9     1
   POS ref outgroup_1 outgroup_2
1 1001   A          A          ?
2 1002   C          C          ?
3 1003   C          C          ?
4 1004   A          A          ?
5 1005   A          A          ?
6 1006   G          G          ?
Joining with `by = join_by(CHROM, POS)`
[1] 1156209
[1] 1156209
  CHROM   POS N_ALLELES N_CHR {ALLELE:COUNT}_REF {ALLELE:COUNT}_ALT REF ALT
1     9 37587         2    92               T:92                C:0   T   C
2     9 37684         2   274              C:274                T:0   C   T
3     9 37688         2   276              G:276                T:0   G   T
4     9 37700         2   278              C:278                T:0   C   T
5     9 37738         2   262              C:260                T:2   C   T
6     9 37763         2   266              C:264                T:2   C   T
  count_REF count_ALT count_A count_T count_C count_G n_genomes  mut ref
1        92         0       0      92       0       0        92 T->C   T
2       274         0       0       0     274       0       274 C->T   C
3       276         0       0       0       0     276       276 G->T   G
4       278         0       0       0     278       0       278 C->T   C
5       260         2       0       2     260       0       262 C->T   C
6       264         2       0       2     264       0       266 C->T   C
  outgroup_1 outgroup_2
1          T          ?
2          C          ?
3          G          ?
4          C          ?
5          C          ?
6          C          ?
  REF ref
1   T   T
2   C   C
3   G   G
4   C   C
5   C   C
6   C   C
[1] 0.3641279
  CHROM   POS N_ALLELES N_CHR {ALLELE:COUNT}_REF {ALLELE:COUNT}_ALT REF ALT
1     9 37587         2    92               T:92                C:0   T   C
2     9 37684         2   274              C:274                T:0   C   T
3     9 37688         2   276              G:276                T:0   G   T
4     9 37700         2   278              C:278                T:0   C   T
5     9 37738         2   262              C:260                T:2   C   T
6     9 37763         2   266              C:264                T:2   C   T
  count_REF count_ALT count_A count_T count_C count_G n_genomes  mut ref
1        92         0       0      92       0       0        92 T->C   T
2       274         0       0       0     274       0       274 C->T   C
3       276         0       0       0       0     276       276 G->T   G
4       278         0       0       0     278       0       278 C->T   C
5       260         2       0       2     260       0       262 C->T   C
6       264         2       0       2     264       0       266 C->T   C
  outgroup_1 outgroup_2 A_outgroup_1 T_outgroup_1 C_outgroup_1 G_outgroup_1
1          T          ?            0            1            0            0
2          C          ?            0            0            1            0
3          G          ?            0            0            0            1
4          C          ?            0            0            1            0
5          C          ?            0            0            1            0
6          C          ?            0            0            1            0
  A_outgroup_2 T_outgroup_2 C_outgroup_2 G_outgroup_2
1            0            0            0            0
2            0            0            0            0
3            0            0            0            0
4            0            0            0            0
5            0            0            0            0
6            0            0            0            0
# ---------------------------- # 
# EST-SFS 
# ---------------------------- # 
  ref_species outgroup_1 outgroup_2
1    0,0,0,92    0,0,0,1    0,0,0,0
2   0,274,0,0    0,1,0,0    0,0,0,0
3   0,0,276,0    0,0,1,0    0,0,0,0
4   0,278,0,0    0,1,0,0    0,0,0,0
5   0,260,0,2    0,1,0,0    0,0,0,0
6   0,264,0,2    0,1,0,0    0,0,0,0
[1] 1156209
