Mon Jun 10 16:44:31 CEST 2024
File : /home/genouest/cnrs_umr6553/rdelage/results/06_est-sfs/06b_Oryza_sativa/Oryza_sativa_chrom_10_est-sfs-input.txt
est-sfs version 2.04
Run   1 ML -251200.489441 k0 0.1965 k1 0.0179 k2 0.4378 
  r6[0] 0.1081 r6[1] 0.1922 r6[2] 0.4797 r6[3] 0.1962 r6[4] 0.0239 r6[5] 0.0000 
Run   2 ML -251200.491072 k0 0.1965 k1 0.0179 k2 0.4378 
  r6[0] 0.1081 r6[1] 0.1923 r6[2] 0.4796 r6[3] 0.1961 r6[4] 0.0239 r6[5] 0.0000 
Run   3 ML -251200.489419 k0 0.1965 k1 0.0179 k2 0.4378 
  r6[0] 0.1081 r6[1] 0.1922 r6[2] 0.4797 r6[3] 0.1962 r6[4] 0.0239 r6[5] 0.0000 
Run   4 ML -251200.492161 k0 0.1965 k1 0.0179 k2 0.4378 
  r6[0] 0.1080 r6[1] 0.1922 r6[2] 0.4796 r6[3] 0.1963 r6[4] 0.0239 r6[5] 0.0000 
Run   5 ML -251200.505196 k0 0.1965 k1 0.0179 k2 0.4378 
  r6[0] 0.1080 r6[1] 0.1920 r6[2] 0.4795 r6[3] 0.1966 r6[4] 0.0239 r6[5] 0.0000 
Run   6 ML -251200.492977 k0 0.1965 k1 0.0179 k2 0.4378 
  r6[0] 0.1082 r6[1] 0.1922 r6[2] 0.4798 r6[3] 0.1959 r6[4] 0.0239 r6[5] 0.0000 
Run   7 ML -251200.493275 k0 0.1965 k1 0.0179 k2 0.4377 
  r6[0] 0.1081 r6[1] 0.1923 r6[2] 0.4795 r6[3] 0.1961 r6[4] 0.0239 r6[5] 0.0000 
Run   8 ML -251200.518161 k0 0.1965 k1 0.0179 k2 0.4378 
  r6[0] 0.1079 r6[1] 0.1920 r6[2] 0.4795 r6[3] 0.1967 r6[4] 0.0238 r6[5] 0.0000 
Run   9 ML -251200.498577 k0 0.1965 k1 0.0179 k2 0.4377 
  r6[0] 0.1080 r6[1] 0.1920 r6[2] 0.4797 r6[3] 0.1965 r6[4] 0.0239 r6[5] 0.0000 
Run  10 ML -251200.489579 k0 0.1965 k1 0.0179 k2 0.4378 
  r6[0] 0.1081 r6[1] 0.1922 r6[2] 0.4797 r6[3] 0.1961 r6[4] 0.0239 r6[5] 0.0000 
Overall ML -251200.4896 k0 0.1965 k1 0.0179 k2 0.4378 
  r6[0] 0.1081 r6[1] 0.1922 r6[2] 0.4797 r6[3] 0.1962 r6[4] 0.0239 r6[5] 0.0000 
File : /home/genouest/cnrs_umr6553/rdelage/results/06_est-sfs/06b_Oryza_sativa/Oryza_sativa_chrom_11_est-sfs-input.txt
est-sfs version 2.04
Run   1 ML -436707.512463 k0 0.1892 k1 0.0563 k2 0.3477 
  r6[0] 0.0908 r6[1] 0.1548 r6[2] 0.4573 r6[3] 0.2476 r6[4] 0.0344 r6[5] 0.0151 
Run   2 ML -436707.512463 k0 0.1892 k1 0.0563 k2 0.3477 
  r6[0] 0.0908 r6[1] 0.1548 r6[2] 0.4573 r6[3] 0.2476 r6[4] 0.0344 r6[5] 0.0151 
Run   3 ML -436707.512463 k0 0.1892 k1 0.0563 k2 0.3477 
  r6[0] 0.0908 r6[1] 0.1548 r6[2] 0.4573 r6[3] 0.2476 r6[4] 0.0344 r6[5] 0.0151 
Run   4 ML -436707.512463 k0 0.1892 k1 0.0563 k2 0.3477 
  r6[0] 0.0908 r6[1] 0.1548 r6[2] 0.4573 r6[3] 0.2476 r6[4] 0.0344 r6[5] 0.0151 
Run   5 ML -436707.512463 k0 0.1892 k1 0.0563 k2 0.3477 
  r6[0] 0.0908 r6[1] 0.1548 r6[2] 0.4573 r6[3] 0.2476 r6[4] 0.0344 r6[5] 0.0151 
Run   6 ML -436707.512463 k0 0.1892 k1 0.0563 k2 0.3477 
  r6[0] 0.0908 r6[1] 0.1548 r6[2] 0.4573 r6[3] 0.2476 r6[4] 0.0344 r6[5] 0.0151 
Run   7 ML -436707.512463 k0 0.1892 k1 0.0563 k2 0.3477 
  r6[0] 0.0908 r6[1] 0.1548 r6[2] 0.4573 r6[3] 0.2476 r6[4] 0.0344 r6[5] 0.0151 
Run   8 ML -436707.512463 k0 0.1892 k1 0.0563 k2 0.3477 
  r6[0] 0.0908 r6[1] 0.1548 r6[2] 0.4573 r6[3] 0.2476 r6[4] 0.0344 r6[5] 0.0151 
Run   9 ML -436707.512463 k0 0.1892 k1 0.0563 k2 0.3477 
  r6[0] 0.0908 r6[1] 0.1548 r6[2] 0.4573 r6[3] 0.2476 r6[4] 0.0344 r6[5] 0.0151 
Run  10 ML -436707.512463 k0 0.1892 k1 0.0563 k2 0.3477 
  r6[0] 0.0908 r6[1] 0.1548 r6[2] 0.4573 r6[3] 0.2476 r6[4] 0.0344 r6[5] 0.0151 
Overall ML -436707.5125 k0 0.1892 k1 0.0563 k2 0.3477 
  r6[0] 0.0908 r6[1] 0.1548 r6[2] 0.4573 r6[3] 0.2476 r6[4] 0.0344 r6[5] 0.0151 
File : /home/genouest/cnrs_umr6553/rdelage/results/06_est-sfs/06b_Oryza_sativa/Oryza_sativa_chrom_12_est-sfs-input.txt
est-sfs version 2.04
Run   1 ML -457655.397694 k0 0.1702 k1 0.0450 k2 0.3892 
  r6[0] 0.0955 r6[1] 0.1381 r6[2] 0.4399 r6[3] 0.2679 r6[4] 0.0415 r6[5] 0.0170 
Run   2 ML -457655.397694 k0 0.1702 k1 0.0450 k2 0.3892 
  r6[0] 0.0955 r6[1] 0.1381 r6[2] 0.4399 r6[3] 0.2679 r6[4] 0.0415 r6[5] 0.0170 
Run   3 ML -457655.397694 k0 0.1702 k1 0.0450 k2 0.3892 
  r6[0] 0.0955 r6[1] 0.1381 r6[2] 0.4399 r6[3] 0.2679 r6[4] 0.0415 r6[5] 0.0171 
Run   4 ML -457655.397694 k0 0.1702 k1 0.0450 k2 0.3892 
  r6[0] 0.0955 r6[1] 0.1381 r6[2] 0.4399 r6[3] 0.2679 r6[4] 0.0415 r6[5] 0.0170 
Run   5 ML -457655.397694 k0 0.1702 k1 0.0450 k2 0.3892 
  r6[0] 0.0955 r6[1] 0.1381 r6[2] 0.4399 r6[3] 0.2679 r6[4] 0.0415 r6[5] 0.0170 
Run   6 ML -457655.397694 k0 0.1702 k1 0.0450 k2 0.3892 
  r6[0] 0.0955 r6[1] 0.1381 r6[2] 0.4399 r6[3] 0.2679 r6[4] 0.0415 r6[5] 0.0170 
Run   7 ML -457655.397694 k0 0.1702 k1 0.0450 k2 0.3892 
  r6[0] 0.0955 r6[1] 0.1381 r6[2] 0.4399 r6[3] 0.2679 r6[4] 0.0415 r6[5] 0.0170 
Run   8 ML -457655.397694 k0 0.1702 k1 0.0450 k2 0.3892 
  r6[0] 0.0955 r6[1] 0.1381 r6[2] 0.4399 r6[3] 0.2679 r6[4] 0.0415 r6[5] 0.0170 
Run   9 ML -457655.397694 k0 0.1702 k1 0.0450 k2 0.3892 
  r6[0] 0.0955 r6[1] 0.1381 r6[2] 0.4399 r6[3] 0.2679 r6[4] 0.0415 r6[5] 0.0170 
Run  10 ML -457655.397694 k0 0.1702 k1 0.0450 k2 0.3892 
  r6[0] 0.0955 r6[1] 0.1381 r6[2] 0.4399 r6[3] 0.2679 r6[4] 0.0415 r6[5] 0.0170 
Overall ML -457655.3977 k0 0.1702 k1 0.0450 k2 0.3892 
  r6[0] 0.0955 r6[1] 0.1381 r6[2] 0.4399 r6[3] 0.2679 r6[4] 0.0415 r6[5] 0.0170 
File : /home/genouest/cnrs_umr6553/rdelage/results/06_est-sfs/06b_Oryza_sativa/Oryza_sativa_chrom_1_est-sfs-input.txt
slurmstepd: error: *** JOB 13058726 ON cl1n041 CANCELLED AT 2024-06-19T09:06:23 ***
