Wed Jun 19 09:38:34 CEST 2024
File : /home/genouest/cnrs_umr6553/rdelage/results/06_est-sfs/06b_Oryza_sativa/Oryza_sativa_chrom_9_est-sfs-input.txt
est-sfs version 2.04
Run   1 ML -275529.170505 k0 0.2035 k1 0.0203 k2 0.4192 
  r6[0] 0.0896 r6[1] 0.2150 r6[2] 0.4836 r6[3] 0.1855 r6[4] 0.0263 r6[5] 0.0000 
Run   2 ML -275529.165656 k0 0.2034 k1 0.0203 k2 0.4191 
  r6[0] 0.0895 r6[1] 0.2150 r6[2] 0.4835 r6[3] 0.1857 r6[4] 0.0264 r6[5] 0.0000 
Run   3 ML -275529.167872 k0 0.2034 k1 0.0203 k2 0.4190 
  r6[0] 0.0895 r6[1] 0.2149 r6[2] 0.4834 r6[3] 0.1858 r6[4] 0.0264 r6[5] 0.0000 
Run   4 ML -275529.172548 k0 0.2035 k1 0.0203 k2 0.4192 
  r6[0] 0.0896 r6[1] 0.2150 r6[2] 0.4837 r6[3] 0.1854 r6[4] 0.0263 r6[5] 0.0000 
Run   5 ML -275529.410752 k0 0.2033 k1 0.0202 k2 0.4188 
  r6[0] 0.0897 r6[1] 0.2159 r6[2] 0.4828 r6[3] 0.1849 r6[4] 0.0267 r6[5] 0.0000 
Run   6 ML -275529.166272 k0 0.2034 k1 0.0203 k2 0.4191 
  r6[0] 0.0895 r6[1] 0.2150 r6[2] 0.4835 r6[3] 0.1857 r6[4] 0.0263 r6[5] 0.0000 
Run   7 ML -275529.221633 k0 0.2036 k1 0.0203 k2 0.4195 
  r6[0] 0.0898 r6[1] 0.2148 r6[2] 0.4841 r6[3] 0.1850 r6[4] 0.0263 r6[5] 0.0000 
Run   8 ML -275529.166398 k0 0.2034 k1 0.0203 k2 0.4190 
  r6[0] 0.0895 r6[1] 0.2149 r6[2] 0.4835 r6[3] 0.1858 r6[4] 0.0263 r6[5] 0.0000 
Run   9 ML -275529.169837 k0 0.2035 k1 0.0203 k2 0.4192 
  r6[0] 0.0896 r6[1] 0.2151 r6[2] 0.4835 r6[3] 0.1855 r6[4] 0.0263 r6[5] 0.0000 
Run  10 ML -275529.217498 k0 0.2035 k1 0.0203 k2 0.4192 
  r6[0] 0.0896 r6[1] 0.2149 r6[2] 0.4841 r6[3] 0.1851 r6[4] 0.0263 r6[5] 0.0000 
Overall ML -275529.2175 k0 0.2034 k1 0.0203 k2 0.4191 
  r6[0] 0.0895 r6[1] 0.2150 r6[2] 0.4835 r6[3] 0.1857 r6[4] 0.0264 r6[5] 0.0000 
Wed Jun 26 20:00:40 CEST 2024
