Tue Jun 18 14:12:26 CEST 2024
File : /home/genouest/cnrs_umr6553/rdelage/results/06_est-sfs/06b_Oryza_sativa/Oryza_sativa_chrom_1_est-sfs-input.txt
est-sfs version 2.04
Run   1 ML -118106.372914 k0 0.1992 k1 0.0025 k2 0.4420 
  r6[0] 0.1169 r6[1] 0.2366 r6[2] 0.4816 r6[3] 0.1386 r6[4] 0.0263 r6[5] 0.0000 
Run   2 ML -118106.310811 k0 0.2000 k1 0.0022 k2 0.4436 
  r6[0] 0.1173 r6[1] 0.2358 r6[2] 0.4845 r6[3] 0.1366 r6[4] 0.0259 r6[5] 0.0000 
Run   3 ML -118106.176972 k0 0.2001 k1 0.0016 k2 0.4431 
  r6[0] 0.1179 r6[1] 0.2388 r6[2] 0.4806 r6[3] 0.1360 r6[4] 0.0267 r6[5] 0.0000 
Run   4 ML -118106.098016 k0 0.2000 k1 0.0020 k2 0.4434 
  r6[0] 0.1177 r6[1] 0.2375 r6[2] 0.4823 r6[3] 0.1360 r6[4] 0.0264 r6[5] 0.0000 
Run   5 ML -118106.100947 k0 0.1999 k1 0.0021 k2 0.4431 
  r6[0] 0.1175 r6[1] 0.2369 r6[2] 0.4825 r6[3] 0.1368 r6[4] 0.0263 r6[5] 0.0000 
Run   6 ML -118106.072869 k0 0.1998 k1 0.0021 k2 0.4430 
  r6[0] 0.1177 r6[1] 0.2374 r6[2] 0.4820 r6[3] 0.1365 r6[4] 0.0264 r6[5] 0.0000 
Run   7 ML -118106.075525 k0 0.1999 k1 0.0021 k2 0.4430 
  r6[0] 0.1176 r6[1] 0.2373 r6[2] 0.4820 r6[3] 0.1367 r6[4] 0.0264 r6[5] 0.0000 
Run   8 ML -118106.083058 k0 0.1998 k1 0.0021 k2 0.4430 
  r6[0] 0.1178 r6[1] 0.2374 r6[2] 0.4820 r6[3] 0.1363 r6[4] 0.0265 r6[5] 0.0000 
Run   9 ML -118106.072495 k0 0.1999 k1 0.0020 k2 0.4431 
  r6[0] 0.1177 r6[1] 0.2376 r6[2] 0.4816 r6[3] 0.1366 r6[4] 0.0265 r6[5] 0.0000 
Run  10 ML -118106.077600 k0 0.1999 k1 0.0021 k2 0.4430 
  r6[0] 0.1176 r6[1] 0.2372 r6[2] 0.4821 r6[3] 0.1367 r6[4] 0.0264 r6[5] 0.0000 
Overall ML -118106.0776 k0 0.1999 k1 0.0020 k2 0.4431 
  r6[0] 0.1177 r6[1] 0.2376 r6[2] 0.4816 r6[3] 0.1366 r6[4] 0.0265 r6[5] 0.0000 
Sat Jun 29 11:26:08 CEST 2024
