Tue Jun 18 14:16:26 CEST 2024
File : /home/genouest/cnrs_umr6553/rdelage/results/06_est-sfs/06b_Oryza_sativa/Oryza_sativa_chrom_3_est-sfs-input.txt
est-sfs version 2.04
Run   1 ML -371664.962682 k0 0.1620 k1 0.0665 k2 0.2722 
  r6[0] 0.0697 r6[1] 0.1467 r6[2] 0.4206 r6[3] 0.2706 r6[4] 0.0611 r6[5] 0.0314 
Run   2 ML -371664.962682 k0 0.1620 k1 0.0665 k2 0.2722 
  r6[0] 0.0697 r6[1] 0.1467 r6[2] 0.4206 r6[3] 0.2706 r6[4] 0.0611 r6[5] 0.0314 
Run   3 ML -371664.962682 k0 0.1620 k1 0.0665 k2 0.2722 
  r6[0] 0.0697 r6[1] 0.1467 r6[2] 0.4206 r6[3] 0.2706 r6[4] 0.0611 r6[5] 0.0314 
Run   4 ML -371664.962682 k0 0.1620 k1 0.0665 k2 0.2722 
  r6[0] 0.0697 r6[1] 0.1467 r6[2] 0.4206 r6[3] 0.2706 r6[4] 0.0611 r6[5] 0.0314 
Run   5 ML -371664.962682 k0 0.1620 k1 0.0665 k2 0.2722 
  r6[0] 0.0697 r6[1] 0.1467 r6[2] 0.4206 r6[3] 0.2706 r6[4] 0.0611 r6[5] 0.0314 
Run   6 ML -371664.962682 k0 0.1620 k1 0.0665 k2 0.2722 
  r6[0] 0.0697 r6[1] 0.1467 r6[2] 0.4206 r6[3] 0.2706 r6[4] 0.0611 r6[5] 0.0314 
Run   7 ML -371664.962682 k0 0.1620 k1 0.0665 k2 0.2722 
  r6[0] 0.0697 r6[1] 0.1467 r6[2] 0.4206 r6[3] 0.2706 r6[4] 0.0611 r6[5] 0.0314 
Run   8 ML -371664.962682 k0 0.1620 k1 0.0665 k2 0.2722 
  r6[0] 0.0697 r6[1] 0.1467 r6[2] 0.4206 r6[3] 0.2706 r6[4] 0.0611 r6[5] 0.0314 
Run   9 ML -371664.962682 k0 0.1620 k1 0.0665 k2 0.2722 
  r6[0] 0.0697 r6[1] 0.1467 r6[2] 0.4206 r6[3] 0.2706 r6[4] 0.0611 r6[5] 0.0314 
Run  10 ML -371664.962682 k0 0.1620 k1 0.0665 k2 0.2722 
  r6[0] 0.0697 r6[1] 0.1467 r6[2] 0.4206 r6[3] 0.2706 r6[4] 0.0611 r6[5] 0.0314 
Overall ML -371664.9627 k0 0.1620 k1 0.0665 k2 0.2722 
  r6[0] 0.0697 r6[1] 0.1467 r6[2] 0.4206 r6[3] 0.2706 r6[4] 0.0611 r6[5] 0.0314 
Thu Jun 20 23:18:10 CEST 2024
