Wed Jun 19 03:29:02 CEST 2024
File : /home/genouest/cnrs_umr6553/rdelage/results/06_est-sfs/06b_Oryza_sativa/Oryza_sativa_chrom_8_est-sfs-input.txt
est-sfs version 2.04
Run   1 ML -365421.029417 k0 0.1926 k1 0.0379 k2 0.3468 
  r6[0] 0.0861 r6[1] 0.1915 r6[2] 0.4602 r6[3] 0.2131 r6[4] 0.0396 r6[5] 0.0094 
Run   2 ML -365421.029417 k0 0.1926 k1 0.0379 k2 0.3468 
  r6[0] 0.0861 r6[1] 0.1915 r6[2] 0.4602 r6[3] 0.2131 r6[4] 0.0396 r6[5] 0.0094 
Run   3 ML -365421.029417 k0 0.1926 k1 0.0379 k2 0.3468 
  r6[0] 0.0861 r6[1] 0.1915 r6[2] 0.4602 r6[3] 0.2131 r6[4] 0.0396 r6[5] 0.0094 
Run   4 ML -365421.029417 k0 0.1926 k1 0.0379 k2 0.3468 
  r6[0] 0.0861 r6[1] 0.1915 r6[2] 0.4602 r6[3] 0.2131 r6[4] 0.0396 r6[5] 0.0094 
Run   5 ML -365421.029417 k0 0.1926 k1 0.0379 k2 0.3468 
  r6[0] 0.0861 r6[1] 0.1915 r6[2] 0.4602 r6[3] 0.2131 r6[4] 0.0396 r6[5] 0.0094 
Run   6 ML -365421.029417 k0 0.1926 k1 0.0379 k2 0.3468 
  r6[0] 0.0861 r6[1] 0.1915 r6[2] 0.4602 r6[3] 0.2131 r6[4] 0.0396 r6[5] 0.0094 
Run   7 ML -365421.029417 k0 0.1926 k1 0.0379 k2 0.3468 
  r6[0] 0.0861 r6[1] 0.1915 r6[2] 0.4602 r6[3] 0.2131 r6[4] 0.0396 r6[5] 0.0094 
Run   8 ML -365421.029417 k0 0.1926 k1 0.0379 k2 0.3468 
  r6[0] 0.0861 r6[1] 0.1915 r6[2] 0.4602 r6[3] 0.2131 r6[4] 0.0396 r6[5] 0.0094 
Run   9 ML -365421.029417 k0 0.1926 k1 0.0379 k2 0.3468 
  r6[0] 0.0861 r6[1] 0.1915 r6[2] 0.4602 r6[3] 0.2131 r6[4] 0.0396 r6[5] 0.0094 
Run  10 ML -365421.029417 k0 0.1926 k1 0.0379 k2 0.3468 
  r6[0] 0.0861 r6[1] 0.1915 r6[2] 0.4602 r6[3] 0.2131 r6[4] 0.0396 r6[5] 0.0094 
Overall ML -365421.0294 k0 0.1926 k1 0.0379 k2 0.3468 
  r6[0] 0.0861 r6[1] 0.1915 r6[2] 0.4602 r6[3] 0.2131 r6[4] 0.0396 r6[5] 0.0094 
Fri Jun 21 03:25:51 CEST 2024
