Tue Jun 18 14:23:00 CEST 2024
File : /home/genouest/cnrs_umr6553/rdelage/results/06_est-sfs/06b_Oryza_sativa/Oryza_sativa_chrom_4_est-sfs-input.txt
est-sfs version 2.04
Run   1 ML -247350.328924 k0 0.2533 k1 0.0245 k2 0.4066 
  r6[0] 0.1479 r6[1] 0.2973 r6[2] 0.4356 r6[3] 0.1117 r6[4] 0.0075 r6[5] 0.0000 
Run   2 ML -247350.799672 k0 0.2534 k1 0.0247 k2 0.4074 
  r6[0] 0.1486 r6[1] 0.2965 r6[2] 0.4373 r6[3] 0.1102 r6[4] 0.0074 r6[5] 0.0000 
Run   3 ML -247353.136262 k0 0.2527 k1 0.0246 k2 0.4059 
  r6[0] 0.1461 r6[1] 0.2943 r6[2] 0.4368 r6[3] 0.1154 r6[4] 0.0074 r6[5] 0.0000 
Run   4 ML -247350.339366 k0 0.2532 k1 0.0245 k2 0.4064 
  r6[0] 0.1479 r6[1] 0.2976 r6[2] 0.4351 r6[3] 0.1118 r6[4] 0.0076 r6[5] 0.0000 
Run   5 ML -247350.397129 k0 0.2533 k1 0.0246 k2 0.4069 
  r6[0] 0.1478 r6[1] 0.2968 r6[2] 0.4361 r6[3] 0.1119 r6[4] 0.0074 r6[5] 0.0000 
Run   6 ML -247350.364930 k0 0.2533 k1 0.0245 k2 0.4065 
  r6[0] 0.1478 r6[1] 0.2976 r6[2] 0.4351 r6[3] 0.1119 r6[4] 0.0076 r6[5] 0.0000 
Run   7 ML -247350.342092 k0 0.2533 k1 0.0244 k2 0.4065 
  r6[0] 0.1483 r6[1] 0.2979 r6[2] 0.4348 r6[3] 0.1113 r6[4] 0.0077 r6[5] 0.0000 
Run   8 ML -247350.320043 k0 0.2533 k1 0.0245 k2 0.4065 
  r6[0] 0.1482 r6[1] 0.2979 r6[2] 0.4350 r6[3] 0.1113 r6[4] 0.0076 r6[5] 0.0000 
Run   9 ML -247350.324287 k0 0.2532 k1 0.0246 k2 0.4067 
  r6[0] 0.1483 r6[1] 0.2975 r6[2] 0.4354 r6[3] 0.1112 r6[4] 0.0076 r6[5] 0.0000 
Run  10 ML -247350.569374 k0 0.2533 k1 0.0243 k2 0.4065 
  r6[0] 0.1488 r6[1] 0.2980 r6[2] 0.4347 r6[3] 0.1107 r6[4] 0.0078 r6[5] 0.0000 
Overall ML -247350.5694 k0 0.2533 k1 0.0245 k2 0.4065 
  r6[0] 0.1482 r6[1] 0.2979 r6[2] 0.4350 r6[3] 0.1113 r6[4] 0.0076 r6[5] 0.0000 
Fri Jun 28 11:27:21 CEST 2024
