Tue Jun 18 17:24:07 CEST 2024
File : /home/genouest/cnrs_umr6553/rdelage/results/06_est-sfs/06b_Oryza_sativa/Oryza_sativa_chrom_7_est-sfs-input.txt
est-sfs version 2.04
Run   1 ML -368030.919702 k0 0.2238 k1 0.0597 k2 0.3475 
  r6[0] 0.0905 r6[1] 0.2035 r6[2] 0.4725 r6[3] 0.2003 r6[4] 0.0305 r6[5] 0.0028 
Run   2 ML -368030.919702 k0 0.2238 k1 0.0597 k2 0.3475 
  r6[0] 0.0905 r6[1] 0.2035 r6[2] 0.4725 r6[3] 0.2003 r6[4] 0.0305 r6[5] 0.0028 
Run   3 ML -368030.919702 k0 0.2238 k1 0.0597 k2 0.3475 
  r6[0] 0.0905 r6[1] 0.2035 r6[2] 0.4725 r6[3] 0.2003 r6[4] 0.0305 r6[5] 0.0028 
Run   4 ML -368030.919702 k0 0.2238 k1 0.0597 k2 0.3475 
  r6[0] 0.0905 r6[1] 0.2035 r6[2] 0.4725 r6[3] 0.2003 r6[4] 0.0305 r6[5] 0.0028 
Run   5 ML -368030.919702 k0 0.2238 k1 0.0597 k2 0.3475 
  r6[0] 0.0905 r6[1] 0.2035 r6[2] 0.4725 r6[3] 0.2003 r6[4] 0.0305 r6[5] 0.0028 
Run   6 ML -368030.919702 k0 0.2238 k1 0.0597 k2 0.3475 
  r6[0] 0.0905 r6[1] 0.2035 r6[2] 0.4725 r6[3] 0.2003 r6[4] 0.0305 r6[5] 0.0028 
Run   7 ML -368030.919702 k0 0.2238 k1 0.0597 k2 0.3475 
  r6[0] 0.0905 r6[1] 0.2034 r6[2] 0.4725 r6[3] 0.2003 r6[4] 0.0305 r6[5] 0.0028 
Run   8 ML -368030.919702 k0 0.2238 k1 0.0597 k2 0.3475 
  r6[0] 0.0905 r6[1] 0.2035 r6[2] 0.4725 r6[3] 0.2003 r6[4] 0.0305 r6[5] 0.0028 
Run   9 ML -368030.919702 k0 0.2238 k1 0.0597 k2 0.3475 
  r6[0] 0.0905 r6[1] 0.2035 r6[2] 0.4725 r6[3] 0.2003 r6[4] 0.0305 r6[5] 0.0028 
Run  10 ML -368030.919702 k0 0.2238 k1 0.0597 k2 0.3475 
  r6[0] 0.0905 r6[1] 0.2035 r6[2] 0.4725 r6[3] 0.2003 r6[4] 0.0305 r6[5] 0.0028 
Overall ML -368030.9197 k0 0.2238 k1 0.0597 k2 0.3475 
  r6[0] 0.0905 r6[1] 0.2035 r6[2] 0.4725 r6[3] 0.2003 r6[4] 0.0305 r6[5] 0.0028 
Thu Jun 20 16:38:33 CEST 2024
