Tue Jun 18 14:13:25 CEST 2024
File : /home/genouest/cnrs_umr6553/rdelage/results/06_est-sfs/06b_Oryza_sativa/Oryza_sativa_chrom_2_est-sfs-input.txt
est-sfs version 2.04
Run   1 ML -153500.580368 k0 0.1864 k1 0.0145 k2 0.4001 
  r6[0] 0.0970 r6[1] 0.1710 r6[2] 0.4864 r6[3] 0.2022 r6[4] 0.0371 r6[5] 0.0062 
Run   2 ML -153500.580368 k0 0.1864 k1 0.0145 k2 0.4001 
  r6[0] 0.0970 r6[1] 0.1710 r6[2] 0.4864 r6[3] 0.2022 r6[4] 0.0371 r6[5] 0.0062 
Run   3 ML -153500.580368 k0 0.1864 k1 0.0145 k2 0.4001 
  r6[0] 0.0970 r6[1] 0.1710 r6[2] 0.4864 r6[3] 0.2022 r6[4] 0.0371 r6[5] 0.0062 
Run   4 ML -153500.580368 k0 0.1864 k1 0.0145 k2 0.4001 
  r6[0] 0.0970 r6[1] 0.1710 r6[2] 0.4864 r6[3] 0.2022 r6[4] 0.0371 r6[5] 0.0062 
Run   5 ML -153500.580368 k0 0.1864 k1 0.0145 k2 0.4001 
  r6[0] 0.0970 r6[1] 0.1710 r6[2] 0.4864 r6[3] 0.2022 r6[4] 0.0371 r6[5] 0.0062 
Run   6 ML -153500.580368 k0 0.1864 k1 0.0145 k2 0.4001 
  r6[0] 0.0970 r6[1] 0.1710 r6[2] 0.4864 r6[3] 0.2022 r6[4] 0.0371 r6[5] 0.0062 
Run   7 ML -153500.580368 k0 0.1864 k1 0.0145 k2 0.4001 
  r6[0] 0.0970 r6[1] 0.1710 r6[2] 0.4864 r6[3] 0.2022 r6[4] 0.0371 r6[5] 0.0062 
Run   8 ML -153500.580368 k0 0.1864 k1 0.0145 k2 0.4001 
  r6[0] 0.0970 r6[1] 0.1710 r6[2] 0.4864 r6[3] 0.2022 r6[4] 0.0371 r6[5] 0.0062 
Run   9 ML -153500.580368 k0 0.1864 k1 0.0145 k2 0.4001 
  r6[0] 0.0970 r6[1] 0.1710 r6[2] 0.4864 r6[3] 0.2022 r6[4] 0.0371 r6[5] 0.0062 
Run  10 ML -153500.580368 k0 0.1864 k1 0.0145 k2 0.4001 
  r6[0] 0.0970 r6[1] 0.1710 r6[2] 0.4864 r6[3] 0.2022 r6[4] 0.0371 r6[5] 0.0062 
Overall ML -153500.5804 k0 0.1864 k1 0.0145 k2 0.4001 
  r6[0] 0.0970 r6[1] 0.1710 r6[2] 0.4864 r6[3] 0.2022 r6[4] 0.0371 r6[5] 0.0062 
Fri Jun 21 02:07:38 CEST 2024
