Tue Jun 18 14:24:26 CEST 2024
File : /home/genouest/cnrs_umr6553/rdelage/results/06_est-sfs/06b_Oryza_sativa/Oryza_sativa_chrom_5_est-sfs-input.txt
est-sfs version 2.04
Run   1 ML -166735.273520 k0 0.1817 k1 0.0028 k2 0.4243 
  r6[0] 0.0910 r6[1] 0.2092 r6[2] 0.5038 r6[3] 0.1642 r6[4] 0.0318 r6[5] 0.0000 
Run   2 ML -166735.254667 k0 0.1817 k1 0.0028 k2 0.4245 
  r6[0] 0.0911 r6[1] 0.2090 r6[2] 0.5041 r6[3] 0.1640 r6[4] 0.0317 r6[5] 0.0000 
Run   3 ML -166735.228150 k0 0.1818 k1 0.0028 k2 0.4247 
  r6[0] 0.0910 r6[1] 0.2091 r6[2] 0.5045 r6[3] 0.1635 r6[4] 0.0318 r6[5] 0.0000 
Run   4 ML -166735.228243 k0 0.1818 k1 0.0028 k2 0.4246 
  r6[0] 0.0911 r6[1] 0.2092 r6[2] 0.5045 r6[3] 0.1635 r6[4] 0.0318 r6[5] 0.0000 
Run   5 ML -166735.261364 k0 0.1818 k1 0.0028 k2 0.4244 
  r6[0] 0.0912 r6[1] 0.2096 r6[2] 0.5036 r6[3] 0.1639 r6[4] 0.0318 r6[5] 0.0000 
Run   6 ML -166735.237153 k0 0.1818 k1 0.0028 k2 0.4246 
  r6[0] 0.0909 r6[1] 0.2089 r6[2] 0.5045 r6[3] 0.1638 r6[4] 0.0319 r6[5] 0.0000 
Run   7 ML -166735.229806 k0 0.1818 k1 0.0028 k2 0.4246 
  r6[0] 0.0910 r6[1] 0.2093 r6[2] 0.5043 r6[3] 0.1636 r6[4] 0.0318 r6[5] 0.0000 
Run   8 ML -166735.241244 k0 0.1818 k1 0.0028 k2 0.4247 
  r6[0] 0.0911 r6[1] 0.2087 r6[2] 0.5048 r6[3] 0.1637 r6[4] 0.0317 r6[5] 0.0000 
Run   9 ML -166735.232398 k0 0.1818 k1 0.0028 k2 0.4246 
  r6[0] 0.0910 r6[1] 0.2090 r6[2] 0.5045 r6[3] 0.1637 r6[4] 0.0318 r6[5] 0.0000 
Run  10 ML -166735.229823 k0 0.1818 k1 0.0028 k2 0.4245 
  r6[0] 0.0910 r6[1] 0.2093 r6[2] 0.5043 r6[3] 0.1635 r6[4] 0.0318 r6[5] 0.0000 
Overall ML -166735.2298 k0 0.1818 k1 0.0028 k2 0.4247 
  r6[0] 0.0910 r6[1] 0.2091 r6[2] 0.5045 r6[3] 0.1635 r6[4] 0.0318 r6[5] 0.0000 
Sun Jun 23 19:50:05 CEST 2024
