Tue Jun 18 14:26:26 CEST 2024
File : /home/genouest/cnrs_umr6553/rdelage/results/06_est-sfs/06b_Oryza_sativa/Oryza_sativa_chrom_6_est-sfs-input.txt
est-sfs version 2.04
Run   1 ML -377375.924750 k0 0.1877 k1 0.0595 k2 0.3368 
  r6[0] 0.0864 r6[1] 0.1675 r6[2] 0.4366 r6[3] 0.2417 r6[4] 0.0455 r6[5] 0.0223 
Run   2 ML -377375.924750 k0 0.1877 k1 0.0595 k2 0.3368 
  r6[0] 0.0864 r6[1] 0.1675 r6[2] 0.4366 r6[3] 0.2417 r6[4] 0.0455 r6[5] 0.0223 
Run   3 ML -377375.924750 k0 0.1877 k1 0.0595 k2 0.3368 
  r6[0] 0.0864 r6[1] 0.1675 r6[2] 0.4366 r6[3] 0.2417 r6[4] 0.0455 r6[5] 0.0223 
Run   4 ML -377375.924750 k0 0.1877 k1 0.0595 k2 0.3368 
  r6[0] 0.0864 r6[1] 0.1675 r6[2] 0.4366 r6[3] 0.2417 r6[4] 0.0455 r6[5] 0.0223 
Run   5 ML -377375.924750 k0 0.1877 k1 0.0595 k2 0.3368 
  r6[0] 0.0864 r6[1] 0.1675 r6[2] 0.4366 r6[3] 0.2417 r6[4] 0.0455 r6[5] 0.0223 
Run   6 ML -377375.924750 k0 0.1877 k1 0.0595 k2 0.3368 
  r6[0] 0.0864 r6[1] 0.1675 r6[2] 0.4366 r6[3] 0.2417 r6[4] 0.0455 r6[5] 0.0223 
Run   7 ML -377375.924750 k0 0.1877 k1 0.0595 k2 0.3368 
  r6[0] 0.0864 r6[1] 0.1675 r6[2] 0.4366 r6[3] 0.2417 r6[4] 0.0455 r6[5] 0.0223 
Run   8 ML -377375.924750 k0 0.1877 k1 0.0595 k2 0.3368 
  r6[0] 0.0864 r6[1] 0.1675 r6[2] 0.4366 r6[3] 0.2417 r6[4] 0.0455 r6[5] 0.0223 
Run   9 ML -377375.924750 k0 0.1877 k1 0.0595 k2 0.3368 
  r6[0] 0.0864 r6[1] 0.1675 r6[2] 0.4366 r6[3] 0.2417 r6[4] 0.0455 r6[5] 0.0223 
Run  10 ML -377375.924750 k0 0.1877 k1 0.0595 k2 0.3368 
  r6[0] 0.0864 r6[1] 0.1675 r6[2] 0.4366 r6[3] 0.2417 r6[4] 0.0455 r6[5] 0.0223 
Overall ML -377375.9247 k0 0.1877 k1 0.0595 k2 0.3368 
  r6[0] 0.0864 r6[1] 0.1675 r6[2] 0.4366 r6[3] 0.2417 r6[4] 0.0455 r6[5] 0.0223 
Thu Jun 20 13:26:57 CEST 2024
