est-sfs version 2.04
Run   1 ML 16600.939783 k0 0.3552 k1 0.0753 k2 0.0873 
  r6[0] 0.1925 r6[1] 0.5453 r6[2] 0.2623 r6[3] 0.0000 r6[4] 0.0000 r6[5] 0.0281 
Run   2 ML 18290.566404 k0 0.3357 k1 0.1583 k2 0.0061 
  r6[0] 0.0767 r6[1] 0.6350 r6[2] 0.2812 r6[3] 0.0071 r6[4] 0.0000 r6[5] 0.0281 
Run   3 ML 19832.619102 k0 0.2854 k1 0.0333 k2 0.0004 
  r6[0] 0.0000 r6[1] 0.6191 r6[2] 0.3802 r6[3] 0.0007 r6[4] 0.0000 r6[5] 0.0000 
Run   4 ML 19209.654778 k0 0.3289 k1 0.0000 k2 0.1394 
  r6[0] 0.0156 r6[1] 0.5248 r6[2] 0.4593 r6[3] 0.0003 r6[4] 0.0000 r6[5] 0.0000 
Run   5 ML 18137.729482 k0 0.3244 k1 0.0077 k2 0.0056 
  r6[0] 0.0000 r6[1] 0.5098 r6[2] 0.4479 r6[3] 0.0423 r6[4] 0.0000 r6[5] 0.0000 
Run   6 ML 19869.730492 k0 0.2937 k1 0.0055 k2 0.0723 
  r6[0] 0.0000 r6[1] 0.6268 r6[2] 0.3726 r6[3] 0.0000 r6[4] 0.0000 r6[5] 0.0005 
Run   7 ML 18292.745682 k0 0.3231 k1 0.0417 k2 0.0075 
  r6[0] 0.0294 r6[1] 0.4850 r6[2] 0.4687 r6[3] 0.0063 r6[4] 0.0106 r6[5] 0.0000 
Run   8 ML 19759.756104 k0 0.2929 k1 0.1908 k2 0.1068 
  r6[0] 0.0000 r6[1] 0.6206 r6[2] 0.3714 r6[3] 0.0000 r6[4] 0.0000 r6[5] 0.0079 
Run   9 ML 18100.155695 k0 0.3124 k1 0.0000 k2 0.2589 
  r6[0] 0.1274 r6[1] 0.5154 r6[2] 0.3570 r6[3] 0.0000 r6[4] 0.0002 r6[5] 0.0281 
Run  10 ML 0.000000 k0 0.0000 k1 0.1688 k2 0.0924 
  r6[0] 0.1526 r6[1] 0.0554 r6[2] 0.2695 r6[3] 0.2079 r6[4] 0.2750 r6[5] 0.0396 
Overall ML 0.0000 k0 0.2937 k1 0.0055 k2 0.0723 
  r6[0] 0.0000 r6[1] 0.6268 r6[2] 0.3726 r6[3] 0.0000 r6[4] 0.0000 r6[5] 0.0005 
