est-sfs version 2.04
Run   1 ML 35833.678977 k0 0.3280 k1 0.0020 k2 0.1515 
  r6[0] 0.0000 r6[1] 0.6435 r6[2] 0.3501 r6[3] 0.0040 r6[4] 0.0000 r6[5] 0.0024 
Run   2 ML 35875.678122 k0 0.3074 k1 0.1284 k2 0.1794 
  r6[0] 0.0006 r6[1] 0.6510 r6[2] 0.3457 r6[3] 0.0027 r6[4] 0.0000 r6[5] 0.0000 
Run   3 ML 35485.903653 k0 0.3187 k1 0.0000 k2 0.0001 
  r6[0] 0.0000 r6[1] 0.6645 r6[2] 0.3268 r6[3] 0.0028 r6[4] 0.0059 r6[5] 0.0000 
Run   4 ML 33569.223685 k0 0.2982 k1 0.0000 k2 0.1712 
  r6[0] 0.0883 r6[1] 0.7225 r6[2] 0.1890 r6[3] 0.0001 r6[4] 0.0000 r6[5] 0.0281 
Run   5 ML 0.000000 k0 0.0000 k1 0.0950 k2 0.1123 
  r6[0] 0.0695 r6[1] 0.1366 r6[2] 0.2894 r6[3] 0.1653 r6[4] 0.3085 r6[5] 0.0292 
Run   6 ML 36081.237860 k0 0.3254 k1 0.0424 k2 0.0376 
  r6[0] 0.0000 r6[1] 0.6533 r6[2] 0.3457 r6[3] 0.0000 r6[4] 0.0005 r6[5] 0.0004 
Run   7 ML 30937.267691 k0 0.3376 k1 0.0489 k2 0.3237 
  r6[0] 0.0000 r6[1] 0.4055 r6[2] 0.5428 r6[3] 0.0517 r6[4] 0.0000 r6[5] 0.0000 
Run   8 ML 35841.089742 k0 0.3260 k1 0.1134 k2 0.1075 
  r6[0] 0.0001 r6[1] 0.5676 r6[2] 0.4309 r6[3] 0.0000 r6[4] 0.0000 r6[5] 0.0014 
Run   9 ML 33377.204934 k0 0.3138 k1 0.1640 k2 0.2074 
  r6[0] 0.0000 r6[1] 0.5802 r6[2] 0.3718 r6[3] 0.0000 r6[4] 0.0248 r6[5] 0.0232 
Run  10 ML 35993.635669 k0 0.3130 k1 0.0740 k2 0.0567 
  r6[0] 0.0000 r6[1] 0.6886 r6[2] 0.3114 r6[3] 0.0000 r6[4] 0.0000 r6[5] 0.0000 
Overall ML 35993.6357 k0 0.3254 k1 0.0424 k2 0.0376 
  r6[0] 0.0000 r6[1] 0.6533 r6[2] 0.3457 r6[3] 0.0000 r6[4] 0.0005 r6[5] 0.0004 
