est-sfs version 2.04
Run   1 ML 1881.067095 k0 0.2251 k1 0.0422 k2 0.3074 
  r6[0] 0.0000 r6[1] 0.6395 r6[2] 0.3596 r6[3] 0.0000 r6[4] 0.0009 r6[5] 0.0000 
Run   2 ML 1789.915493 k0 0.2241 k1 0.0000 k2 0.4317 
  r6[0] 0.0000 r6[1] 0.6232 r6[2] 0.3495 r6[3] 0.0000 r6[4] 0.0273 r6[5] 0.0000 
Run   3 ML 1868.850011 k0 0.2167 k1 0.0463 k2 0.1491 
  r6[0] 0.0000 r6[1] 0.6933 r6[2] 0.3059 r6[3] 0.0000 r6[4] 0.0008 r6[5] 0.0000 
Run   4 ML 1866.393127 k0 0.2311 k1 0.0003 k2 0.0726 
  r6[0] 0.0000 r6[1] 0.5904 r6[2] 0.4050 r6[3] 0.0028 r6[4] 0.0000 r6[5] 0.0018 
Run   5 ML 0.000000 k0 0.0000 k1 0.1596 k2 0.0785 
  r6[0] 0.0803 r6[1] 0.1100 r6[2] 0.2112 r6[3] 0.1848 r6[4] 0.2903 r6[5] 0.1318 
Run   6 ML 1882.224245 k0 0.2261 k1 0.0510 k2 0.0537 
  r6[0] 0.0002 r6[1] 0.6397 r6[2] 0.3596 r6[3] 0.0000 r6[4] 0.0004 r6[5] 0.0000 
Run   7 ML 1624.629730 k0 0.2356 k1 0.0000 k2 0.4245 
  r6[0] 0.0000 r6[1] 0.4073 r6[2] 0.5844 r6[3] 0.0000 r6[4] 0.0079 r6[5] 0.0003 
Run   8 ML 1883.906754 k0 0.2256 k1 0.1432 k2 0.0421 
  r6[0] 0.0000 r6[1] 0.6321 r6[2] 0.3678 r6[3] 0.0000 r6[4] 0.0000 r6[5] 0.0001 
Run   9 ML 1678.185030 k0 0.2049 k1 0.0679 k2 0.1110 
  r6[0] 0.0000 r6[1] 0.4690 r6[2] 0.4882 r6[3] 0.0429 r6[4] 0.0000 r6[5] 0.0000 
Run  10 ML 1864.405121 k0 0.2228 k1 0.0752 k2 0.0000 
  r6[0] 0.0000 r6[1] 0.6511 r6[2] 0.3423 r6[3] 0.0064 r6[4] 0.0002 r6[5] 0.0000 
Overall ML 1864.4051 k0 0.2256 k1 0.1432 k2 0.0421 
  r6[0] 0.0000 r6[1] 0.6321 r6[2] 0.3678 r6[3] 0.0000 r6[4] 0.0000 r6[5] 0.0001 
