est-sfs version 2.04
Run   1 ML 47238.690733 k0 0.3508 k1 0.1076 k2 0.0872 
  r6[0] 0.0000 r6[1] 0.5935 r6[2] 0.4064 r6[3] 0.0001 r6[4] 0.0001 r6[5] 0.0000 
Run   2 ML 45177.530638 k0 0.3930 k1 0.0083 k2 0.0241 
  r6[0] 0.0000 r6[1] 0.4689 r6[2] 0.5311 r6[3] 0.0000 r6[4] 0.0000 r6[5] 0.0000 
Run   3 ML 29618.441994 k0 0.3322 k1 0.0001 k2 0.0001 
  r6[0] 0.4989 r6[1] 0.3695 r6[2] 0.1307 r6[3] 0.0002 r6[4] 0.0000 r6[5] 0.0289 
Run   4 ML 43985.970141 k0 0.3709 k1 0.2132 k2 0.0003 
  r6[0] 0.0000 r6[1] 0.5247 r6[2] 0.4194 r6[3] 0.0097 r6[4] 0.0009 r6[5] 0.0453 
Run   5 ML 39774.527801 k0 0.3749 k1 0.0094 k2 0.3202 
  r6[0] 0.2572 r6[1] 0.4046 r6[2] 0.3381 r6[3] 0.0000 r6[4] 0.0000 r6[5] 0.0281 
Run   6 ML 47074.587056 k0 0.3441 k1 0.0083 k2 0.0791 
  r6[0] 0.0006 r6[1] 0.6593 r6[2] 0.3379 r6[3] 0.0021 r6[4] 0.0000 r6[5] 0.0000 
Run   7 ML 44455.892706 k0 0.3408 k1 0.1174 k2 0.0053 
  r6[0] 0.0000 r6[1] 0.4222 r6[2] 0.5778 r6[3] 0.0000 r6[4] 0.0000 r6[5] 0.0000 
Run   8 ML 44008.097196 k0 0.3465 k1 0.1819 k2 0.0000 
  r6[0] 0.0116 r6[1] 0.4319 r6[2] 0.5464 r6[3] 0.0102 r6[4] 0.0000 r6[5] 0.0000 
Run   9 ML 43155.965122 k0 0.3266 k1 0.0343 k2 0.3196 
  r6[0] 0.1463 r6[1] 0.6275 r6[2] 0.2229 r6[3] 0.0000 r6[4] 0.0000 r6[5] 0.0314 
Run  10 ML 0.000000 k0 0.0000 k1 0.1869 k2 0.1094 
  r6[0] 0.1500 r6[1] 0.0611 r6[2] 0.2636 r6[3] 0.2102 r6[4] 0.2664 r6[5] 0.0487 
Overall ML 0.0000 k0 0.3508 k1 0.1076 k2 0.0872 
  r6[0] 0.0000 r6[1] 0.5935 r6[2] 0.4064 r6[3] 0.0001 r6[4] 0.0001 r6[5] 0.0000 
