est-sfs version 2.04
Run   1 ML 32472.738601 k0 0.3171 k1 0.0199 k2 0.0000 
  r6[0] 0.0000 r6[1] 0.6220 r6[2] 0.3774 r6[3] 0.0000 r6[4] 0.0005 r6[5] 0.0002 
Run   2 ML 31845.750250 k0 0.3378 k1 0.0000 k2 0.0884 
  r6[0] 0.0035 r6[1] 0.5926 r6[2] 0.3943 r6[3] 0.0095 r6[4] 0.0000 r6[5] 0.0001 
Run   3 ML 30008.146627 k0 0.3387 k1 0.1044 k2 0.0000 
  r6[0] 0.0300 r6[1] 0.4780 r6[2] 0.4684 r6[3] 0.0236 r6[4] 0.0000 r6[5] 0.0000 
Run   4 ML 29914.994096 k0 0.3714 k1 0.0429 k2 0.1498 
  r6[0] 0.0226 r6[1] 0.4474 r6[2] 0.5161 r6[3] 0.0000 r6[4] 0.0000 r6[5] 0.0139 
Run   5 ML 31215.922285 k0 0.3051 k1 0.0169 k2 0.0292 
  r6[0] 0.0000 r6[1] 0.4697 r6[2] 0.5303 r6[3] 0.0000 r6[4] 0.0000 r6[5] 0.0000 
Run   6 ML 27550.214898 k0 0.3389 k1 0.0000 k2 0.0000 
  r6[0] 0.1103 r6[1] 0.4722 r6[2] 0.3824 r6[3] 0.0017 r6[4] 0.0334 r6[5] 0.0281 
Run   7 ML 31812.270190 k0 0.3326 k1 0.3439 k2 0.0270 
  r6[0] 0.0000 r6[1] 0.5224 r6[2] 0.4715 r6[3] 0.0003 r6[4] 0.0002 r6[5] 0.0056 
Run   8 ML 31897.148153 k0 0.2946 k1 0.1367 k2 0.0564 
  r6[0] 0.0139 r6[1] 0.6953 r6[2] 0.2907 r6[3] 0.0000 r6[4] 0.0000 r6[5] 0.0000 
Run   9 ML 30011.711443 k0 0.3245 k1 0.0000 k2 0.2674 
  r6[0] 0.1268 r6[1] 0.5360 r6[2] 0.3368 r6[3] 0.0004 r6[4] 0.0000 r6[5] 0.0281 
Run  10 ML 0.000000 k0 0.0000 k1 0.1689 k2 0.0898 
  r6[0] 0.1504 r6[1] 0.0635 r6[2] 0.2654 r6[3] 0.2074 r6[4] 0.2734 r6[5] 0.0399 
Overall ML 0.0000 k0 0.3171 k1 0.0199 k2 0.0000 
  r6[0] 0.0000 r6[1] 0.6220 r6[2] 0.3774 r6[3] 0.0000 r6[4] 0.0005 r6[5] 0.0002 
