est-sfs version 2.04
Run   1 ML 21599.052506 k0 0.3243 k1 0.3062 k2 0.0000 
  r6[0] 0.0594 r6[1] 0.7357 r6[2] 0.2046 r6[3] 0.0003 r6[4] 0.0000 r6[5] 0.0281 
Run   2 ML 22410.365836 k0 0.3322 k1 0.4380 k2 0.0103 
  r6[0] 0.0000 r6[1] 0.4354 r6[2] 0.5621 r6[3] 0.0000 r6[4] 0.0000 r6[5] 0.0025 
Run   3 ML 23382.465576 k0 0.3213 k1 0.0331 k2 0.0315 
  r6[0] 0.0000 r6[1] 0.6311 r6[2] 0.3617 r6[3] 0.0072 r6[4] 0.0000 r6[5] 0.0000 
Run   4 ML 23181.054445 k0 0.3369 k1 0.0000 k2 0.0717 
  r6[0] 0.0000 r6[1] 0.5713 r6[2] 0.4187 r6[3] 0.0059 r6[4] 0.0041 r6[5] 0.0000 
Run   5 ML 0.000000 k0 0.0000 k1 0.0967 k2 0.1240 
  r6[0] 0.0549 r6[1] 0.1884 r6[2] 0.2813 r6[3] 0.1501 r6[4] 0.2871 r6[5] 0.0381 
Run   6 ML 23683.748738 k0 0.3287 k1 0.0887 k2 0.0530 
  r6[0] 0.0000 r6[1] 0.6104 r6[2] 0.3895 r6[3] 0.0000 r6[4] 0.0000 r6[5] 0.0000 
Run   7 ML 18443.523951 k0 0.3330 k1 0.0000 k2 0.0037 
  r6[0] 0.2360 r6[1] 0.5115 r6[2] 0.2397 r6[3] 0.0000 r6[4] 0.0016 r6[5] 0.0393 
Run   8 ML 22950.933202 k0 0.3503 k1 0.0000 k2 0.1087 
  r6[0] 0.0000 r6[1] 0.5181 r6[2] 0.4580 r6[3] 0.0000 r6[4] 0.0000 r6[5] 0.0239 
Run   9 ML 23645.508110 k0 0.3221 k1 0.0767 k2 0.0162 
  r6[0] 0.0026 r6[1] 0.6070 r6[2] 0.3903 r6[3] 0.0000 r6[4] 0.0001 r6[5] 0.0000 
Run  10 ML 23652.231606 k0 0.3290 k1 0.0118 k2 0.0031 
  r6[0] 0.0000 r6[1] 0.5864 r6[2] 0.4134 r6[3] 0.0003 r6[4] 0.0000 r6[5] 0.0000 
Overall ML 23652.2316 k0 0.3287 k1 0.0887 k2 0.0530 
  r6[0] 0.0000 r6[1] 0.6104 r6[2] 0.3895 r6[3] 0.0000 r6[4] 0.0000 r6[5] 0.0000 
