est-sfs version 2.04
Run   1 ML 21249.027891 k0 0.3136 k1 0.0000 k2 0.1749 
  r6[0] 0.0003 r6[1] 0.5179 r6[2] 0.4743 r6[3] 0.0001 r6[4] 0.0034 r6[5] 0.0041 
Run   2 ML 21049.894845 k0 0.3085 k1 0.2887 k2 0.0059 
  r6[0] 0.0018 r6[1] 0.4782 r6[2] 0.5197 r6[3] 0.0000 r6[4] 0.0003 r6[5] 0.0000 
Run   3 ML 21065.156112 k0 0.3042 k1 0.2611 k2 0.4296 
  r6[0] 0.0324 r6[1] 0.6726 r6[2] 0.2949 r6[3] 0.0000 r6[4] 0.0000 r6[5] 0.0000 
Run   4 ML 21574.780587 k0 0.3256 k1 0.0000 k2 0.1188 
  r6[0] 0.0005 r6[1] 0.6482 r6[2] 0.3483 r6[3] 0.0000 r6[4] 0.0031 r6[5] 0.0000 
Run   5 ML 21261.799679 k0 0.3241 k1 0.0006 k2 0.1754 
  r6[0] 0.0320 r6[1] 0.5876 r6[2] 0.3796 r6[3] 0.0004 r6[4] 0.0005 r6[5] 0.0000 
Run   6 ML 20949.777492 k0 0.3059 k1 0.7477 k2 0.0000 
  r6[0] 0.0074 r6[1] 0.5098 r6[2] 0.4726 r6[3] 0.0101 r6[4] 0.0000 r6[5] 0.0000 
Run   7 ML 17413.739401 k0 0.3789 k1 0.3013 k2 0.0794 
  r6[0] 0.2004 r6[1] 0.4495 r6[2] 0.3482 r6[3] 0.0020 r6[4] 0.0000 r6[5] 0.0281 
Run   8 ML 21377.897317 k0 0.3184 k1 0.2153 k2 0.0000 
  r6[0] 0.0000 r6[1] 0.5309 r6[2] 0.4642 r6[3] 0.0048 r6[4] 0.0001 r6[5] 0.0000 
Run   9 ML 18975.118581 k0 0.3050 k1 0.0001 k2 0.0151 
  r6[0] 0.1234 r6[1] 0.4934 r6[2] 0.3658 r6[3] 0.0100 r6[4] 0.0002 r6[5] 0.0353 
Run  10 ML 0.000000 k0 0.0000 k1 0.1682 k2 0.0920 
  r6[0] 0.1543 r6[1] 0.0578 r6[2] 0.2705 r6[3] 0.2052 r6[4] 0.2724 r6[5] 0.0398 
Overall ML 0.0000 k0 0.3256 k1 0.0000 k2 0.1188 
  r6[0] 0.0005 r6[1] 0.6482 r6[2] 0.3483 r6[3] 0.0000 r6[4] 0.0031 r6[5] 0.0000 
