est-sfs version 2.04
Run   1 ML 1207.224621 k0 0.2252 k1 0.0000 k2 0.2305 
  r6[0] 0.0000 r6[1] 0.6225 r6[2] 0.3577 r6[3] 0.0144 r6[4] 0.0050 r6[5] 0.0004 
Run   2 ML 1110.645153 k0 0.2166 k1 0.0014 k2 0.1373 
  r6[0] 0.0002 r6[1] 0.6535 r6[2] 0.2792 r6[3] 0.0000 r6[4] 0.0556 r6[5] 0.0114 
Run   3 ML 1203.844998 k0 0.2068 k1 0.0414 k2 0.0024 
  r6[0] 0.0000 r6[1] 0.7039 r6[2] 0.2837 r6[3] 0.0000 r6[4] 0.0124 r6[5] 0.0000 
Run   4 ML 1218.359784 k0 0.2272 k1 0.3215 k2 0.0000 
  r6[0] 0.0000 r6[1] 0.5766 r6[2] 0.4109 r6[3] 0.0096 r6[4] 0.0000 r6[5] 0.0029 
Run   5 ML 1033.194098 k0 0.2055 k1 0.0000 k2 0.2266 
  r6[0] 0.0000 r6[1] 0.3516 r6[2] 0.6006 r6[3] 0.0066 r6[4] 0.0000 r6[5] 0.0412 
Run   6 ML 1243.761917 k0 0.2224 k1 0.0123 k2 0.0417 
  r6[0] 0.0006 r6[1] 0.6382 r6[2] 0.3612 r6[3] 0.0000 r6[4] 0.0000 r6[5] 0.0000 
Run   7 ML 1103.029935 k0 0.2236 k1 0.1654 k2 0.2987 
  r6[0] 0.0000 r6[1] 0.4414 r6[2] 0.5091 r6[3] 0.0000 r6[4] 0.0184 r6[5] 0.0311 
Run   8 ML 1227.030015 k0 0.2131 k1 0.0021 k2 0.0669 
  r6[0] 0.0010 r6[1] 0.6134 r6[2] 0.3656 r6[3] 0.0043 r6[4] 0.0004 r6[5] 0.0153 
Run   9 ML 1146.872427 k0 0.2386 k1 0.0125 k2 0.2407 
  r6[0] 0.0291 r6[1] 0.5630 r6[2] 0.3805 r6[3] 0.0126 r6[4] 0.0125 r6[5] 0.0023 
Run  10 ML 0.000000 k0 0.0000 k1 0.1802 k2 0.0995 
  r6[0] 0.1368 r6[1] 0.0710 r6[2] 0.2647 r6[3] 0.2027 r6[4] 0.2720 r6[5] 0.0558 
Overall ML 0.0000 k0 0.2224 k1 0.0123 k2 0.0417 
  r6[0] 0.0006 r6[1] 0.6382 r6[2] 0.3612 r6[3] 0.0000 r6[4] 0.0000 r6[5] 0.0000 
