est-sfs version 2.04
Run   1 ML 20548.873349 k0 0.2997 k1 0.0041 k2 0.0145 
  r6[0] 0.0000 r6[1] 0.6026 r6[2] 0.3878 r6[3] 0.0000 r6[4] 0.0096 r6[5] 0.0000 
Run   2 ML 20921.397416 k0 0.2913 k1 0.2631 k2 0.2001 
  r6[0] 0.0001 r6[1] 0.6188 r6[2] 0.3805 r6[3] 0.0004 r6[4] 0.0001 r6[5] 0.0002 
Run   3 ML 20317.866565 k0 0.3479 k1 0.0011 k2 0.2814 
  r6[0] 0.0000 r6[1] 0.6265 r6[2] 0.3639 r6[3] 0.0095 r6[4] 0.0000 r6[5] 0.0000 
Run   4 ML 19888.142457 k0 0.3123 k1 0.2122 k2 0.0436 
  r6[0] 0.0005 r6[1] 0.6112 r6[2] 0.3621 r6[3] 0.0003 r6[4] 0.0245 r6[5] 0.0013 
Run   5 ML 0.000000 k0 0.0000 k1 0.1038 k2 0.1154 
  r6[0] 0.0531 r6[1] 0.1314 r6[2] 0.2714 r6[3] 0.1531 r6[4] 0.3030 r6[5] 0.0863 
Run   6 ML 20985.990991 k0 0.3033 k1 0.0201 k2 0.0104 
  r6[0] 0.0000 r6[1] 0.6310 r6[2] 0.3689 r6[3] 0.0000 r6[4] 0.0000 r6[5] 0.0000 
Run   7 ML 15874.981639 k0 0.3204 k1 0.0025 k2 0.0136 
  r6[0] 0.2561 r6[1] 0.3585 r6[2] 0.3777 r6[3] 0.0000 r6[4] 0.0000 r6[5] 0.0357 
Run   8 ML 20461.725631 k0 0.3043 k1 0.0115 k2 0.0000 
  r6[0] 0.0011 r6[1] 0.6528 r6[2] 0.3314 r6[3] 0.0139 r6[4] 0.0000 r6[5] 0.0008 
Run   9 ML 20267.539571 k0 0.3298 k1 0.0868 k2 0.0140 
  r6[0] 0.0520 r6[1] 0.5715 r6[2] 0.3764 r6[3] 0.0000 r6[4] 0.0000 r6[5] 0.0281 
Run  10 ML 20772.084730 k0 0.3294 k1 0.0000 k2 0.0000 
  r6[0] 0.0005 r6[1] 0.6338 r6[2] 0.3631 r6[3] 0.0025 r6[4] 0.0001 r6[5] 0.0000 
Overall ML 20772.0847 k0 0.3033 k1 0.0201 k2 0.0104 
  r6[0] 0.0000 r6[1] 0.6310 r6[2] 0.3689 r6[3] 0.0000 r6[4] 0.0000 r6[5] 0.0000 
