est-sfs version 2.04
Run   1 ML 25736.977719 k0 0.3148 k1 0.7532 k2 0.1228 
  r6[0] 0.0305 r6[1] 0.6022 r6[2] 0.3443 r6[3] 0.0000 r6[4] 0.0230 r6[5] 0.0000 
Run   2 ML 24557.516922 k0 0.3512 k1 0.5433 k2 0.0000 
  r6[0] 0.0000 r6[1] 0.4948 r6[2] 0.4437 r6[3] 0.0293 r6[4] 0.0102 r6[5] 0.0220 
Run   3 ML 26424.388154 k0 0.3095 k1 0.0095 k2 0.0006 
  r6[0] 0.0004 r6[1] 0.7575 r6[2] 0.2351 r6[3] 0.0068 r6[4] 0.0000 r6[5] 0.0002 
Run   4 ML 25619.920410 k0 0.3771 k1 0.0020 k2 0.0610 
  r6[0] 0.0389 r6[1] 0.4748 r6[2] 0.4861 r6[3] 0.0001 r6[4] 0.0000 r6[5] 0.0001 
Run   5 ML 26599.964071 k0 0.3586 k1 0.0000 k2 0.0565 
  r6[0] 0.0003 r6[1] 0.5083 r6[2] 0.4906 r6[3] 0.0008 r6[4] 0.0000 r6[5] 0.0000 
Run   6 ML 23827.897693 k0 0.3167 k1 0.0079 k2 0.0000 
  r6[0] 0.1865 r6[1] 0.5107 r6[2] 0.3028 r6[3] 0.0000 r6[4] 0.0000 r6[5] 0.0281 
Run   7 ML 27540.504453 k0 0.3168 k1 0.6534 k2 0.0199 
  r6[0] 0.0000 r6[1] 0.6286 r6[2] 0.3712 r6[3] 0.0001 r6[4] 0.0000 r6[5] 0.0001 
Run   8 ML 27379.024018 k0 0.3222 k1 0.2480 k2 0.2547 
  r6[0] 0.0088 r6[1] 0.5919 r6[2] 0.3993 r6[3] 0.0000 r6[4] 0.0000 r6[5] 0.0000 
Run   9 ML 25484.949201 k0 0.3387 k1 0.0000 k2 0.3257 
  r6[0] 0.1135 r6[1] 0.5612 r6[2] 0.3249 r6[3] 0.0000 r6[4] 0.0004 r6[5] 0.0281 
Run  10 ML 0.000000 k0 0.0000 k1 0.1682 k2 0.0951 
  r6[0] 0.1526 r6[1] 0.0554 r6[2] 0.2695 r6[3] 0.2079 r6[4] 0.2750 r6[5] 0.0396 
Overall ML 0.0000 k0 0.3168 k1 0.6534 k2 0.0199 
  r6[0] 0.0000 r6[1] 0.6286 r6[2] 0.3712 r6[3] 0.0001 r6[4] 0.0000 r6[5] 0.0001 
