
VCFtools - 0.1.16
(C) Adam Auton and Anthony Marcketta 2009

Parameters as interpreted:
	--gzvcf /home/genouest/cnrs_umr6553/rdelage/data/Sorghum_bicolor_Lozano2021.pop_sfs.no_indels.recode.vcf.gz
	--counts
	--out /home/genouest/cnrs_umr6553/rdelage/results/vcftools/Sorghum_bicolor_snp_vcf

Using zlib version: 1.2.11
Warning: Expected at least 2 parts in INFO entry: ID=AC,Number=A,Type=Integer,Description="Allele count in genotypes, for each ALT allele, in the same order as listed">
Warning: Expected at least 2 parts in INFO entry: ID=AC,Number=A,Type=Integer,Description="Allele count in genotypes, for each ALT allele, in the same order as listed">
Warning: Expected at least 2 parts in INFO entry: ID=AF,Number=A,Type=Float,Description="Allele Frequency, for each ALT allele, in the same order as listed">
Warning: Expected at least 2 parts in INFO entry: ID=AF,Number=A,Type=Float,Description="Allele Frequency, for each ALT allele, in the same order as listed">
Warning: Expected at least 2 parts in INFO entry: ID=MLEAC,Number=A,Type=Integer,Description="Maximum likelihood expectation (MLE) for the allele counts, for each ALT allele, in the same order as listed">
Warning: Expected at least 2 parts in INFO entry: ID=MLEAC,Number=A,Type=Integer,Description="Maximum likelihood expectation (MLE) for the allele counts, for each ALT allele, in the same order as listed">
Warning: Expected at least 2 parts in INFO entry: ID=MLEAF,Number=A,Type=Float,Description="Maximum likelihood expectation (MLE) for the allele frequency, for each ALT allele, in the same order as listed">
Warning: Expected at least 2 parts in INFO entry: ID=MLEAF,Number=A,Type=Float,Description="Maximum likelihood expectation (MLE) for the allele frequency, for each ALT allele, in the same order as listed">
After filtering, kept 32 out of 32 Individuals
Outputting Frequency Statistics...
After filtering, kept 13170712 out of a possible 13170712 Sites
Run Time = 618.00 seconds

VCFtools - 0.1.16
(C) Adam Auton and Anthony Marcketta 2009

Parameters as interpreted:
	--gzvcf /home/genouest/cnrs_umr6553/rdelage/data/Sorghum_bicolor_Lozano2021.pop_sfs.no_indels.recode.vcf.gz
	--freq
	--out /home/genouest/cnrs_umr6553/rdelage/results/vcftools/Sorghum_bicolor_freq

Using zlib version: 1.2.11
Warning: Expected at least 2 parts in INFO entry: ID=AC,Number=A,Type=Integer,Description="Allele count in genotypes, for each ALT allele, in the same order as listed">
Warning: Expected at least 2 parts in INFO entry: ID=AC,Number=A,Type=Integer,Description="Allele count in genotypes, for each ALT allele, in the same order as listed">
Warning: Expected at least 2 parts in INFO entry: ID=AF,Number=A,Type=Float,Description="Allele Frequency, for each ALT allele, in the same order as listed">
Warning: Expected at least 2 parts in INFO entry: ID=AF,Number=A,Type=Float,Description="Allele Frequency, for each ALT allele, in the same order as listed">
Warning: Expected at least 2 parts in INFO entry: ID=MLEAC,Number=A,Type=Integer,Description="Maximum likelihood expectation (MLE) for the allele counts, for each ALT allele, in the same order as listed">
Warning: Expected at least 2 parts in INFO entry: ID=MLEAC,Number=A,Type=Integer,Description="Maximum likelihood expectation (MLE) for the allele counts, for each ALT allele, in the same order as listed">
Warning: Expected at least 2 parts in INFO entry: ID=MLEAF,Number=A,Type=Float,Description="Maximum likelihood expectation (MLE) for the allele frequency, for each ALT allele, in the same order as listed">
Warning: Expected at least 2 parts in INFO entry: ID=MLEAF,Number=A,Type=Float,Description="Maximum likelihood expectation (MLE) for the allele frequency, for each ALT allele, in the same order as listed">
After filtering, kept 32 out of 32 Individuals
Outputting Frequency Statistics...
After filtering, kept 13170712 out of a possible 13170712 Sites
Run Time = 620.00 seconds
