
Attaching package: ‘dplyr’

The following objects are masked from ‘package:stats’:

    filter, lag

The following objects are masked from ‘package:base’:

    intersect, setdiff, setequal, union

   CHROM POS N_ALLELES N_CHR {ALLELE:COUNT}_REF {ALLELE:COUNT}_ALT
1      1  55         2   162              C:162                T:0
2      1  56         2   172              T:172                A:0
3      1  63         2   154              T:154                C:0
4      1  73         2   168              C:152               A:16
5      1  75         2   168              T:168                A:0
6      1  80         2   156              G:156                T:0
7      1  83         3   168              T:146               C:22
8    A:0            NA    NA                                      
9      1  88         2   156              A:156                T:0
10     1  92         2   160              A:110               C:50
   CHROM POS N_ALLELES N_CHR {ALLELE:COUNT}_REF {ALLELE:COUNT}_ALT
1      1  55         2   162              C:162                T:0
2      1  56         2   172              T:172                A:0
3      1  63         2   154              T:154                C:0
4      1  73         2   168              C:152               A:16
5      1  75         2   168              T:168                A:0
6      1  80         2   156              G:156                T:0
7      1  83         3   168              T:146               C:22
9      1  88         2   156              A:156                T:0
10     1  92         2   160              A:110               C:50
11     1  94         2   174              C:174                T:0
  CHROM POS N_ALLELES N_CHR {ALLELE:COUNT}_REF {ALLELE:COUNT}_ALT REF ALT
1     1  55         2   162              C:162                T:0   C   T
2     1  56         2   172              T:172                A:0   T   A
3     1  63         2   154              T:154                C:0   T   C
4     1  73         2   168              C:152               A:16   C   A
5     1  75         2   168              T:168                A:0   T   A
6     1  80         2   156              G:156                T:0   G   T
  count_REF count_ALT
1       162         0
2       172         0
3       154         0
4       152        16
5       168         0
6       156         0
  CHROM POS N_ALLELES N_CHR {ALLELE:COUNT}_REF {ALLELE:COUNT}_ALT REF ALT
1     1  55         2   162              C:162                T:0   C   T
2     1  56         2   172              T:172                A:0   T   A
3     1  63         2   154              T:154                C:0   T   C
4     1  73         2   168              C:152               A:16   C   A
5     1  75         2   168              T:168                A:0   T   A
6     1  80         2   156              G:156                T:0   G   T
  count_REF count_ALT count_A count_T count_C count_G
1       162         0       0       0     162       0
2       172         0       0     172       0       0
3       154         0       0     154       0       0
4       152        16      16       0     152       0
5       168         0       0     168       0       0
6       156         0       0       0       0     156
  CHROM POS N_ALLELES N_CHR {ALLELE:COUNT}_REF {ALLELE:COUNT}_ALT REF ALT
1     1  55         2   162              C:162                T:0   C   T
2     1  56         2   172              T:172                A:0   T   A
3     1  63         2   154              T:154                C:0   T   C
4     1  73         2   168              C:152               A:16   C   A
5     1  75         2   168              T:168                A:0   T   A
6     1  80         2   156              G:156                T:0   G   T
  count_REF count_ALT count_A count_T count_C count_G n_genomes
1       162         0       0       0     162       0       162
2       172         0       0     172       0       0       172
3       154         0       0     154       0       0       154
4       152        16      16       0     152       0       168
5       168         0       0     168       0       0       168
6       156         0       0       0       0     156       156
chromosome 1 
Joining with `by = join_by(CHROM, POS)`
chromosome 2 
Joining with `by = join_by(CHROM, POS)`
chromosome 3 
Joining with `by = join_by(CHROM, POS)`
chromosome 4 
Joining with `by = join_by(CHROM, POS)`
chromosome 5 
Joining with `by = join_by(CHROM, POS)`
