File : /home/genouest/cnrs_umr6553/rdelage/results/06_est-sfs/arabidopsis_NC_003070.9.wga_filtered_snp.txt
est-sfs version 2.04
Run   1 ML -285603.395357 k0 0.0570 k1 0.0507 k2 0.1959 
  r6[0] 0.1132 r6[1] 0.2111 r6[2] 0.2504 r6[3] 0.2493 r6[4] 0.0609 r6[5] 0.1151 
Run   2 ML -285603.395356 k0 0.0570 k1 0.0507 k2 0.1959 
  r6[0] 0.1132 r6[1] 0.2111 r6[2] 0.2504 r6[3] 0.2493 r6[4] 0.0609 r6[5] 0.1151 
Run   3 ML -285603.395356 k0 0.0570 k1 0.0507 k2 0.1959 
  r6[0] 0.1132 r6[1] 0.2111 r6[2] 0.2504 r6[3] 0.2493 r6[4] 0.0609 r6[5] 0.1151 
Run   4 ML -285603.395354 k0 0.0570 k1 0.0507 k2 0.1959 
  r6[0] 0.1132 r6[1] 0.2111 r6[2] 0.2504 r6[3] 0.2493 r6[4] 0.0609 r6[5] 0.1151 
Run   5 ML -285603.395357 k0 0.0570 k1 0.0507 k2 0.1959 
  r6[0] 0.1132 r6[1] 0.2111 r6[2] 0.2504 r6[3] 0.2493 r6[4] 0.0609 r6[5] 0.1151 
Run   6 ML -285603.395355 k0 0.0570 k1 0.0507 k2 0.1959 
  r6[0] 0.1132 r6[1] 0.2111 r6[2] 0.2504 r6[3] 0.2493 r6[4] 0.0609 r6[5] 0.1151 
Run   7 ML -285603.395355 k0 0.0570 k1 0.0507 k2 0.1959 
  r6[0] 0.1132 r6[1] 0.2111 r6[2] 0.2504 r6[3] 0.2493 r6[4] 0.0609 r6[5] 0.1151 
Run   8 ML -285603.395355 k0 0.0570 k1 0.0507 k2 0.1959 
  r6[0] 0.1132 r6[1] 0.2111 r6[2] 0.2504 r6[3] 0.2493 r6[4] 0.0609 r6[5] 0.1151 
Run   9 ML -285603.395355 k0 0.0570 k1 0.0507 k2 0.1959 
  r6[0] 0.1132 r6[1] 0.2111 r6[2] 0.2504 r6[3] 0.2493 r6[4] 0.0609 r6[5] 0.1151 
Run  10 ML -285603.395357 k0 0.0570 k1 0.0507 k2 0.1959 
  r6[0] 0.1132 r6[1] 0.2111 r6[2] 0.2504 r6[3] 0.2493 r6[4] 0.0609 r6[5] 0.1151 
Overall ML -285603.3954 k0 0.0570 k1 0.0507 k2 0.1959 
  r6[0] 0.1132 r6[1] 0.2111 r6[2] 0.2504 r6[3] 0.2493 r6[4] 0.0609 r6[5] 0.1151 
File : /home/genouest/cnrs_umr6553/rdelage/results/06_est-sfs/arabidopsis_NC_003071.7.wga_filtered_snp.txt
est-sfs version 2.04
Run   1 ML -216911.243475 k0 0.0624 k1 0.0573 k2 0.2007 
  r6[0] 0.1142 r6[1] 0.2136 r6[2] 0.2510 r6[3] 0.2438 r6[4] 0.0614 r6[5] 0.1160 
Run   2 ML -216911.243475 k0 0.0624 k1 0.0573 k2 0.2007 
  r6[0] 0.1142 r6[1] 0.2136 r6[2] 0.2510 r6[3] 0.2438 r6[4] 0.0614 r6[5] 0.1160 
Run   3 ML -216911.243475 k0 0.0624 k1 0.0573 k2 0.2007 
  r6[0] 0.1142 r6[1] 0.2136 r6[2] 0.2510 r6[3] 0.2438 r6[4] 0.0614 r6[5] 0.1160 
Run   4 ML -216911.243476 k0 0.0624 k1 0.0573 k2 0.2007 
  r6[0] 0.1142 r6[1] 0.2136 r6[2] 0.2510 r6[3] 0.2438 r6[4] 0.0614 r6[5] 0.1160 
Run   5 ML -216911.243476 k0 0.0624 k1 0.0573 k2 0.2007 
  r6[0] 0.1142 r6[1] 0.2136 r6[2] 0.2510 r6[3] 0.2438 r6[4] 0.0614 r6[5] 0.1160 
Run   6 ML -216911.243475 k0 0.0624 k1 0.0573 k2 0.2007 
  r6[0] 0.1142 r6[1] 0.2136 r6[2] 0.2510 r6[3] 0.2438 r6[4] 0.0614 r6[5] 0.1160 
Run   7 ML -216911.243475 k0 0.0624 k1 0.0573 k2 0.2007 
  r6[0] 0.1142 r6[1] 0.2136 r6[2] 0.2510 r6[3] 0.2438 r6[4] 0.0614 r6[5] 0.1160 
Run   8 ML -216911.243476 k0 0.0624 k1 0.0573 k2 0.2007 
  r6[0] 0.1142 r6[1] 0.2136 r6[2] 0.2510 r6[3] 0.2438 r6[4] 0.0614 r6[5] 0.1160 
Run   9 ML -216911.243475 k0 0.0624 k1 0.0573 k2 0.2007 
  r6[0] 0.1142 r6[1] 0.2136 r6[2] 0.2510 r6[3] 0.2438 r6[4] 0.0614 r6[5] 0.1160 
Run  10 ML -216911.243475 k0 0.0624 k1 0.0573 k2 0.2007 
  r6[0] 0.1142 r6[1] 0.2136 r6[2] 0.2510 r6[3] 0.2438 r6[4] 0.0614 r6[5] 0.1160 
Overall ML -216911.2435 k0 0.0624 k1 0.0573 k2 0.2007 
  r6[0] 0.1142 r6[1] 0.2136 r6[2] 0.2510 r6[3] 0.2438 r6[4] 0.0614 r6[5] 0.1160 
File : /home/genouest/cnrs_umr6553/rdelage/results/06_est-sfs/arabidopsis_NC_003074.8.wga_filtered_snp.txt
est-sfs version 2.04
Run   1 ML -281550.882652 k0 0.0676 k1 0.0586 k2 0.1976 
  r6[0] 0.1175 r6[1] 0.2101 r6[2] 0.2499 r6[3] 0.2438 r6[4] 0.0611 r6[5] 0.1176 
Run   2 ML -281550.882652 k0 0.0676 k1 0.0586 k2 0.1976 
  r6[0] 0.1175 r6[1] 0.2101 r6[2] 0.2499 r6[3] 0.2438 r6[4] 0.0611 r6[5] 0.1176 
Run   3 ML -281550.882652 k0 0.0676 k1 0.0586 k2 0.1976 
  r6[0] 0.1175 r6[1] 0.2101 r6[2] 0.2499 r6[3] 0.2438 r6[4] 0.0611 r6[5] 0.1176 
Run   4 ML -281550.882652 k0 0.0676 k1 0.0586 k2 0.1976 
  r6[0] 0.1175 r6[1] 0.2101 r6[2] 0.2499 r6[3] 0.2438 r6[4] 0.0611 r6[5] 0.1176 
Run   5 ML -281550.882652 k0 0.0676 k1 0.0586 k2 0.1976 
  r6[0] 0.1175 r6[1] 0.2101 r6[2] 0.2499 r6[3] 0.2438 r6[4] 0.0611 r6[5] 0.1176 
Run   6 ML -281550.882652 k0 0.0676 k1 0.0586 k2 0.1976 
  r6[0] 0.1175 r6[1] 0.2101 r6[2] 0.2499 r6[3] 0.2438 r6[4] 0.0611 r6[5] 0.1176 
Run   7 ML -281550.882652 k0 0.0676 k1 0.0586 k2 0.1976 
  r6[0] 0.1175 r6[1] 0.2101 r6[2] 0.2499 r6[3] 0.2438 r6[4] 0.0611 r6[5] 0.1176 
Run   8 ML -281550.882652 k0 0.0676 k1 0.0586 k2 0.1976 
  r6[0] 0.1175 r6[1] 0.2101 r6[2] 0.2499 r6[3] 0.2438 r6[4] 0.0611 r6[5] 0.1176 
Run   9 ML -281550.882652 k0 0.0676 k1 0.0586 k2 0.1976 
  r6[0] 0.1175 r6[1] 0.2101 r6[2] 0.2499 r6[3] 0.2438 r6[4] 0.0611 r6[5] 0.1176 
Run  10 ML -281550.882652 k0 0.0676 k1 0.0586 k2 0.1976 
  r6[0] 0.1175 r6[1] 0.2101 r6[2] 0.2499 r6[3] 0.2438 r6[4] 0.0611 r6[5] 0.1176 
Overall ML -281550.8827 k0 0.0676 k1 0.0586 k2 0.1976 
  r6[0] 0.1175 r6[1] 0.2101 r6[2] 0.2499 r6[3] 0.2438 r6[4] 0.0611 r6[5] 0.1176 
File : /home/genouest/cnrs_umr6553/rdelage/results/06_est-sfs/arabidopsis_NC_003075.7.wga_filtered_snp.txt
est-sfs version 2.04
Run   1 ML -253886.260913 k0 0.0773 k1 0.0671 k2 0.1946 
  r6[0] 0.1155 r6[1] 0.2125 r6[2] 0.2535 r6[3] 0.2400 r6[4] 0.0601 r6[5] 0.1186 
Run   2 ML -253886.260914 k0 0.0773 k1 0.0671 k2 0.1946 
  r6[0] 0.1155 r6[1] 0.2125 r6[2] 0.2535 r6[3] 0.2400 r6[4] 0.0601 r6[5] 0.1186 
Run   3 ML -253886.260913 k0 0.0773 k1 0.0671 k2 0.1946 
  r6[0] 0.1155 r6[1] 0.2125 r6[2] 0.2535 r6[3] 0.2400 r6[4] 0.0601 r6[5] 0.1186 
Run   4 ML -253886.260914 k0 0.0773 k1 0.0671 k2 0.1946 
  r6[0] 0.1155 r6[1] 0.2125 r6[2] 0.2535 r6[3] 0.2400 r6[4] 0.0601 r6[5] 0.1186 
Run   5 ML -253886.260913 k0 0.0773 k1 0.0671 k2 0.1946 
  r6[0] 0.1155 r6[1] 0.2125 r6[2] 0.2535 r6[3] 0.2400 r6[4] 0.0601 r6[5] 0.1186 
Run   6 ML -253886.260913 k0 0.0773 k1 0.0671 k2 0.1946 
  r6[0] 0.1155 r6[1] 0.2125 r6[2] 0.2535 r6[3] 0.2400 r6[4] 0.0601 r6[5] 0.1186 
Run   7 ML -253886.260913 k0 0.0773 k1 0.0671 k2 0.1946 
  r6[0] 0.1155 r6[1] 0.2125 r6[2] 0.2535 r6[3] 0.2400 r6[4] 0.0601 r6[5] 0.1186 
Run   8 ML -253886.260913 k0 0.0773 k1 0.0671 k2 0.1946 
  r6[0] 0.1155 r6[1] 0.2125 r6[2] 0.2535 r6[3] 0.2400 r6[4] 0.0601 r6[5] 0.1186 
Run   9 ML -253886.260914 k0 0.0773 k1 0.0671 k2 0.1946 
  r6[0] 0.1155 r6[1] 0.2125 r6[2] 0.2535 r6[3] 0.2400 r6[4] 0.0601 r6[5] 0.1186 
Run  10 ML -253886.260913 k0 0.0773 k1 0.0671 k2 0.1946 
  r6[0] 0.1155 r6[1] 0.2125 r6[2] 0.2535 r6[3] 0.2400 r6[4] 0.0601 r6[5] 0.1186 
Overall ML -253886.2609 k0 0.0773 k1 0.0671 k2 0.1946 
  r6[0] 0.1155 r6[1] 0.2125 r6[2] 0.2535 r6[3] 0.2400 r6[4] 0.0601 r6[5] 0.1186 
File : /home/genouest/cnrs_umr6553/rdelage/results/06_est-sfs/arabidopsis_NC_003076.8.wga_filtered_snp.txt
est-sfs version 2.04
Run   1 ML -394473.482713 k0 0.0849 k1 0.0802 k2 0.2022 
  r6[0] 0.1170 r6[1] 0.2173 r6[2] 0.2444 r6[3] 0.2393 r6[4] 0.0636 r6[5] 0.1182 
Run   2 ML -394473.482713 k0 0.0849 k1 0.0802 k2 0.2022 
  r6[0] 0.1170 r6[1] 0.2173 r6[2] 0.2444 r6[3] 0.2393 r6[4] 0.0636 r6[5] 0.1182 
Run   3 ML -394473.482713 k0 0.0849 k1 0.0802 k2 0.2022 
  r6[0] 0.1170 r6[1] 0.2173 r6[2] 0.2444 r6[3] 0.2393 r6[4] 0.0636 r6[5] 0.1182 
Run   4 ML -394473.482713 k0 0.0849 k1 0.0802 k2 0.2022 
  r6[0] 0.1170 r6[1] 0.2173 r6[2] 0.2444 r6[3] 0.2393 r6[4] 0.0636 r6[5] 0.1182 
Run   5 ML -394473.482713 k0 0.0849 k1 0.0802 k2 0.2022 
  r6[0] 0.1170 r6[1] 0.2173 r6[2] 0.2444 r6[3] 0.2393 r6[4] 0.0636 r6[5] 0.1182 
Run   6 ML -422542.347880 k0 0.1458 k1 0.1623 k2 0.1984 
  r6[0] 0.0447 r6[1] 0.2006 r6[2] 0.2128 r6[3] 0.2151 r6[4] 0.3016 r6[5] 0.0253 
Run   7 ML -394473.482713 k0 0.0849 k1 0.0802 k2 0.2022 
  r6[0] 0.1170 r6[1] 0.2173 r6[2] 0.2444 r6[3] 0.2393 r6[4] 0.0636 r6[5] 0.1182 
Run   8 ML -394473.482714 k0 0.0849 k1 0.0802 k2 0.2022 
  r6[0] 0.1170 r6[1] 0.2173 r6[2] 0.2444 r6[3] 0.2393 r6[4] 0.0636 r6[5] 0.1182 
Run   9 ML -394473.482713 k0 0.0849 k1 0.0802 k2 0.2022 
  r6[0] 0.1170 r6[1] 0.2173 r6[2] 0.2444 r6[3] 0.2393 r6[4] 0.0636 r6[5] 0.1182 
Run  10 ML -394473.482713 k0 0.0849 k1 0.0802 k2 0.2022 
  r6[0] 0.1170 r6[1] 0.2173 r6[2] 0.2444 r6[3] 0.2393 r6[4] 0.0636 r6[5] 0.1182 
Overall ML -394473.4827 k0 0.0849 k1 0.0802 k2 0.2022 
  r6[0] 0.1170 r6[1] 0.2173 r6[2] 0.2444 r6[3] 0.2393 r6[4] 0.0636 r6[5] 0.1182 
