File : /home/genouest/cnrs_umr6553/rdelage/results/06_est-sfs/Arabidopsis_thaliana_NC_003070.9.tsv_data_file.txt
est-sfs version 2.04
Run   1 ML -134518.560916 k0 0.6439 k1 0.1125 k2 0.1040 
  r6[0] 0.2348 r6[1] 0.1444 r6[2] 0.1837 r6[3] 0.1551 r6[4] 0.1846 r6[5] 0.0973 
Run   2 ML -134518.560916 k0 0.6439 k1 0.1125 k2 0.1040 
  r6[0] 0.2348 r6[1] 0.1444 r6[2] 0.1837 r6[3] 0.1551 r6[4] 0.1846 r6[5] 0.0973 
Run   3 ML -134518.560916 k0 0.6439 k1 0.1125 k2 0.1040 
  r6[0] 0.2348 r6[1] 0.1444 r6[2] 0.1837 r6[3] 0.1551 r6[4] 0.1846 r6[5] 0.0973 
Run   4 ML -134518.560916 k0 0.6439 k1 0.1125 k2 0.1040 
  r6[0] 0.2348 r6[1] 0.1444 r6[2] 0.1837 r6[3] 0.1551 r6[4] 0.1846 r6[5] 0.0973 
Run   5 ML -134518.560916 k0 0.6439 k1 0.1125 k2 0.1040 
  r6[0] 0.2348 r6[1] 0.1444 r6[2] 0.1837 r6[3] 0.1551 r6[4] 0.1846 r6[5] 0.0973 
Run   6 ML -134518.560916 k0 0.6439 k1 0.1125 k2 0.1040 
  r6[0] 0.2348 r6[1] 0.1444 r6[2] 0.1837 r6[3] 0.1551 r6[4] 0.1846 r6[5] 0.0973 
Run   7 ML -134518.560916 k0 0.6439 k1 0.1125 k2 0.1040 
  r6[0] 0.2348 r6[1] 0.1444 r6[2] 0.1837 r6[3] 0.1551 r6[4] 0.1846 r6[5] 0.0973 
Run   8 ML -134518.560916 k0 0.6439 k1 0.1125 k2 0.1040 
  r6[0] 0.2348 r6[1] 0.1444 r6[2] 0.1837 r6[3] 0.1551 r6[4] 0.1846 r6[5] 0.0973 
Run   9 ML -134518.560916 k0 0.6439 k1 0.1125 k2 0.1040 
  r6[0] 0.2348 r6[1] 0.1444 r6[2] 0.1837 r6[3] 0.1551 r6[4] 0.1846 r6[5] 0.0973 
Run  10 ML -134518.560916 k0 0.6439 k1 0.1125 k2 0.1040 
  r6[0] 0.2348 r6[1] 0.1444 r6[2] 0.1837 r6[3] 0.1551 r6[4] 0.1846 r6[5] 0.0973 
Overall ML -134518.5609 k0 0.6439 k1 0.1125 k2 0.1040 
  r6[0] 0.2348 r6[1] 0.1444 r6[2] 0.1837 r6[3] 0.1551 r6[4] 0.1846 r6[5] 0.0973 
File : /home/genouest/cnrs_umr6553/rdelage/results/06_est-sfs/Arabidopsis_thaliana_NC_003071.7.tsv_data_file.txt
est-sfs version 2.04
Run   1 ML -67857.901555 k0 0.6382 k1 0.1127 k2 0.1046 
  r6[0] 0.2326 r6[1] 0.1477 r6[2] 0.1783 r6[3] 0.1531 r6[4] 0.1902 r6[5] 0.0982 
Run   2 ML -67857.901555 k0 0.6382 k1 0.1127 k2 0.1046 
  r6[0] 0.2326 r6[1] 0.1477 r6[2] 0.1783 r6[3] 0.1531 r6[4] 0.1902 r6[5] 0.0982 
Run   3 ML -67857.901555 k0 0.6382 k1 0.1127 k2 0.1046 
  r6[0] 0.2326 r6[1] 0.1477 r6[2] 0.1783 r6[3] 0.1531 r6[4] 0.1902 r6[5] 0.0982 
Run   4 ML -67857.901555 k0 0.6382 k1 0.1127 k2 0.1046 
  r6[0] 0.2326 r6[1] 0.1477 r6[2] 0.1783 r6[3] 0.1531 r6[4] 0.1902 r6[5] 0.0982 
Run   5 ML -67857.901555 k0 0.6382 k1 0.1127 k2 0.1046 
  r6[0] 0.2326 r6[1] 0.1477 r6[2] 0.1783 r6[3] 0.1531 r6[4] 0.1902 r6[5] 0.0982 
Run   6 ML -67857.901555 k0 0.6382 k1 0.1127 k2 0.1046 
  r6[0] 0.2326 r6[1] 0.1477 r6[2] 0.1783 r6[3] 0.1531 r6[4] 0.1902 r6[5] 0.0982 
Run   7 ML -67857.901555 k0 0.6382 k1 0.1127 k2 0.1046 
  r6[0] 0.2326 r6[1] 0.1477 r6[2] 0.1783 r6[3] 0.1531 r6[4] 0.1902 r6[5] 0.0982 
Run   8 ML -67857.901555 k0 0.6382 k1 0.1127 k2 0.1046 
  r6[0] 0.2326 r6[1] 0.1477 r6[2] 0.1783 r6[3] 0.1531 r6[4] 0.1902 r6[5] 0.0982 
Run   9 ML -67857.901555 k0 0.6382 k1 0.1127 k2 0.1046 
  r6[0] 0.2326 r6[1] 0.1477 r6[2] 0.1783 r6[3] 0.1531 r6[4] 0.1902 r6[5] 0.0982 
Run  10 ML -67857.901555 k0 0.6382 k1 0.1127 k2 0.1046 
  r6[0] 0.2326 r6[1] 0.1477 r6[2] 0.1783 r6[3] 0.1531 r6[4] 0.1902 r6[5] 0.0982 
Overall ML -67857.9016 k0 0.6382 k1 0.1127 k2 0.1046 
  r6[0] 0.2326 r6[1] 0.1477 r6[2] 0.1783 r6[3] 0.1531 r6[4] 0.1902 r6[5] 0.0982 
File : /home/genouest/cnrs_umr6553/rdelage/results/06_est-sfs/Arabidopsis_thaliana_NC_003074.8.tsv_data_file.txt
est-sfs version 2.04
Run   1 ML -92808.751025 k0 0.6465 k1 0.1103 k2 0.1105 
  r6[0] 0.2405 r6[1] 0.1419 r6[2] 0.1846 r6[3] 0.1557 r6[4] 0.1841 r6[5] 0.0931 
Run   2 ML -92808.751025 k0 0.6465 k1 0.1103 k2 0.1105 
  r6[0] 0.2405 r6[1] 0.1419 r6[2] 0.1846 r6[3] 0.1557 r6[4] 0.1841 r6[5] 0.0931 
Run   3 ML -92808.751025 k0 0.6465 k1 0.1103 k2 0.1105 
  r6[0] 0.2405 r6[1] 0.1419 r6[2] 0.1846 r6[3] 0.1557 r6[4] 0.1841 r6[5] 0.0931 
Run   4 ML -92808.751025 k0 0.6465 k1 0.1103 k2 0.1105 
  r6[0] 0.2405 r6[1] 0.1419 r6[2] 0.1846 r6[3] 0.1557 r6[4] 0.1841 r6[5] 0.0931 
Run   5 ML -92808.751025 k0 0.6465 k1 0.1103 k2 0.1105 
  r6[0] 0.2405 r6[1] 0.1419 r6[2] 0.1846 r6[3] 0.1557 r6[4] 0.1841 r6[5] 0.0931 
Run   6 ML -92808.751025 k0 0.6465 k1 0.1103 k2 0.1105 
  r6[0] 0.2405 r6[1] 0.1419 r6[2] 0.1846 r6[3] 0.1557 r6[4] 0.1841 r6[5] 0.0931 
Run   7 ML -92808.751025 k0 0.6465 k1 0.1103 k2 0.1105 
  r6[0] 0.2405 r6[1] 0.1419 r6[2] 0.1846 r6[3] 0.1557 r6[4] 0.1841 r6[5] 0.0931 
Run   8 ML -92808.751025 k0 0.6465 k1 0.1103 k2 0.1105 
  r6[0] 0.2405 r6[1] 0.1419 r6[2] 0.1846 r6[3] 0.1557 r6[4] 0.1841 r6[5] 0.0931 
Run   9 ML -92808.751025 k0 0.6465 k1 0.1103 k2 0.1105 
  r6[0] 0.2405 r6[1] 0.1419 r6[2] 0.1846 r6[3] 0.1557 r6[4] 0.1841 r6[5] 0.0931 
Run  10 ML -92808.751025 k0 0.6465 k1 0.1103 k2 0.1105 
  r6[0] 0.2405 r6[1] 0.1419 r6[2] 0.1846 r6[3] 0.1557 r6[4] 0.1841 r6[5] 0.0931 
Overall ML -92808.7510 k0 0.6465 k1 0.1103 k2 0.1105 
  r6[0] 0.2405 r6[1] 0.1419 r6[2] 0.1846 r6[3] 0.1557 r6[4] 0.1841 r6[5] 0.0931 
File : /home/genouest/cnrs_umr6553/rdelage/results/06_est-sfs/Arabidopsis_thaliana_NC_003075.7.tsv_data_file.txt
est-sfs version 2.04
Run   1 ML -78817.147945 k0 0.6494 k1 0.1074 k2 0.1028 
  r6[0] 0.2337 r6[1] 0.1438 r6[2] 0.1844 r6[3] 0.1544 r6[4] 0.1864 r6[5] 0.0973 
Run   2 ML -78817.147945 k0 0.6494 k1 0.1074 k2 0.1028 
  r6[0] 0.2337 r6[1] 0.1438 r6[2] 0.1844 r6[3] 0.1544 r6[4] 0.1864 r6[5] 0.0973 
Run   3 ML -78817.147945 k0 0.6494 k1 0.1074 k2 0.1028 
  r6[0] 0.2337 r6[1] 0.1438 r6[2] 0.1844 r6[3] 0.1544 r6[4] 0.1864 r6[5] 0.0973 
Run   4 ML -78817.147945 k0 0.6494 k1 0.1074 k2 0.1028 
  r6[0] 0.2337 r6[1] 0.1438 r6[2] 0.1844 r6[3] 0.1544 r6[4] 0.1864 r6[5] 0.0973 
Run   5 ML -78817.147945 k0 0.6494 k1 0.1074 k2 0.1028 
  r6[0] 0.2337 r6[1] 0.1438 r6[2] 0.1844 r6[3] 0.1544 r6[4] 0.1864 r6[5] 0.0973 
Run   6 ML -78817.147945 k0 0.6494 k1 0.1074 k2 0.1028 
  r6[0] 0.2337 r6[1] 0.1438 r6[2] 0.1844 r6[3] 0.1544 r6[4] 0.1864 r6[5] 0.0973 
Run   7 ML -78817.147945 k0 0.6494 k1 0.1074 k2 0.1028 
  r6[0] 0.2337 r6[1] 0.1438 r6[2] 0.1844 r6[3] 0.1544 r6[4] 0.1864 r6[5] 0.0973 
Run   8 ML -83863.225721 k0 0.6386 k1 0.1541 k2 0.1368 
  r6[0] 0.0155 r6[1] 0.2644 r6[2] 0.3059 r6[3] 0.0233 r6[4] 0.3813 r6[5] 0.0096 
Run   9 ML -78817.147945 k0 0.6494 k1 0.1074 k2 0.1028 
  r6[0] 0.2337 r6[1] 0.1438 r6[2] 0.1844 r6[3] 0.1544 r6[4] 0.1864 r6[5] 0.0973 
Run  10 ML -78817.147945 k0 0.6494 k1 0.1074 k2 0.1028 
  r6[0] 0.2337 r6[1] 0.1438 r6[2] 0.1844 r6[3] 0.1544 r6[4] 0.1864 r6[5] 0.0973 
Overall ML -78817.1479 k0 0.6494 k1 0.1074 k2 0.1028 
  r6[0] 0.2337 r6[1] 0.1438 r6[2] 0.1844 r6[3] 0.1544 r6[4] 0.1864 r6[5] 0.0973 
File : /home/genouest/cnrs_umr6553/rdelage/results/06_est-sfs/Arabidopsis_thaliana_NC_003076.8.tsv_data_file.txt
est-sfs version 2.04
Run   1 ML -118100.642060 k0 0.6688 k1 0.1085 k2 0.1091 
  r6[0] 0.2313 r6[1] 0.1459 r6[2] 0.1847 r6[3] 0.1584 r6[4] 0.1804 r6[5] 0.0994 
Run   2 ML -118100.642060 k0 0.6688 k1 0.1085 k2 0.1091 
  r6[0] 0.2313 r6[1] 0.1459 r6[2] 0.1847 r6[3] 0.1584 r6[4] 0.1804 r6[5] 0.0994 
Run   3 ML -118100.642060 k0 0.6688 k1 0.1085 k2 0.1091 
  r6[0] 0.2313 r6[1] 0.1459 r6[2] 0.1847 r6[3] 0.1584 r6[4] 0.1804 r6[5] 0.0994 
Run   4 ML -118100.642060 k0 0.6688 k1 0.1085 k2 0.1091 
  r6[0] 0.2313 r6[1] 0.1459 r6[2] 0.1847 r6[3] 0.1584 r6[4] 0.1804 r6[5] 0.0994 
Run   5 ML -118100.642060 k0 0.6688 k1 0.1085 k2 0.1091 
  r6[0] 0.2313 r6[1] 0.1459 r6[2] 0.1847 r6[3] 0.1584 r6[4] 0.1804 r6[5] 0.0994 
Run   6 ML -118100.642060 k0 0.6688 k1 0.1085 k2 0.1091 
  r6[0] 0.2313 r6[1] 0.1459 r6[2] 0.1847 r6[3] 0.1584 r6[4] 0.1804 r6[5] 0.0994 
Run   7 ML -118100.642060 k0 0.6688 k1 0.1085 k2 0.1091 
  r6[0] 0.2313 r6[1] 0.1459 r6[2] 0.1847 r6[3] 0.1584 r6[4] 0.1804 r6[5] 0.0994 
Run   8 ML -118100.642060 k0 0.6688 k1 0.1085 k2 0.1091 
  r6[0] 0.2313 r6[1] 0.1459 r6[2] 0.1847 r6[3] 0.1584 r6[4] 0.1804 r6[5] 0.0994 
Run   9 ML -118100.642060 k0 0.6688 k1 0.1085 k2 0.1091 
  r6[0] 0.2313 r6[1] 0.1459 r6[2] 0.1847 r6[3] 0.1584 r6[4] 0.1804 r6[5] 0.0994 
Run  10 ML -118100.642060 k0 0.6688 k1 0.1085 k2 0.1091 
  r6[0] 0.2313 r6[1] 0.1459 r6[2] 0.1847 r6[3] 0.1584 r6[4] 0.1804 r6[5] 0.0994 
Overall ML -118100.6421 k0 0.6688 k1 0.1085 k2 0.1091 
  r6[0] 0.2313 r6[1] 0.1459 r6[2] 0.1847 r6[3] 0.1584 r6[4] 0.1804 r6[5] 0.0994 
