est-sfs version 2.04
Run   1 ML -448715.800742 k0 0.6546 k1 0.1108 k2 0.1065 
  r6[0] 0.2312 r6[1] 0.1458 r6[2] 0.1838 r6[3] 0.1574 r6[4] 0.1837 r6[5] 0.0981 
Run   2 ML -448715.800742 k0 0.6546 k1 0.1108 k2 0.1065 
  r6[0] 0.2312 r6[1] 0.1458 r6[2] 0.1838 r6[3] 0.1574 r6[4] 0.1837 r6[5] 0.0981 
Run   3 ML -448715.800742 k0 0.6546 k1 0.1108 k2 0.1065 
  r6[0] 0.2312 r6[1] 0.1458 r6[2] 0.1838 r6[3] 0.1574 r6[4] 0.1837 r6[5] 0.0981 
Run   4 ML -448715.800742 k0 0.6546 k1 0.1108 k2 0.1065 
  r6[0] 0.2312 r6[1] 0.1458 r6[2] 0.1838 r6[3] 0.1574 r6[4] 0.1837 r6[5] 0.0981 
Run   5 ML -448715.800742 k0 0.6546 k1 0.1108 k2 0.1065 
  r6[0] 0.2312 r6[1] 0.1458 r6[2] 0.1838 r6[3] 0.1574 r6[4] 0.1837 r6[5] 0.0981 
Run   6 ML -448715.800742 k0 0.6546 k1 0.1108 k2 0.1065 
  r6[0] 0.2312 r6[1] 0.1458 r6[2] 0.1838 r6[3] 0.1574 r6[4] 0.1837 r6[5] 0.0981 
Run   7 ML -448715.800742 k0 0.6546 k1 0.1108 k2 0.1065 
  r6[0] 0.2312 r6[1] 0.1458 r6[2] 0.1838 r6[3] 0.1574 r6[4] 0.1837 r6[5] 0.0981 
Run   8 ML -448715.800742 k0 0.6546 k1 0.1108 k2 0.1065 
  r6[0] 0.2312 r6[1] 0.1458 r6[2] 0.1838 r6[3] 0.1574 r6[4] 0.1837 r6[5] 0.0981 
Run   9 ML -448715.800742 k0 0.6546 k1 0.1108 k2 0.1065 
  r6[0] 0.2312 r6[1] 0.1458 r6[2] 0.1838 r6[3] 0.1574 r6[4] 0.1837 r6[5] 0.0981 
Run  10 ML -448715.800742 k0 0.6546 k1 0.1108 k2 0.1065 
  r6[0] 0.2312 r6[1] 0.1458 r6[2] 0.1838 r6[3] 0.1574 r6[4] 0.1837 r6[5] 0.0981 
Overall ML -448715.8007 k0 0.6546 k1 0.1108 k2 0.1065 
  r6[0] 0.2312 r6[1] 0.1458 r6[2] 0.1838 r6[3] 0.1574 r6[4] 0.1837 r6[5] 0.0981 
