
VCFtools - 0.1.16
(C) Adam Auton and Anthony Marcketta 2009

Parameters as interpreted:
	--gzvcf /home/genouest/cnrs_umr6553/rdelage/data/Populus_tremula_Liu2022.pop_sfs.no_indels.recode.vcf.gz
	--counts
	--out /home/genouest/cnrs_umr6553/rdelage/results/vcftools/Populus_tremula_snp_vcf

Using zlib version: 1.2.11
Warning: Expected at least 2 parts in FORMAT entry: ID=RGQ,Number=1,Type=Integer,Description="Unconditional reference genotype confidence, encoded as a phred quality -10*log10 p(genotype call is wrong)">
Warning: Expected at least 2 parts in INFO entry: ID=AC,Number=A,Type=Integer,Description="Allele count in genotypes, for each ALT allele, in the same order as listed">
Warning: Expected at least 2 parts in INFO entry: ID=AC,Number=A,Type=Integer,Description="Allele count in genotypes, for each ALT allele, in the same order as listed">
Warning: Expected at least 2 parts in INFO entry: ID=AF,Number=A,Type=Float,Description="Allele Frequency, for each ALT allele, in the same order as listed">
Warning: Expected at least 2 parts in INFO entry: ID=AF,Number=A,Type=Float,Description="Allele Frequency, for each ALT allele, in the same order as listed">
After filtering, kept 36 out of 36 Individuals
Outputting Frequency Statistics...
After filtering, kept 8966513 out of a possible 8966513 Sites
Run Time = 481.00 seconds

VCFtools - 0.1.16
(C) Adam Auton and Anthony Marcketta 2009

Parameters as interpreted:
	--gzvcf /home/genouest/cnrs_umr6553/rdelage/data/Populus_tremula_Liu2022.pop_sfs.no_indels.recode.vcf.gz
	--freq
	--out /home/genouest/cnrs_umr6553/rdelage/results/vcftools/Populus_tremula_freq

Using zlib version: 1.2.11
Warning: Expected at least 2 parts in FORMAT entry: ID=RGQ,Number=1,Type=Integer,Description="Unconditional reference genotype confidence, encoded as a phred quality -10*log10 p(genotype call is wrong)">
Warning: Expected at least 2 parts in INFO entry: ID=AC,Number=A,Type=Integer,Description="Allele count in genotypes, for each ALT allele, in the same order as listed">
Warning: Expected at least 2 parts in INFO entry: ID=AC,Number=A,Type=Integer,Description="Allele count in genotypes, for each ALT allele, in the same order as listed">
Warning: Expected at least 2 parts in INFO entry: ID=AF,Number=A,Type=Float,Description="Allele Frequency, for each ALT allele, in the same order as listed">
Warning: Expected at least 2 parts in INFO entry: ID=AF,Number=A,Type=Float,Description="Allele Frequency, for each ALT allele, in the same order as listed">
After filtering, kept 36 out of 36 Individuals
Outputting Frequency Statistics...
After filtering, kept 8966513 out of a possible 8966513 Sites
Run Time = 488.00 seconds
